14:48:25 **** Incremental Build of configuration Debug for project 03-21Static ****
make all 
Building file: ../src/03-21Static.cpp
Invoking: GCC C++ Compiler
g++ -O0 -g3 -Wall -c -fmessage-length=0 -MMD -MP -MF"src/03-21Static.d" -MT"src/03-21Static.o" -o "src/03-21Static.o" "../src/03-21Static.cpp"
Finished building: ../src/03-21Static.cpp
 
Building file: ../src/Functions.cpp
Invoking: GCC C++ Compiler
g++ -O0 -g3 -Wall -c -fmessage-length=0 -MMD -MP -MF"src/Functions.d" -MT"src/Functions.o" -o "src/Functions.o" "../src/Functions.cpp"
../src/Functions.cpp:13:12: warning: ‘myVar’ defined but not used [-Wunused-variable]
 static int myVar; //this variable can be used by any function in this .cpp file .
            ^
../src/Functions.cpp:28:12: warning: ‘int Func2()’ defined but not used [-Wunused-function]
 static int Func2 (){  //static here means this function can only be called in this cpp. file.
            ^
Finished building: ../src/Functions.cpp
 
Building file: ../src/MyClass.cpp
Invoking: GCC C++ Compiler
g++ -O0 -g3 -Wall -c -fmessage-length=0 -MMD -MP -MF"src/MyClass.d" -MT"src/MyClass.o" -o "src/MyClass.o" "../src/MyClass.cpp"
Finished building: ../src/MyClass.cpp
 
Building target: 03-21Static
Invoking: GCC C++ Linker
g++  -o "03-21Static"  ./src/03-21Static.o ./src/Functions.o ./src/MyClass.o   
Finished building target: 03-21Static
 
14:42:27 **** Incremental Build of configuration Debug for project (10-19) Pointers ****
make all 
Building file: ../src/(10-19) Pointers.cpp
Invoking: GCC C++ Compiler
g++ -O0 -g3 -Wall -c -fmessage-length=0 -MMD -MP -MF"src/(10-19) Pointers.d" -MT"src/(10-19)\ Pointers.d" -o "src/(10-19) Pointers.o" "../src/(10-19) Pointers.cpp"
../src/(10-19) Pointers.cpp: In function ‘int main()’:
../src/(10-19) Pointers.cpp:44:37: error: cast from ‘int*’ to ‘int’ loses precision [-fpermissive]
     cout << "pInt now has " << (int)pInt << endl;  // prints the same address.
                                     ^
../src/(10-19) Pointers.cpp:46:39: error: cast from ‘int*’ to ‘int’ loses precision [-fpermissive]
     cout << "pInt contains " << (int) pInt << " and now points to " << *pInt << endl; // prints points to the -1 in our array.
                                       ^
../src/(10-19) Pointers.cpp:48:39: error: cast from ‘int*’ to ‘int’ loses precision [-fpermissive]
     cout << "pInt contains " << (int) pInt << " and now points to " << *pInt << endl; //points to -2 in our array A.
                                       ^
../src/(10-19) Pointers.cpp:51:38: error: cast from ‘int*’ to ‘int’ loses precision [-fpermissive]
    cout << "pInt contains " << (int) pInt << " and now points to " << *pInt << endl;
                                      ^
../src/(10-19) Pointers.cpp:55:38: error: cast from ‘int*’ to ‘int’ loses precision [-fpermissive]
    cout << "pInt contains " << (int) pInt << " and now points to " << *pInt << endl;
                                      ^
../src/(10-19) Pointers.cpp:15:8: warning: unused variable ‘pChar’ [-Wunused-variable]
  char* pChar; //the space between the data type and * is optional
        ^
make: *** [src/(10-19) Pointers.o] Error 1
14:42:32 **** Incremental Build of configuration Debug for project (10-19) TwoDArrays ****
make all 
Building target: (10-19) TwoDArrays
Invoking: GCC C++ Linker
g++  -o "(10-19) TwoDArrays"  ./src/(10-19)\ TwoDArrays.o   
/bin/sh: 1: Syntax error: "(" unexpected
make: *** [(10-19) TwoDArrays] Error 2
14:42:32 **** Incremental Build of configuration Debug for project (10-21) Dynamic Memory ****
make all 
Building file: ../src/(10-21) Dynamic Memory.cpp
Invoking: GCC C++ Compiler
g++ -O0 -g3 -Wall -c -fmessage-length=0 -MMD -MP -MF"src/(10-21) Dynamic Memory.d" -MT"src/(10-21)\ Dynamic\ Memory.d" -o "src/(10-21) Dynamic Memory.o" "../src/(10-21) Dynamic Memory.cpp"
../src/(10-21) Dynamic Memory.cpp: In function ‘int main()’:
../src/(10-21) Dynamic Memory.cpp:56:3: error: a function-definition is not allowed here before ‘{’ token
   {
   ^
../src/(10-21) Dynamic Memory.cpp:69:3: error: a function-definition is not allowed here before ‘{’ token
   {
   ^
../src/(10-21) Dynamic Memory.cpp:83:4: error: a function-definition is not allowed here before ‘{’ token
    {
    ^
../src/(10-21) Dynamic Memory.cpp:98:3: error: a function-definition is not allowed here before ‘{’ token
   {
   ^
../src/(10-21) Dynamic Memory.cpp:113:1: error: expected ‘}’ at end of input
 }
 ^
make: *** [src/(10-21) Dynamic Memory.o] Error 1
14:42:33 **** Incremental Build of configuration Debug for project (10-26)Array of Pointers ****
make all 
Building target: (10-26)Array of Pointers
Invoking: GCC C++ Linker
g++  -o "(10-26)Array of Pointers"  ./src/(10-26)Array\ of\ Pointers.o   
/bin/sh: 1: Syntax error: "(" unexpected
make: *** [(10-26)Array of Pointers] Error 2
14:42:33 **** Incremental Build of configuration Debug for project (10-26)BinarySearch ****
make all 
Building target: (10-26)BinarySearch
Invoking: GCC C++ Linker
g++  -o "(10-26)BinarySearch"  ./src/(10-26)BinarySearch.o ./src/BinarySFunc.o   
/bin/sh: 1: Syntax error: "(" unexpected
make: *** [(10-26)BinarySearch] Error 2
14:42:34 **** Incremental Build of configuration Debug for project (10-28) Structures (Cards) ****
make all 
Building target: lib
/bin/sh: 1: Syntax error: "(" unexpected
make: *** [lib(10-28) Structures (Cards)] Error 2
Invoking: GCC C++ Linker
g++ -shared -o "lib(10-28) Structures (Cards)"  ./src/(10-28)\ Structures\ (Cards).o ./src/Card.o   
14:42:34 **** Incremental Build of configuration Debug for project (11-04) Dynamic Array of Names ****
make all 
Building file: ../src/(11-04) Dynamic Array of Names.cpp
Invoking: GCC C++ Compiler
g++ -O0 -g3 -Wall -c -fmessage-length=0 -MMD -MP -MF"src/(11-04) Dynamic Array of Names.d" -MT"src/(11-04)\ Dynamic\ Array\ of\ Names.d" -o "src/(11-04) Dynamic Array of Names.o" "../src/(11-04) Dynamic Array of Names.cpp"
../src/(11-04) Dynamic Array of Names.cpp: In function ‘int main()’:
../src/(11-04) Dynamic Array of Names.cpp:25:11: warning: unused variable ‘Temp’ [-Wunused-variable]
  char  ** Temp;
           ^
../src/(11-04) Dynamic Array of Names.cpp: In function ‘void Func1(char**, int)’:
../src/(11-04) Dynamic Array of Names.cpp:54:10: error: ‘pNames’ was not declared in this scope
  strcmp (pNames [0], pNames [1]);
          ^
../src/(11-04) Dynamic Array of Names.cpp: In function ‘int Search(char**, char*, int)’:
../src/(11-04) Dynamic Array of Names.cpp:61:26: warning: statement has no effect [-Wunused-value]
  strcmp (pNames [0], Name);
                          ^
../src/(11-04) Dynamic Array of Names.cpp:62:1: warning: no return statement in function returning non-void [-Wreturn-type]
 }
 ^
make: *** [src/(11-04) Dynamic Array of Names.o] Error 1
14:42:35 **** Incremental Build of configuration Debug for project (11-09) AirProject ****
make all 
Building file: ../src/(11-09) AirProject.cpp
Invoking: GCC C++ Compiler
g++ -O0 -g3 -Wall -c -fmessage-length=0 -MMD -MP -MF"src/(11-09) AirProject.d" -MT"src/(11-09)\ AirProject.d" -o "src/(11-09) AirProject.o" "../src/(11-09) AirProject.cpp"
../src/(11-09) AirProject.cpp: In function ‘int main()’:
../src/(11-09) AirProject.cpp:33:20: error: ‘ReadInt’ was not declared in this scope
    Size = ReadInt ();
                    ^
../src/(11-09) AirProject.cpp:72:23: error: ‘ReadString’ was not declared in this scope
     Size = ReadString();
                       ^
../src/(11-09) AirProject.cpp:93:21: error: expected primary-expression before ‘;’ token
      delete [] Party;
                     ^
make: *** [src/(11-09) AirProject.o] Error 1
14:42:35 **** Incremental Build of configuration Debug for project (11-11) Recursion ****
make all 
Building target: (11-11) Recursion
Invoking: GCC C++ Linker
g++  -o "(11-11) Recursion"  ./src/(11-11)\ Recursion.o   
/bin/sh: 1: Syntax error: "(" unexpected
make: *** [(11-11) Recursion] Error 2
14:42:35 **** Incremental Build of configuration Debug for project (11-16) Bitwise Operators ****
make all 
Building target: (11-16) Bitwise Operators
Invoking: GCC C++ Linker
g++  -o "(11-16) Bitwise Operators"  ./src/(11-16)\ Bitwise\ Operators.o   
/bin/sh: 1: Syntax error: "(" unexpected
make: *** [(11-16) Bitwise Operators] Error 2
14:42:36 **** Incremental Build of configuration Debug for project (20-21) ReadString ****
make all 
Building target: (20-21) ReadString
Invoking: GCC C++ Linker
g++  -o "(20-21) ReadString"  ./src/(20-21)\ ReadString.o ./src/ReadString.o   
/bin/sh: 1: Syntax error: "(" unexpected
make: *** [(20-21) ReadString] Error 2
14:42:36 **** Incremental Build of configuration Debug for project 01-25myStringConstructors ****
make all 
make: Nothing to be done for `all'.
14:42:36 **** Incremental Build of configuration Debug for project 02-03 IntArray ****
make all 
make: Nothing to be done for `all'.
14:42:36 **** Incremental Build of configuration Debug for project 03-21Static ****
make all 
make: Nothing to be done for `all'.
14:42:37 **** Incremental Build of configuration Debug for project 03-23ReadfromFile ****
make all 
make: Nothing to be done for `all'.
14:42:37 **** Incremental Build of configuration Default for project 03-28CommaDelimitedStrings ****
make all 
make: Nothing to be done for `all'.
14:42:37 **** Incremental Build of configuration Debug for project 03-30 IO Operations ****
make all 
make: Nothing to be done for `all'.
14:42:37 **** Incremental Build of configuration Debug for project 03-30Average ****
make all 
Building file: ../src/03-30Average.cpp
Invoking: GCC C++ Compiler
g++ -O0 -g3 -Wall -c -fmessage-length=0 -MMD -MP -MF"src/03-30Average.d" -MT"src/03-30Average.o" -o "src/03-30Average.o" "../src/03-30Average.cpp"
Finished building: ../src/03-30Average.cpp
 
Building target: 03-30Average
Invoking: GCC C++ Linker
g++  -o "03-30Average"  ./src/03-30Average.o   
Finished building target: 03-30Average
 
14:42:38 **** Incremental Build of configuration Debug for project 03-30MainArguments ****
make all 
Building file: ../src/03-30MainArguments.cpp
Invoking: GCC C++ Compiler
g++ -O0 -g3 -Wall -c -fmessage-length=0 -MMD -MP -MF"src/03-30MainArguments.d" -MT"src/03-30MainArguments.o" -o "src/03-30MainArguments.o" "../src/03-30MainArguments.cpp"
Finished building: ../src/03-30MainArguments.cpp
 
Building target: 03-30MainArguments
Invoking: GCC C++ Linker
g++  -o "03-30MainArguments"  ./src/03-30MainArguments.o   
Finished building target: 03-30MainArguments
 
14:42:39 **** Incremental Build of configuration Debug for project 09-09Arrays ****
make all 
make: Nothing to be done for `all'.
14:42:39 **** Incremental Build of configuration Debug for project 09-16MoreCharArrays ****
make all 
make: Nothing to be done for `all'.
14:42:39 **** Incremental Build of configuration Debug for project 09-23 ReadInt Function ****
make all 
make: Nothing to be done for `all'.
14:42:40 **** Incremental Build of configuration Debug for project 09-30 Functions with Arrays ****
make all 
Building file: ../src/Main.cpp
Invoking: GCC C++ Compiler
g++ -O0 -g3 -Wall -c -fmessage-length=0 -MMD -MP -MF"src/Main.d" -MT"src/Main.o" -o "src/Main.o" "../src/Main.cpp"
../src/Main.cpp: In function ‘int main()’:
../src/Main.cpp:20:79: error: ‘CountCharacters’ was not declared in this scope
  cout << "Number of characters in " << Str1 << " is " << CountCharacters (Str1) << endl;
                                                                               ^
../src/Main.cpp:17:7: warning: unused variable ‘ValidOperators’ [-Wunused-variable]
  char ValidOperators [] = "+-*/XxCc";
       ^
../src/Main.cpp:18:8: warning: unused variable ‘Op’ [-Wunused-variable]
  char  Op;
        ^
make: *** [src/Main.o] Error 1
14:42:40 **** Incremental Build of configuration Debug for project 10-05 Dice ****
make all 
make: Nothing to be done for `all'.
14:42:40 **** Incremental Build of configuration Debug for project 10-14 Sinking Sort ****
make all 
make: Nothing to be done for `all'.
14:42:41 **** Incremental Build of configuration Debug for project 10-5 MidTermReview ****
make all 
Building file: ../src/10-5 MidTermReview.cpp
Invoking: GCC C++ Compiler
g++ -O0 -g3 -Wall -c -fmessage-length=0 -MMD -MP -MF"src/10-5 MidTermReview.d" -MT"src/10-5\ MidTermReview.d" -o "src/10-5 MidTermReview.o" "../src/10-5 MidTermReview.cpp"
../src/10-5 MidTermReview.cpp:37:1: error: expected unqualified-id before ‘for’
 for (int i = 0; i < 10; i += 2)
 ^
../src/10-5 MidTermReview.cpp:37:17: error: ‘i’ does not name a type
 for (int i = 0; i < 10; i += 2)
                 ^
../src/10-5 MidTermReview.cpp:37:25: error: ‘i’ does not name a type
 for (int i = 0; i < 10; i += 2)
                         ^
../src/10-5 MidTermReview.cpp:49:1: error: ‘a’ does not name a type
 a = 7;
 ^
../src/10-5 MidTermReview.cpp:50:1: error: ‘b’ does not name a type
 b = 3;
 ^
../src/10-5 MidTermReview.cpp:51:1: error: ‘c’ does not name a type
 c = (a + 4.0) / (b - 1) + 0.4;
 ^
../src/10-5 MidTermReview.cpp:52:1: error: ‘cout’ does not name a type
 cout << "the result is: " << c << endl:
 ^
../src/10-5 MidTermReview.cpp:62:6: error: expected unqualified-id before ‘for’
      for (i = 100; i <= 200; i++)
      ^
../src/10-5 MidTermReview.cpp:62:20: error: ‘i’ does not name a type
      for (i = 100; i <= 200; i++)
                    ^
../src/10-5 MidTermReview.cpp:62:30: error: ‘i’ does not name a type
      for (i = 100; i <= 200; i++)
                              ^
../src/10-5 MidTermReview.cpp:75:5: error: expected unqualified-id before ‘do’
     do {
     ^
../src/10-5 MidTermReview.cpp:83:8: error: expected unqualified-id before ‘while’
      } while (A != 'x')
        ^
In file included from /usr/include/c++/4.8/iosfwd:40:0,
                 from /usr/include/c++/4.8/ios:38,
                 from /usr/include/c++/4.8/ostream:38,
                 from /usr/include/c++/4.8/iostream:39,
                 from ../src/10-5 MidTermReview.cpp:89:
/usr/include/c++/4.8/bits/postypes.h:98:11: error: ‘ptrdiff_t’ does not name a type
   typedef ptrdiff_t streamsize; // Signed integral type
           ^
In file included from /usr/include/c++/4.8/bits/stl_algobase.h:65:0,
                 from /usr/include/c++/4.8/bits/char_traits.h:39,
                 from /usr/include/c++/4.8/ios:40,
                 from /usr/include/c++/4.8/ostream:38,
                 from /usr/include/c++/4.8/iostream:39,
                 from ../src/10-5 MidTermReview.cpp:89:
/usr/include/c++/4.8/bits/stl_iterator_base_types.h:116:67: error: expected type-specifier before ‘ptrdiff_t’
   template<typename _Category, typename _Tp, typename _Distance = ptrdiff_t,
                                                                   ^
/usr/include/c++/4.8/bits/stl_iterator_base_types.h:116:67: error: expected ‘>’ before ‘ptrdiff_t’
/usr/include/c++/4.8/bits/stl_iterator_base_types.h:127:15: error: ‘_Pointer’ does not name a type
       typedef _Pointer   pointer;
               ^
/usr/include/c++/4.8/bits/stl_iterator_base_types.h:129:15: error: ‘_Reference’ does not name a type
       typedef _Reference reference;
               ^
/usr/include/c++/4.8/bits/stl_iterator_base_types.h:179:15: error: ‘ptrdiff_t’ does not name a type
       typedef ptrdiff_t                   difference_type;
               ^
/usr/include/c++/4.8/bits/stl_iterator_base_types.h:190:15: error: ‘ptrdiff_t’ does not name a type
       typedef ptrdiff_t                   difference_type;
               ^
In file included from /usr/include/c++/4.8/bits/stl_algobase.h:67:0,
                 from /usr/include/c++/4.8/bits/char_traits.h:39,
                 from /usr/include/c++/4.8/ios:40,
                 from /usr/include/c++/4.8/ostream:38,
                 from /usr/include/c++/4.8/iostream:39,
                 from ../src/10-5 MidTermReview.cpp:89:
/usr/include/c++/4.8/bits/stl_iterator.h:101:69: error: wrong number of template arguments (5, should be 3)
                       typename iterator_traits<_Iterator>::reference>
                                                                     ^
In file included from /usr/include/c++/4.8/bits/stl_algobase.h:65:0,
                 from /usr/include/c++/4.8/bits/char_traits.h:39,
                 from /usr/include/c++/4.8/ios:40,
                 from /usr/include/c++/4.8/ostream:38,
                 from /usr/include/c++/4.8/iostream:39,
                 from ../src/10-5 MidTermReview.cpp:89:
/usr/include/c++/4.8/bits/stl_iterator_base_types.h:118:12: error: provided for ‘template<class _Category, class _Tp, class _Distance> struct std::iterator’
     struct iterator
            ^
In file included from /usr/include/c++/4.8/bits/stl_algobase.h:67:0,
                 from /usr/include/c++/4.8/bits/char_traits.h:39,
                 from /usr/include/c++/4.8/ios:40,
                 from /usr/include/c++/4.8/ostream:38,
                 from /usr/include/c++/4.8/iostream:39,
                 from ../src/10-5 MidTermReview.cpp:89:
/usr/include/c++/4.8/bits/stl_iterator.h:403:66: error: wrong number of template arguments (5, should be 3)
     : public iterator<output_iterator_tag, void, void, void, void>
                                                                  ^
In file included from /usr/include/c++/4.8/bits/stl_algobase.h:65:0,
                 from /usr/include/c++/4.8/bits/char_traits.h:39,
                 from /usr/include/c++/4.8/ios:40,
                 from /usr/include/c++/4.8/ostream:38,
                 from /usr/include/c++/4.8/iostream:39,
                 from ../src/10-5 MidTermReview.cpp:89:
/usr/include/c++/4.8/bits/stl_iterator_base_types.h:118:12: error: provided for ‘template<class _Category, class _Tp, class _Distance> struct std::iterator’
     struct iterator
            ^
In file included from /usr/include/c++/4.8/bits/stl_algobase.h:67:0,
                 from /usr/include/c++/4.8/bits/char_traits.h:39,
                 from /usr/include/c++/4.8/ios:40,
                 from /usr/include/c++/4.8/ostream:38,
                 from /usr/include/c++/4.8/iostream:39,
                 from ../src/10-5 MidTermReview.cpp:89:
/usr/include/c++/4.8/bits/stl_iterator.h:494:66: error: wrong number of template arguments (5, should be 3)
     : public iterator<output_iterator_tag, void, void, void, void>
                                                                  ^
In file included from /usr/include/c++/4.8/bits/stl_algobase.h:65:0,
                 from /usr/include/c++/4.8/bits/char_traits.h:39,
                 from /usr/include/c++/4.8/ios:40,
                 from /usr/include/c++/4.8/ostream:38,
                 from /usr/include/c++/4.8/iostream:39,
                 from ../src/10-5 MidTermReview.cpp:89:
/usr/include/c++/4.8/bits/stl_iterator_base_types.h:118:12: error: provided for ‘template<class _Category, class _Tp, class _Distance> struct std::iterator’
     struct iterator
            ^
In file included from /usr/include/c++/4.8/bits/stl_algobase.h:67:0,
                 from /usr/include/c++/4.8/bits/char_traits.h:39,
                 from /usr/include/c++/4.8/ios:40,
                 from /usr/include/c++/4.8/ostream:38,
                 from /usr/include/c++/4.8/iostream:39,
                 from ../src/10-5 MidTermReview.cpp:89:
/usr/include/c++/4.8/bits/stl_iterator.h:588:66: error: wrong number of template arguments (5, should be 3)
     : public iterator<output_iterator_tag, void, void, void, void>
                                                                  ^
In file included from /usr/include/c++/4.8/bits/stl_algobase.h:65:0,
                 from /usr/include/c++/4.8/bits/char_traits.h:39,
                 from /usr/include/c++/4.8/ios:40,
                 from /usr/include/c++/4.8/ostream:38,
                 from /usr/include/c++/4.8/iostream:39,
                 from ../src/10-5 MidTermReview.cpp:89:
/usr/include/c++/4.8/bits/stl_iterator_base_types.h:118:12: error: provided for ‘template<class _Category, class _Tp, class _Distance> struct std::iterator’
     struct iterator
            ^
In file included from /usr/include/c++/4.8/bits/char_traits.h:39:0,
                 from /usr/include/c++/4.8/ios:40,
                 from /usr/include/c++/4.8/ostream:38,
                 from /usr/include/c++/4.8/iostream:39,
                 from ../src/10-5 MidTermReview.cpp:89:
/usr/include/c++/4.8/bits/stl_algobase.h: In static member function ‘static _Tp* std::__copy_move<_IsMove, true, std::random_access_iterator_tag>::__copy_m(const _Tp*, const _Tp*, _Tp*)’:
/usr/include/c++/4.8/bits/stl_algobase.h:370:10: error: ‘ptrdiff_t’ does not name a type
    const ptrdiff_t _Num = __last - __first;
          ^
/usr/include/c++/4.8/bits/stl_algobase.h:371:8: error: ‘_Num’ was not declared in this scope
    if (_Num)
        ^
/usr/include/c++/4.8/bits/stl_algobase.h:373:22: error: ‘_Num’ was not declared in this scope
    return __result + _Num;
                      ^
/usr/include/c++/4.8/bits/stl_algobase.h: In static member function ‘static _Tp* std::__copy_move_backward<_IsMove, true, std::random_access_iterator_tag>::__copy_move_b(const _Tp*, const _Tp*, _Tp*)’:
/usr/include/c++/4.8/bits/stl_algobase.h:565:10: error: ‘ptrdiff_t’ does not name a type
    const ptrdiff_t _Num = __last - __first;
          ^
/usr/include/c++/4.8/bits/stl_algobase.h:566:8: error: ‘_Num’ was not declared in this scope
    if (_Num)
        ^
/usr/include/c++/4.8/bits/stl_algobase.h:568:22: error: ‘_Num’ was not declared in this scope
    return __result - _Num;
                      ^
In file included from /usr/include/c++/4.8/ios:40:0,
                 from /usr/include/c++/4.8/ostream:38,
                 from /usr/include/c++/4.8/iostream:39,
                 from ../src/10-5 MidTermReview.cpp:89:
/usr/include/c++/4.8/bits/char_traits.h: At global scope:
/usr/include/c++/4.8/bits/char_traits.h:104:66: error: ‘std::size_t’ has not been declared
       compare(const char_type* __s1, const char_type* __s2, std::size_t __n);
                                                                  ^
/usr/include/c++/4.8/bits/char_traits.h:106:14: error: ‘size_t’ in namespace ‘std’ does not name a type
       static std::size_t
              ^
/usr/include/c++/4.8/bits/char_traits.h:110:39: error: ‘std::size_t’ has not been declared
       find(const char_type* __s, std::size_t __n, const char_type& __a);
                                       ^
/usr/include/c++/4.8/bits/char_traits.h:113:57: error: ‘std::size_t’ has not been declared
       move(char_type* __s1, const char_type* __s2, std::size_t __n);
                                                         ^
/usr/include/c++/4.8/bits/char_traits.h:116:57: error: ‘std::size_t’ has not been declared
       copy(char_type* __s1, const char_type* __s2, std::size_t __n);
                                                         ^
/usr/include/c++/4.8/bits/char_traits.h:119:35: error: ‘std::size_t’ has not been declared
       assign(char_type* __s, std::size_t __n, char_type __a);
                                   ^
/usr/include/c++/4.8/bits/char_traits.h:145:64: error: ‘std::size_t’ has not been declared
     compare(const char_type* __s1, const char_type* __s2, std::size_t __n)
                                                                ^
/usr/include/c++/4.8/bits/char_traits.h: In static member function ‘static int __gnu_cxx::char_traits<_CharT>::compare(const char_type*, const char_type*, int)’:
/usr/include/c++/4.8/bits/char_traits.h:147:12: error: ‘size_t’ is not a member of ‘std’
       for (std::size_t __i = 0; __i < __n; ++__i)
            ^
/usr/include/c++/4.8/bits/char_traits.h:147:12: note: suggested alternative:
In file included from /usr/include/wchar.h:51:0,
                 from /usr/include/c++/4.8/cwchar:44,
                 from /usr/include/c++/4.8/bits/postypes.h:40,
                 from /usr/include/c++/4.8/iosfwd:40,
                 from /usr/include/c++/4.8/ios:38,
                 from /usr/include/c++/4.8/ostream:38,
                 from /usr/include/c++/4.8/iostream:39,
                 from ../src/10-5 MidTermReview.cpp:89:
/usr/lib/gcc/x86_64-linux-gnu/4.8/include/stddef.h:212:23: note:   ‘size_t’
 typedef __SIZE_TYPE__ size_t;
                       ^
In file included from /usr/include/c++/4.8/ios:40:0,
                 from /usr/include/c++/4.8/ostream:38,
                 from /usr/include/c++/4.8/iostream:39,
                 from ../src/10-5 MidTermReview.cpp:89:
/usr/include/c++/4.8/bits/char_traits.h:147:24: error: expected ‘;’ before ‘__i’
       for (std::size_t __i = 0; __i < __n; ++__i)
                        ^
/usr/include/c++/4.8/bits/char_traits.h:147:33: error: ‘__i’ was not declared in this scope
       for (std::size_t __i = 0; __i < __n; ++__i)
                                 ^
/usr/include/c++/4.8/bits/char_traits.h: At global scope:
/usr/include/c++/4.8/bits/char_traits.h:156:5: error: ‘size_t’ in namespace ‘std’ does not name a type
     std::size_t
     ^
/usr/include/c++/4.8/bits/char_traits.h:169:37: error: ‘std::size_t’ has not been declared
     find(const char_type* __s, std::size_t __n, const char_type& __a)
                                     ^
/usr/include/c++/4.8/bits/char_traits.h: In static member function ‘static const char_type* __gnu_cxx::char_traits<_CharT>::find(const char_type*, int, const char_type&)’:
/usr/include/c++/4.8/bits/char_traits.h:171:12: error: ‘size_t’ is not a member of ‘std’
       for (std::size_t __i = 0; __i < __n; ++__i)
            ^
/usr/include/c++/4.8/bits/char_traits.h:171:12: note: suggested alternative:
In file included from /usr/include/wchar.h:51:0,
                 from /usr/include/c++/4.8/cwchar:44,
                 from /usr/include/c++/4.8/bits/postypes.h:40,
                 from /usr/include/c++/4.8/iosfwd:40,
                 from /usr/include/c++/4.8/ios:38,
                 from /usr/include/c++/4.8/ostream:38,
                 from /usr/include/c++/4.8/iostream:39,
                 from ../src/10-5 MidTermReview.cpp:89:
/usr/lib/gcc/x86_64-linux-gnu/4.8/include/stddef.h:212:23: note:   ‘size_t’
 typedef __SIZE_TYPE__ size_t;
                       ^
In file included from /usr/include/c++/4.8/ios:40:0,
                 from /usr/include/c++/4.8/ostream:38,
                 from /usr/include/c++/4.8/iostream:39,
                 from ../src/10-5 MidTermReview.cpp:89:
/usr/include/c++/4.8/bits/char_traits.h:171:24: error: expected ‘;’ before ‘__i’
       for (std::size_t __i = 0; __i < __n; ++__i)
                        ^
/usr/include/c++/4.8/bits/char_traits.h:171:33: error: ‘__i’ was not declared in this scope
       for (std::size_t __i = 0; __i < __n; ++__i)
                                 ^
/usr/include/c++/4.8/bits/char_traits.h: At global scope:
/usr/include/c++/4.8/bits/char_traits.h:180:55: error: ‘std::size_t’ has not been declared
     move(char_type* __s1, const char_type* __s2, std::size_t __n)
                                                       ^
/usr/include/c++/4.8/bits/char_traits.h:189:55: error: ‘std::size_t’ has not been declared
     copy(char_type* __s1, const char_type* __s2, std::size_t __n)
                                                       ^
/usr/include/c++/4.8/bits/char_traits.h:199:33: error: ‘std::size_t’ has not been declared
     assign(char_type* __s, std::size_t __n, char_type __a)
                                 ^
In file included from /usr/include/c++/4.8/ext/new_allocator.h:33:0,
                 from /usr/include/x86_64-linux-gnu/c++/4.8/bits/c++allocator.h:33,
                 from /usr/include/c++/4.8/bits/allocator.h:46,
                 from /usr/include/c++/4.8/string:41,
                 from /usr/include/c++/4.8/bits/locale_classes.h:40,
                 from /usr/include/c++/4.8/bits/ios_base.h:41,
                 from /usr/include/c++/4.8/ios:42,
                 from /usr/include/c++/4.8/ostream:38,
                 from /usr/include/c++/4.8/iostream:39,
                 from ../src/10-5 MidTermReview.cpp:89:
/usr/include/c++/4.8/new:91:31: error: declaration of ‘operator new’ as non-function
 void* operator new(std::size_t) _GLIBCXX_THROW (std::bad_alloc)
                               ^
/usr/include/c++/4.8/new:91:20: error: ‘size_t’ is not a member of ‘std’
 void* operator new(std::size_t) _GLIBCXX_THROW (std::bad_alloc)
                    ^
/usr/include/c++/4.8/new:91:20: note: suggested alternative:
In file included from /usr/include/wchar.h:51:0,
                 from /usr/include/c++/4.8/cwchar:44,
                 from /usr/include/c++/4.8/bits/postypes.h:40,
                 from /usr/include/c++/4.8/iosfwd:40,
                 from /usr/include/c++/4.8/ios:38,
                 from /usr/include/c++/4.8/ostream:38,
                 from /usr/include/c++/4.8/iostream:39,
                 from ../src/10-5 MidTermReview.cpp:89:
/usr/lib/gcc/x86_64-linux-gnu/4.8/include/stddef.h:212:23: note:   ‘size_t’
 typedef __SIZE_TYPE__ size_t;
                       ^
In file included from /usr/include/c++/4.8/ext/new_allocator.h:33:0,
                 from /usr/include/x86_64-linux-gnu/c++/4.8/bits/c++allocator.h:33,
                 from /usr/include/c++/4.8/bits/allocator.h:46,
                 from /usr/include/c++/4.8/string:41,
                 from /usr/include/c++/4.8/bits/locale_classes.h:40,
                 from /usr/include/c++/4.8/bits/ios_base.h:41,
                 from /usr/include/c++/4.8/ios:42,
                 from /usr/include/c++/4.8/ostream:38,
                 from /usr/include/c++/4.8/iostream:39,
                 from ../src/10-5 MidTermReview.cpp:89:
/usr/include/c++/4.8/new:93:33: error: declaration of ‘operator new []’ as non-function
 void* operator new[](std::size_t) _GLIBCXX_THROW (std::bad_alloc)
                                 ^
/usr/include/c++/4.8/new:93:22: error: ‘size_t’ is not a member of ‘std’
 void* operator new[](std::size_t) _GLIBCXX_THROW (std::bad_alloc)
                      ^
/usr/include/c++/4.8/new:93:22: note: suggested alternative:
In file included from /usr/include/wchar.h:51:0,
                 from /usr/include/c++/4.8/cwchar:44,
                 from /usr/include/c++/4.8/bits/postypes.h:40,
                 from /usr/include/c++/4.8/iosfwd:40,
                 from /usr/include/c++/4.8/ios:38,
                 from /usr/include/c++/4.8/ostream:38,
                 from /usr/include/c++/4.8/iostream:39,
                 from ../src/10-5 MidTermReview.cpp:89:
/usr/lib/gcc/x86_64-linux-gnu/4.8/include/stddef.h:212:23: note:   ‘size_t’
 typedef __SIZE_TYPE__ size_t;
                       ^
In file included from /usr/include/c++/4.8/ext/new_allocator.h:33:0,
                 from /usr/include/x86_64-linux-gnu/c++/4.8/bits/c++allocator.h:33,
                 from /usr/include/c++/4.8/bits/allocator.h:46,
                 from /usr/include/c++/4.8/string:41,
                 from /usr/include/c++/4.8/bits/locale_classes.h:40,
                 from /usr/include/c++/4.8/bits/ios_base.h:41,
                 from /usr/include/c++/4.8/ios:42,
                 from /usr/include/c++/4.8/ostream:38,
                 from /usr/include/c++/4.8/iostream:39,
                 from ../src/10-5 MidTermReview.cpp:89:
/usr/include/c++/4.8/new:99:25: error: declaration of ‘operator new’ as non-function
 void* operator new(std::size_t, const std::nothrow_t&) _GLIBCXX_USE_NOEXCEPT
                         ^
/usr/include/c++/4.8/new:99:20: error: ‘size_t’ is not a member of ‘std’
 void* operator new(std::size_t, const std::nothrow_t&) _GLIBCXX_USE_NOEXCEPT
                    ^
/usr/include/c++/4.8/new:99:20: note: suggested alternative:
In file included from /usr/include/wchar.h:51:0,
                 from /usr/include/c++/4.8/cwchar:44,
                 from /usr/include/c++/4.8/bits/postypes.h:40,
                 from /usr/include/c++/4.8/iosfwd:40,
                 from /usr/include/c++/4.8/ios:38,
                 from /usr/include/c++/4.8/ostream:38,
                 from /usr/include/c++/4.8/iostream:39,
                 from ../src/10-5 MidTermReview.cpp:89:
/usr/lib/gcc/x86_64-linux-gnu/4.8/include/stddef.h:212:23: note:   ‘size_t’
 typedef __SIZE_TYPE__ size_t;
                       ^
In file included from /usr/include/c++/4.8/ext/new_allocator.h:33:0,
                 from /usr/include/x86_64-linux-gnu/c++/4.8/bits/c++allocator.h:33,
                 from /usr/include/c++/4.8/bits/allocator.h:46,
                 from /usr/include/c++/4.8/string:41,
                 from /usr/include/c++/4.8/bits/locale_classes.h:40,
                 from /usr/include/c++/4.8/bits/ios_base.h:41,
                 from /usr/include/c++/4.8/ios:42,
                 from /usr/include/c++/4.8/ostream:38,
                 from /usr/include/c++/4.8/iostream:39,
                 from ../src/10-5 MidTermReview.cpp:89:
/usr/include/c++/4.8/new:99:33: error: expected primary-expression before ‘const’
 void* operator new(std::size_t, const std::nothrow_t&) _GLIBCXX_USE_NOEXCEPT
                                 ^
/usr/include/c++/4.8/new:101:27: error: declaration of ‘operator new []’ as non-function
 void* operator new[](std::size_t, const std::nothrow_t&) _GLIBCXX_USE_NOEXCEPT
                           ^
/usr/include/c++/4.8/new:101:22: error: ‘size_t’ is not a member of ‘std’
 void* operator new[](std::size_t, const std::nothrow_t&) _GLIBCXX_USE_NOEXCEPT
                      ^
/usr/include/c++/4.8/new:101:22: note: suggested alternative:
In file included from /usr/include/wchar.h:51:0,
                 from /usr/include/c++/4.8/cwchar:44,
                 from /usr/include/c++/4.8/bits/postypes.h:40,
                 from /usr/include/c++/4.8/iosfwd:40,
                 from /usr/include/c++/4.8/ios:38,
                 from /usr/include/c++/4.8/ostream:38,
                 from /usr/include/c++/4.8/iostream:39,
                 from ../src/10-5 MidTermReview.cpp:89:
/usr/lib/gcc/x86_64-linux-gnu/4.8/include/stddef.h:212:23: note:   ‘size_t’
 typedef __SIZE_TYPE__ size_t;
                       ^
In file included from /usr/include/c++/4.8/ext/new_allocator.h:33:0,
                 from /usr/include/x86_64-linux-gnu/c++/4.8/bits/c++allocator.h:33,
                 from /usr/include/c++/4.8/bits/allocator.h:46,
                 from /usr/include/c++/4.8/string:41,
                 from /usr/include/c++/4.8/bits/locale_classes.h:40,
                 from /usr/include/c++/4.8/bits/ios_base.h:41,
                 from /usr/include/c++/4.8/ios:42,
                 from /usr/include/c++/4.8/ostream:38,
                 from /usr/include/c++/4.8/iostream:39,
                 from ../src/10-5 MidTermReview.cpp:89:
/usr/include/c++/4.8/new:101:35: error: expected primary-expression before ‘const’
 void* operator new[](std::size_t, const std::nothrow_t&) _GLIBCXX_USE_NOEXCEPT
                                   ^
/usr/include/c++/4.8/new:109:32: error: declaration of ‘operator new’ as non-function
 inline void* operator new(std::size_t, void* __p) _GLIBCXX_USE_NOEXCEPT
                                ^
/usr/include/c++/4.8/new:109:27: error: ‘size_t’ is not a member of ‘std’
 inline void* operator new(std::size_t, void* __p) _GLIBCXX_USE_NOEXCEPT
                           ^
/usr/include/c++/4.8/new:109:27: note: suggested alternative:
In file included from /usr/include/wchar.h:51:0,
                 from /usr/include/c++/4.8/cwchar:44,
                 from /usr/include/c++/4.8/bits/postypes.h:40,
                 from /usr/include/c++/4.8/iosfwd:40,
                 from /usr/include/c++/4.8/ios:38,
                 from /usr/include/c++/4.8/ostream:38,
                 from /usr/include/c++/4.8/iostream:39,
                 from ../src/10-5 MidTermReview.cpp:89:
/usr/lib/gcc/x86_64-linux-gnu/4.8/include/stddef.h:212:23: note:   ‘size_t’
 typedef __SIZE_TYPE__ size_t;
                       ^
In file included from /usr/include/c++/4.8/ext/new_allocator.h:33:0,
                 from /usr/include/x86_64-linux-gnu/c++/4.8/bits/c++allocator.h:33,
                 from /usr/include/c++/4.8/bits/allocator.h:46,
                 from /usr/include/c++/4.8/string:41,
                 from /usr/include/c++/4.8/bits/locale_classes.h:40,
                 from /usr/include/c++/4.8/bits/ios_base.h:41,
                 from /usr/include/c++/4.8/ios:42,
                 from /usr/include/c++/4.8/ostream:38,
                 from /usr/include/c++/4.8/iostream:39,
                 from ../src/10-5 MidTermReview.cpp:89:
/usr/include/c++/4.8/new:109:40: error: expected primary-expression before ‘void’
 inline void* operator new(std::size_t, void* __p) _GLIBCXX_USE_NOEXCEPT
                                        ^
/usr/include/c++/4.8/new:111:34: error: declaration of ‘operator new []’ as non-function
 inline void* operator new[](std::size_t, void* __p) _GLIBCXX_USE_NOEXCEPT
                                  ^
/usr/include/c++/4.8/new:111:29: error: ‘size_t’ is not a member of ‘std’
 inline void* operator new[](std::size_t, void* __p) _GLIBCXX_USE_NOEXCEPT
                             ^
/usr/include/c++/4.8/new:111:29: note: suggested alternative:
In file included from /usr/include/wchar.h:51:0,
                 from /usr/include/c++/4.8/cwchar:44,
                 from /usr/include/c++/4.8/bits/postypes.h:40,
                 from /usr/include/c++/4.8/iosfwd:40,
                 from /usr/include/c++/4.8/ios:38,
                 from /usr/include/c++/4.8/ostream:38,
                 from /usr/include/c++/4.8/iostream:39,
                 from ../src/10-5 MidTermReview.cpp:89:
/usr/lib/gcc/x86_64-linux-gnu/4.8/include/stddef.h:212:23: note:   ‘size_t’
 typedef __SIZE_TYPE__ size_t;
                       ^
In file included from /usr/include/c++/4.8/ext/new_allocator.h:33:0,
                 from /usr/include/x86_64-linux-gnu/c++/4.8/bits/c++allocator.h:33,
                 from /usr/include/c++/4.8/bits/allocator.h:46,
                 from /usr/include/c++/4.8/string:41,
                 from /usr/include/c++/4.8/bits/locale_classes.h:40,
                 from /usr/include/c++/4.8/bits/ios_base.h:41,
                 from /usr/include/c++/4.8/ios:42,
                 from /usr/include/c++/4.8/ostream:38,
                 from /usr/include/c++/4.8/iostream:39,
                 from ../src/10-5 MidTermReview.cpp:89:
/usr/include/c++/4.8/new:111:42: error: expected primary-expression before ‘void’
 inline void* operator new[](std::size_t, void* __p) _GLIBCXX_USE_NOEXCEPT
                                          ^
In file included from /usr/include/x86_64-linux-gnu/c++/4.8/bits/c++allocator.h:33:0,
                 from /usr/include/c++/4.8/bits/allocator.h:46,
                 from /usr/include/c++/4.8/string:41,
                 from /usr/include/c++/4.8/bits/locale_classes.h:40,
                 from /usr/include/c++/4.8/bits/ios_base.h:41,
                 from /usr/include/c++/4.8/ios:42,
                 from /usr/include/c++/4.8/ostream:38,
                 from /usr/include/c++/4.8/iostream:39,
                 from ../src/10-5 MidTermReview.cpp:89:
/usr/include/c++/4.8/ext/new_allocator.h:44:14: error: ‘std::size_t’ has not been declared
   using std::size_t;
              ^
/usr/include/c++/4.8/ext/new_allocator.h:45:14: error: ‘std::ptrdiff_t’ has not been declared
   using std::ptrdiff_t;
              ^
/usr/include/c++/4.8/ext/new_allocator.h:62:15: error: ‘ptrdiff_t’ does not name a type
       typedef ptrdiff_t  difference_type;
               ^
In file included from /usr/include/c++/4.8/string:41:0,
                 from /usr/include/c++/4.8/bits/locale_classes.h:40,
                 from /usr/include/c++/4.8/bits/ios_base.h:41,
                 from /usr/include/c++/4.8/ios:42,
                 from /usr/include/c++/4.8/ostream:38,
                 from /usr/include/c++/4.8/iostream:39,
                 from ../src/10-5 MidTermReview.cpp:89:
/usr/include/c++/4.8/bits/allocator.h:67:15: error: ‘ptrdiff_t’ does not name a type
       typedef ptrdiff_t   difference_type;
               ^
/usr/include/c++/4.8/bits/allocator.h:96:15: error: ‘ptrdiff_t’ does not name a type
       typedef ptrdiff_t  difference_type;
               ^
In file included from /usr/include/c++/4.8/string:44:0,
                 from /usr/include/c++/4.8/bits/locale_classes.h:40,
                 from /usr/include/c++/4.8/bits/ios_base.h:41,
                 from /usr/include/c++/4.8/ios:42,
                 from /usr/include/c++/4.8/ostream:38,
                 from /usr/include/c++/4.8/iostream:39,
                 from ../src/10-5 MidTermReview.cpp:89:
/usr/include/c++/4.8/bits/ostream_insert.h:45:26: error: ‘streamsize’ has not been declared
       const _CharT* __s, streamsize __n)
                          ^
/usr/include/c++/4.8/bits/ostream_insert.h: In function ‘void std::__ostream_write(std::basic_ostream<_CharT, _Traits>&, const _CharT*, int)’:
/usr/include/c++/4.8/bits/ostream_insert.h:50:13: error: ‘streamsize’ does not name a type
       const streamsize __put = __out.rdbuf()->sputn(__s, __n);
             ^
/usr/include/c++/4.8/bits/ostream_insert.h:51:11: error: ‘__put’ was not declared in this scope
       if (__put != __n)
           ^
/usr/include/c++/4.8/bits/ostream_insert.h: At global scope:
/usr/include/c++/4.8/bits/ostream_insert.h:57:59: error: ‘streamsize’ has not been declared
     __ostream_fill(basic_ostream<_CharT, _Traits>& __out, streamsize __n)
                                                           ^
/usr/include/c++/4.8/bits/ostream_insert.h:77:27: error: ‘streamsize’ has not been declared
        const _CharT* __s, streamsize __n)
                           ^
/usr/include/c++/4.8/bits/ostream_insert.h: In function ‘std::basic_ostream<_CharT, _Traits>& std::__ostream_insert(std::basic_ostream<_CharT, _Traits>&, const _CharT*, int)’:
/usr/include/c++/4.8/bits/ostream_insert.h:87:14: error: ‘streamsize’ does not name a type
        const streamsize __w = __out.width();
              ^
/usr/include/c++/4.8/bits/ostream_insert.h:88:12: error: ‘__w’ was not declared in this scope
        if (__w > __n)
            ^
/usr/include/c++/4.8/bits/ostream_insert.h: At global scope:
/usr/include/c++/4.8/bits/ostream_insert.h:118:68: error: ‘streamsize’ has not been declared
   extern template ostream& __ostream_insert(ostream&, const char*, streamsize);
                                                                    ^
/usr/include/c++/4.8/bits/ostream_insert.h:122:11: error: ‘streamsize’ has not been declared
           streamsize);
           ^
In file included from /usr/include/c++/4.8/string:53:0,
                 from /usr/include/c++/4.8/bits/locale_classes.h:40,
                 from /usr/include/c++/4.8/bits/ios_base.h:41,
                 from /usr/include/c++/4.8/ios:42,
                 from /usr/include/c++/4.8/ostream:38,
                 from /usr/include/c++/4.8/iostream:39,
                 from ../src/10-5 MidTermReview.cpp:89:
/usr/include/c++/4.8/bits/basic_string.tcc: In function ‘std::basic_istream<_CharT, _Traits>& std::operator>>(std::basic_istream<_CharT, _Traits>&, std::basic_string<_CharT, _Traits, _Alloc>&)’:
/usr/include/c++/4.8/bits/basic_string.tcc:1018:14: error: ‘streamsize’ does not name a type
        const streamsize __w = __in.width();
              ^
/usr/include/c++/4.8/bits/basic_string.tcc:1019:32: error: ‘__w’ was not declared in this scope
        const __size_type __n = __w > 0 ? static_cast<__size_type>(__w)
                                ^
In file included from /usr/include/c++/4.8/string:52:0,
                 from /usr/include/c++/4.8/bits/locale_classes.h:40,
                 from /usr/include/c++/4.8/bits/ios_base.h:41,
                 from /usr/include/c++/4.8/ios:42,
                 from /usr/include/c++/4.8/ostream:38,
                 from /usr/include/c++/4.8/iostream:39,
                 from ../src/10-5 MidTermReview.cpp:89:
/usr/include/c++/4.8/bits/basic_string.h: In instantiation of ‘class std::basic_string<char>’:
/usr/include/c++/4.8/bits/basic_string.tcc:1132:25:   required from here
/usr/include/c++/4.8/bits/basic_string.h:122:61: error: no type named ‘difference_type’ in ‘std::basic_string<char>::_CharT_alloc_type {aka class std::allocator<char>}’
       typedef typename _CharT_alloc_type::difference_type   difference_type;
                                                             ^
/usr/include/c++/4.8/bits/basic_string.h: In instantiation of ‘class std::basic_string<wchar_t>’:
/usr/include/c++/4.8/bits/basic_string.tcc:1147:25:   required from here
/usr/include/c++/4.8/bits/basic_string.h:122:61: error: no type named ‘difference_type’ in ‘std::basic_string<wchar_t>::_CharT_alloc_type {aka class std::allocator<wchar_t>}’
In file included from /usr/include/c++/4.8/ios:42:0,
                 from /usr/include/c++/4.8/ostream:38,
                 from /usr/include/c++/4.8/iostream:39,
                 from ../src/10-5 MidTermReview.cpp:89:
/usr/include/c++/4.8/bits/ios_base.h: At global scope:
/usr/include/c++/4.8/bits/ios_base.h:458:5: error: ‘streamsize’ does not name a type
     streamsize  _M_precision;
     ^
/usr/include/c++/4.8/bits/ios_base.h:459:5: error: ‘streamsize’ does not name a type
     streamsize  _M_width;
     ^
/usr/include/c++/4.8/bits/ios_base.h:626:5: error: ‘streamsize’ does not name a type
     streamsize
     ^
/usr/include/c++/4.8/bits/ios_base.h:635:5: error: ‘streamsize’ does not name a type
     streamsize
     ^
/usr/include/c++/4.8/bits/ios_base.h:649:5: error: ‘streamsize’ does not name a type
     streamsize
     ^
/usr/include/c++/4.8/bits/ios_base.h:658:5: error: ‘streamsize’ does not name a type
     streamsize
     ^
In file included from /usr/include/c++/4.8/ios:43:0,
                 from /usr/include/c++/4.8/ostream:38,
                 from /usr/include/c++/4.8/iostream:39,
                 from ../src/10-5 MidTermReview.cpp:89:
/usr/include/c++/4.8/streambuf:50:5: error: ‘streamsize’ does not name a type
     streamsize
     ^
/usr/include/c++/4.8/streambuf:147:14: error: ‘streamsize’ does not name a type
       friend streamsize
              ^
/usr/include/c++/4.8/streambuf:239:33: error: ‘streamsize’ has not been declared
       pubsetbuf(char_type* __s, streamsize __n) 
                                 ^
/usr/include/c++/4.8/streambuf:283:7: error: ‘streamsize’ does not name a type
       streamsize 
       ^
/usr/include/c++/4.8/streambuf:356:7: error: ‘streamsize’ does not name a type
       streamsize 
       ^
/usr/include/c++/4.8/streambuf:449:7: error: ‘streamsize’ does not name a type
       streamsize 
       ^
/usr/include/c++/4.8/streambuf:591:26: error: ‘streamsize’ has not been declared
       setbuf(char_type*, streamsize)
                          ^
/usr/include/c++/4.8/streambuf:648:15: error: ‘streamsize’ does not name a type
       virtual streamsize 
               ^
/usr/include/c++/4.8/streambuf:664:15: error: ‘streamsize’ does not name a type
       virtual streamsize 
               ^
/usr/include/c++/4.8/streambuf:741:15: error: ‘streamsize’ does not name a type
       virtual streamsize 
               ^
/usr/include/c++/4.8/streambuf:794:20: error: ‘streamsize’ has not been declared
       __safe_gbump(streamsize __n) { _M_in_cur += __n; }
                    ^
/usr/include/c++/4.8/streambuf:797:20: error: ‘streamsize’ has not been declared
       __safe_pbump(streamsize __n) { _M_out_cur += __n; }
                    ^
/usr/include/c++/4.8/streambuf:815:5: error: ‘streamsize’ does not name a type
     streamsize
     ^
/usr/include/c++/4.8/streambuf:820:5: error: ‘streamsize’ does not name a type
     streamsize
     ^
In file included from /usr/include/c++/4.8/streambuf:828:0,
                 from /usr/include/c++/4.8/ios:43,
                 from /usr/include/c++/4.8/ostream:38,
                 from /usr/include/c++/4.8/iostream:39,
                 from ../src/10-5 MidTermReview.cpp:89:
/usr/include/c++/4.8/bits/streambuf.tcc:44:5: error: ‘streamsize’ does not name a type
     streamsize
     ^
/usr/include/c++/4.8/bits/streambuf.tcc:78:5: error: ‘streamsize’ does not name a type
     streamsize
     ^
/usr/include/c++/4.8/bits/streambuf.tcc:115:5: error: ‘streamsize’ does not name a type
     streamsize
     ^
/usr/include/c++/4.8/bits/streambuf.tcc:138:12: error: ‘streamsize’ does not name a type
     inline streamsize
            ^
/usr/include/c++/4.8/bits/streambuf.tcc:151:5: error: explicit instantiation of non-template ‘int std::streamsize’
     streamsize
     ^
/usr/include/c++/4.8/bits/streambuf.tcc:152:5: error: expected ‘;’ before ‘__copy_streambufs’
     __copy_streambufs(basic_streambuf<char>*,
     ^
/usr/include/c++/4.8/bits/streambuf.tcc:155:5: error: explicit instantiation of non-template ‘int std::streamsize’
     streamsize
     ^
/usr/include/c++/4.8/bits/streambuf.tcc:156:5: error: expected ‘;’ before ‘__copy_streambufs_eof’
     __copy_streambufs_eof(basic_streambuf<char>*,
     ^
/usr/include/c++/4.8/bits/streambuf.tcc:162:5: error: explicit instantiation of non-template ‘int std::streamsize’
     streamsize
     ^
/usr/include/c++/4.8/bits/streambuf.tcc:163:5: error: expected ‘;’ before ‘__copy_streambufs’
     __copy_streambufs(basic_streambuf<wchar_t>*,
     ^
/usr/include/c++/4.8/bits/streambuf.tcc:166:5: error: explicit instantiation of non-template ‘int std::streamsize’
     streamsize
     ^
/usr/include/c++/4.8/bits/streambuf.tcc:167:5: error: expected ‘;’ before ‘__copy_streambufs_eof’
     __copy_streambufs_eof(basic_streambuf<wchar_t>*,
     ^
In file included from /usr/include/c++/4.8/bits/locale_facets.h:48:0,
                 from /usr/include/c++/4.8/bits/basic_ios.h:37,
                 from /usr/include/c++/4.8/ios:44,
                 from /usr/include/c++/4.8/ostream:38,
                 from /usr/include/c++/4.8/iostream:39,
                 from ../src/10-5 MidTermReview.cpp:89:
/usr/include/c++/4.8/bits/streambuf_iterator.h:57:16: error: wrong number of template arguments (5, should be 3)
         _CharT&>
                ^
In file included from /usr/include/c++/4.8/bits/stl_algobase.h:65:0,
                 from /usr/include/c++/4.8/bits/char_traits.h:39,
                 from /usr/include/c++/4.8/ios:40,
                 from /usr/include/c++/4.8/ostream:38,
                 from /usr/include/c++/4.8/iostream:39,
                 from ../src/10-5 MidTermReview.cpp:89:
/usr/include/c++/4.8/bits/stl_iterator_base_types.h:118:12: error: provided for ‘template<class _Category, class _Tp, class _Distance> struct std::iterator’
     struct iterator
            ^
In file included from /usr/include/c++/4.8/bits/locale_facets.h:48:0,
                 from /usr/include/c++/4.8/bits/basic_ios.h:37,
                 from /usr/include/c++/4.8/ios:44,
                 from /usr/include/c++/4.8/ostream:38,
                 from /usr/include/c++/4.8/iostream:39,
                 from ../src/10-5 MidTermReview.cpp:89:
/usr/include/c++/4.8/bits/streambuf_iterator.h:217:66: error: wrong number of template arguments (5, should be 3)
     : public iterator<output_iterator_tag, void, void, void, void>
                                                                  ^
In file included from /usr/include/c++/4.8/bits/stl_algobase.h:65:0,
                 from /usr/include/c++/4.8/bits/char_traits.h:39,
                 from /usr/include/c++/4.8/ios:40,
                 from /usr/include/c++/4.8/ostream:38,
                 from /usr/include/c++/4.8/iostream:39,
                 from ../src/10-5 MidTermReview.cpp:89:
/usr/include/c++/4.8/bits/stl_iterator_base_types.h:118:12: error: provided for ‘template<class _Category, class _Tp, class _Distance> struct std::iterator’
     struct iterator
            ^
In file included from /usr/include/c++/4.8/bits/locale_facets.h:48:0,
                 from /usr/include/c++/4.8/bits/basic_ios.h:37,
                 from /usr/include/c++/4.8/ios:44,
                 from /usr/include/c++/4.8/ostream:38,
                 from /usr/include/c++/4.8/iostream:39,
                 from ../src/10-5 MidTermReview.cpp:89:
/usr/include/c++/4.8/bits/streambuf_iterator.h:279:34: error: ‘streamsize’ has not been declared
       _M_put(const _CharT* __ws, streamsize __len)
                                  ^
/usr/include/c++/4.8/bits/streambuf_iterator.h: In function ‘typename __gnu_cxx::__enable_if<std::__is_char<_CharT>::__value, std::ostreambuf_iterator<_CharT, std::char_traits<_CharT> > >::__type std::__copy_move_a2(_CharT*, _CharT*, std::ostreambuf_iterator<_CharT, std::char_traits<_CharT> >)’:
/usr/include/c++/4.8/bits/streambuf_iterator.h:313:13: error: ‘streamsize’ does not name a type
       const streamsize __num = __last - __first;
             ^
/usr/include/c++/4.8/bits/streambuf_iterator.h:314:11: error: ‘__num’ was not declared in this scope
       if (__num > 0)
           ^
/usr/include/c++/4.8/bits/streambuf_iterator.h: In function ‘typename __gnu_cxx::__enable_if<std::__is_char<_CharT>::__value, std::ostreambuf_iterator<_CharT, std::char_traits<_CharT> > >::__type std::__copy_move_a2(const _CharT*, const _CharT*, std::ostreambuf_iterator<_CharT, std::char_traits<_CharT> >)’:
/usr/include/c++/4.8/bits/streambuf_iterator.h:325:13: error: ‘streamsize’ does not name a type
       const streamsize __num = __last - __first;
             ^
/usr/include/c++/4.8/bits/streambuf_iterator.h:326:11: error: ‘__num’ was not declared in this scope
       if (__num > 0)
           ^
/usr/include/c++/4.8/bits/streambuf_iterator.h: In function ‘typename __gnu_cxx::__enable_if<std::__is_char<_CharT>::__value, _CharT*>::__type std::__copy_move_a2(std::istreambuf_iterator<_CharT, std::char_traits<_CharT> >, std::istreambuf_iterator<_CharT, std::char_traits<_CharT> >, _CharT*)’:
/usr/include/c++/4.8/bits/streambuf_iterator.h:348:14: error: ‘streamsize’ does not name a type
        const streamsize __n = __sb->egptr() - __sb->gptr();
              ^
/usr/include/c++/4.8/bits/streambuf_iterator.h:349:12: error: ‘__n’ was not declared in this scope
        if (__n > 1)
            ^
/usr/include/c++/4.8/bits/streambuf_iterator.h: In function ‘typename __gnu_cxx::__enable_if<std::__is_char<_CharT2>::__value, std::istreambuf_iterator<_CharT> >::__type std::find(std::istreambuf_iterator<_CharT>, std::istreambuf_iterator<_CharT>, const _CharT2&)’:
/usr/include/c++/4.8/bits/streambuf_iterator.h:385:8: error: ‘streamsize’ was not declared in this scope
        streamsize __n = __sb->egptr() - __sb->gptr();
        ^
/usr/include/c++/4.8/bits/streambuf_iterator.h:385:19: error: expected ‘;’ before ‘__n’
        streamsize __n = __sb->egptr() - __sb->gptr();
                   ^
/usr/include/c++/4.8/bits/streambuf_iterator.h:386:12: error: ‘__n’ was not declared in this scope
        if (__n > 1)
            ^
In file included from /usr/include/c++/4.8/bits/basic_ios.h:37:0,
                 from /usr/include/c++/4.8/ios:44,
                 from /usr/include/c++/4.8/ostream:38,
                 from /usr/include/c++/4.8/iostream:39,
                 from ../src/10-5 MidTermReview.cpp:89:
/usr/include/c++/4.8/bits/locale_facets.h: At global scope:
/usr/include/c++/4.8/bits/locale_facets.h:92:29: error: ‘streamsize’ has not been declared
       const _CharT* __olds, streamsize __newlen, streamsize __oldlen);
                             ^
/usr/include/c++/4.8/bits/locale_facets.h:92:50: error: ‘streamsize’ has not been declared
       const _CharT* __olds, streamsize __newlen, streamsize __oldlen);
                                                  ^
In file included from /usr/include/c++/4.8/bits/basic_ios.h:37:0,
                 from /usr/include/c++/4.8/ios:44,
                 from /usr/include/c++/4.8/ostream:38,
                 from /usr/include/c++/4.8/iostream:39,
                 from ../src/10-5 MidTermReview.cpp:89:
/usr/include/c++/4.8/bits/locale_facets.h:2449:32: error: ‘streamsize’ has not been declared
       _M_pad(char_type __fill, streamsize __w, ios_base& __io,
                                ^
In file included from /usr/include/c++/4.8/bits/locale_facets.h:2608:0,
                 from /usr/include/c++/4.8/bits/basic_ios.h:37,
                 from /usr/include/c++/4.8/ios:44,
                 from /usr/include/c++/4.8/ostream:38,
                 from /usr/include/c++/4.8/iostream:39,
                 from ../src/10-5 MidTermReview.cpp:89:
/usr/include/c++/4.8/bits/locale_facets.tcc:775:27: error: ‘streamsize’ has not been declared
     _M_pad(_CharT __fill, streamsize __w, ios_base& __io,
                           ^
/usr/include/c++/4.8/bits/locale_facets.tcc: In member function ‘_OutIter std::num_put<_CharT, _OutIter>::_M_insert_int(_OutIter, std::ios_base&, _CharT, _ValueT) const’:
/usr/include/c++/4.8/bits/locale_facets.tcc:916:8: error: ‘streamsize’ does not name a type
  const streamsize __w = __io.width();
        ^
/usr/include/c++/4.8/bits/locale_facets.tcc:917:6: error: ‘__w’ was not declared in this scope
  if (__w > static_cast<streamsize>(__len))
      ^
/usr/include/c++/4.8/bits/locale_facets.tcc:917:24: error: expected type-specifier before ‘streamsize’
  if (__w > static_cast<streamsize>(__len))
                        ^
/usr/include/c++/4.8/bits/locale_facets.tcc:917:24: error: expected ‘>’ before ‘streamsize’
/usr/include/c++/4.8/bits/locale_facets.tcc:917:24: error: expected ‘(’ before ‘streamsize’
/usr/include/c++/4.8/bits/locale_facets.tcc:917:24: error: ‘streamsize’ was not declared in this scope
/usr/include/c++/4.8/bits/locale_facets.tcc:918:4: error: expected ‘)’ before ‘{’ token
    {
    ^
/usr/include/c++/4.8/bits/locale_facets.tcc: In member function ‘_OutIter std::num_put<_CharT, _OutIter>::_M_insert_float(_OutIter, std::ios_base&, _CharT, char, _ValueT) const’:
/usr/include/c++/4.8/bits/locale_facets.tcc:979:8: error: ‘streamsize’ does not name a type
  const streamsize __prec = __io.precision() < 0 ? 6 : __io.precision();
        ^
/usr/include/c++/4.8/bits/locale_facets.tcc:996:19: error: ‘__prec’ was not declared in this scope
           __fbuf, __prec, __v);
                   ^
/usr/include/c++/4.8/bits/locale_facets.tcc:1054:6: error: ‘streamsize’ was not declared in this scope
      streamsize __off = 0;
      ^
/usr/include/c++/4.8/bits/locale_facets.tcc:1054:17: error: expected ‘;’ before ‘__off’
      streamsize __off = 0;
                 ^
/usr/include/c++/4.8/bits/locale_facets.tcc:1057:3: error: ‘__off’ was not declared in this scope
   __off = 1;
   ^
/usr/include/c++/4.8/bits/locale_facets.tcc:1063:45: error: ‘__off’ was not declared in this scope
       __lc->_M_thousands_sep, __wp, __ws2 + __off,
                                             ^
/usr/include/c++/4.8/bits/locale_facets.tcc:1071:8: error: ‘streamsize’ does not name a type
  const streamsize __w = __io.width();
        ^
/usr/include/c++/4.8/bits/locale_facets.tcc:1072:6: error: ‘__w’ was not declared in this scope
  if (__w > static_cast<streamsize>(__len))
      ^
/usr/include/c++/4.8/bits/locale_facets.tcc:1072:24: error: expected type-specifier before ‘streamsize’
  if (__w > static_cast<streamsize>(__len))
                        ^
/usr/include/c++/4.8/bits/locale_facets.tcc:1072:24: error: expected ‘>’ before ‘streamsize’
/usr/include/c++/4.8/bits/locale_facets.tcc:1072:24: error: expected ‘(’ before ‘streamsize’
/usr/include/c++/4.8/bits/locale_facets.tcc:1072:24: error: ‘streamsize’ was not declared in this scope
/usr/include/c++/4.8/bits/locale_facets.tcc:1073:4: error: expected ‘)’ before ‘{’ token
    {
    ^
/usr/include/c++/4.8/bits/locale_facets.tcc: In member function ‘virtual _OutIter std::num_put<_CharT, _OutIter>::do_put(std::num_put<_CharT, _OutIter>::iter_type, std::ios_base&, std::num_put<_CharT, _OutIter>::char_type, bool) const’:
/usr/include/c++/4.8/bits/locale_facets.tcc:1109:10: error: ‘streamsize’ does not name a type
    const streamsize __w = __io.width();
          ^
/usr/include/c++/4.8/bits/locale_facets.tcc:1110:8: error: ‘__w’ was not declared in this scope
    if (__w > static_cast<streamsize>(__len))
        ^
/usr/include/c++/4.8/bits/locale_facets.tcc:1110:26: error: expected type-specifier before ‘streamsize’
    if (__w > static_cast<streamsize>(__len))
                          ^
/usr/include/c++/4.8/bits/locale_facets.tcc:1110:26: error: expected ‘>’ before ‘streamsize’
/usr/include/c++/4.8/bits/locale_facets.tcc:1110:26: error: expected ‘(’ before ‘streamsize’
/usr/include/c++/4.8/bits/locale_facets.tcc:1110:26: error: ‘streamsize’ was not declared in this scope
/usr/include/c++/4.8/bits/locale_facets.tcc:1111:6: error: expected ‘)’ before ‘{’ token
      {
      ^
/usr/include/c++/4.8/bits/locale_facets.tcc: At global scope:
/usr/include/c++/4.8/bits/locale_facets.tcc:1193:8: error: ‘streamsize’ has not been declared
        streamsize __newlen, streamsize __oldlen)
        ^
/usr/include/c++/4.8/bits/locale_facets.tcc:1193:29: error: ‘streamsize’ has not been declared
        streamsize __newlen, streamsize __oldlen)
                             ^
In file included from /usr/include/c++/4.8/iostream:39:0,
                 from ../src/10-5 MidTermReview.cpp:89:
/usr/include/c++/4.8/ostream:311:38: error: ‘streamsize’ has not been declared
       _M_write(const char_type* __s, streamsize __n)
                                      ^
/usr/include/c++/4.8/ostream:335:35: error: ‘streamsize’ has not been declared
       write(const char_type* __s, streamsize __n);
                                   ^
/usr/include/c++/4.8/ostream: In member function ‘void std::basic_ostream<_CharT, _Traits>::_M_write(const char_type*, int)’:
/usr/include/c++/4.8/ostream:313:8: error: ‘streamsize’ does not name a type
  const streamsize __put = this->rdbuf()->sputn(__s, __n);
        ^
/usr/include/c++/4.8/ostream:314:6: error: ‘__put’ was not declared in this scope
  if (__put != __n)
      ^
/usr/include/c++/4.8/ostream: In function ‘std::basic_ostream<_CharT, _Traits>& std::operator<<(std::basic_ostream<_CharT, _Traits>&, const _CharT*)’:
/usr/include/c++/4.8/ostream:519:17: error: expected type-specifier before ‘streamsize’
     static_cast<streamsize>(_Traits::length(__s)));
                 ^
/usr/include/c++/4.8/ostream:519:17: error: expected ‘>’ before ‘streamsize’
/usr/include/c++/4.8/ostream:519:17: error: expected ‘(’ before ‘streamsize’
/usr/include/c++/4.8/ostream:519:17: error: ‘streamsize’ was not declared in this scope
/usr/include/c++/4.8/ostream: In function ‘std::basic_ostream<char, _Traits>& std::operator<<(std::basic_ostream<char, _Traits>&, const char*)’:
/usr/include/c++/4.8/ostream:536:17: error: expected type-specifier before ‘streamsize’
     static_cast<streamsize>(_Traits::length(__s)));
                 ^
/usr/include/c++/4.8/ostream:536:17: error: expected ‘>’ before ‘streamsize’
/usr/include/c++/4.8/ostream:536:17: error: expected ‘(’ before ‘streamsize’
/usr/include/c++/4.8/ostream:536:17: error: ‘streamsize’ was not declared in this scope
In file included from /usr/include/c++/4.8/ostream:612:0,
                 from /usr/include/c++/4.8/iostream:39,
                 from ../src/10-5 MidTermReview.cpp:89:
/usr/include/c++/4.8/bits/ostream.tcc: At global scope:
/usr/include/c++/4.8/bits/ostream.tcc:183:30: error: ‘streamsize’ has not been declared
     write(const _CharT* __s, streamsize __n)
                              ^
In file included from /usr/include/c++/4.8/iostream:40:0,
                 from ../src/10-5 MidTermReview.cpp:89:
/usr/include/c++/4.8/istream:82:7: error: ‘streamsize’ does not name a type
       streamsize   _M_gcount;
       ^
/usr/include/c++/4.8/istream:268:7: error: ‘streamsize’ does not name a type
       streamsize
       ^
/usr/include/c++/4.8/istream:343:27: error: ‘streamsize’ has not been declared
       get(char_type* __s, streamsize __n, char_type __delim);
                           ^
/usr/include/c++/4.8/istream:354:27: error: ‘streamsize’ has not been declared
       get(char_type* __s, streamsize __n)
                           ^
/usr/include/c++/4.8/istream:416:31: error: ‘streamsize’ has not been declared
       getline(char_type* __s, streamsize __n, char_type __delim);
                               ^
/usr/include/c++/4.8/istream:427:31: error: ‘streamsize’ has not been declared
       getline(char_type* __s, streamsize __n)
                               ^
/usr/include/c++/4.8/istream:451:7: error: expected ‘;’ at end of member declaration
       ignore(streamsize __n, int_type __delim);
       ^
/usr/include/c++/4.8/istream:451:25: error: expected ‘)’ before ‘__n’
       ignore(streamsize __n, int_type __delim);
                         ^
/usr/include/c++/4.8/istream:454:7: error: expected ‘;’ at end of member declaration
       ignore(streamsize __n);
       ^
/usr/include/c++/4.8/istream:454:14: error: redeclaration of ‘std::basic_istream<_CharT, _Traits>::__istream_type& std::basic_istream<_CharT, _Traits>::ignore’
       ignore(streamsize __n);
              ^
/usr/include/c++/4.8/istream:451:14: note: previous declaration ‘std::basic_istream<_CharT, _Traits>::__istream_type& std::basic_istream<_CharT, _Traits>::ignore’
       ignore(streamsize __n, int_type __delim);
              ^
/usr/include/c++/4.8/istream:454:25: error: expected ‘)’ before ‘__n’
       ignore(streamsize __n);
                         ^
/usr/include/c++/4.8/istream:457:14: error: ‘std::basic_istream<_CharT, _Traits>::__istream_type& std::basic_istream<_CharT, _Traits>::ignore()’ conflicts with a previous declaration
       ignore();
              ^
/usr/include/c++/4.8/istream:451:14: note: previous declaration ‘std::basic_istream<_CharT, _Traits>::__istream_type& std::basic_istream<_CharT, _Traits>::ignore’
       ignore(streamsize __n, int_type __delim);
              ^
/usr/include/c++/4.8/istream:486:28: error: ‘streamsize’ has not been declared
       read(char_type* __s, streamsize __n);
                            ^
/usr/include/c++/4.8/istream:504:7: error: ‘streamsize’ does not name a type
       streamsize
       ^
/usr/include/c++/4.8/istream: In constructor ‘std::basic_istream<_CharT, _Traits>::basic_istream(std::basic_istream<_CharT, _Traits>::__streambuf_type*)’:
/usr/include/c++/4.8/istream:94:9: error: class ‘std::basic_istream<_CharT, _Traits>’ does not have any field named ‘_M_gcount’
       : _M_gcount(streamsize(0))
         ^
/usr/include/c++/4.8/istream:94:31: error: there are no arguments to ‘streamsize’ that depend on a template parameter, so a declaration of ‘streamsize’ must be available [-fpermissive]
       : _M_gcount(streamsize(0))
                               ^
/usr/include/c++/4.8/istream:94:31: note: (if you use ‘-fpermissive’, G++ will accept your code, but allowing the use of an undeclared name is deprecated)
/usr/include/c++/4.8/istream: In destructor ‘virtual std::basic_istream<_CharT, _Traits>::~basic_istream()’:
/usr/include/c++/4.8/istream:104:9: error: ‘_M_gcount’ was not declared in this scope
       { _M_gcount = streamsize(0); }
         ^
/usr/include/c++/4.8/istream:104:33: error: there are no arguments to ‘streamsize’ that depend on a template parameter, so a declaration of ‘streamsize’ must be available [-fpermissive]
       { _M_gcount = streamsize(0); }
                                 ^
/usr/include/c++/4.8/istream: In constructor ‘std::basic_istream<_CharT, _Traits>::basic_istream()’:
/usr/include/c++/4.8/istream:607:9: error: class ‘std::basic_istream<_CharT, _Traits>’ does not have any field named ‘_M_gcount’
       : _M_gcount(streamsize(0))
         ^
/usr/include/c++/4.8/istream:607:31: error: there are no arguments to ‘streamsize’ that depend on a template parameter, so a declaration of ‘streamsize’ must be available [-fpermissive]
       : _M_gcount(streamsize(0))
                               ^
/usr/include/c++/4.8/istream: In instantiation of ‘class std::basic_istream<char>’:
/usr/include/c++/4.8/istream:618:24:   required from here
/usr/include/c++/4.8/istream:451:14: error: ‘std::basic_istream<_CharT, _Traits>::__istream_type& std::basic_istream<_CharT, _Traits>::ignore() [with _CharT = char; _Traits = std::char_traits<char>; std::basic_istream<_CharT, _Traits>::__istream_type = std::basic_istream<char>]’ conflicts with a previous declaration
       ignore(streamsize __n, int_type __delim);
              ^
/usr/include/c++/4.8/istream:451:14: note: previous declaration ‘std::basic_istream<char>::__istream_type& std::basic_istream<char>::ignore’
/usr/include/c++/4.8/istream: At global scope:
/usr/include/c++/4.8/istream:619:29: error: ‘streamsize’ has not been declared
     getline(char_type* __s, streamsize __n, char_type __delim);
                             ^
/usr/include/c++/4.8/istream:624:12: error: ‘std::basic_istream<char>& std::basic_istream<char>::ignore’ is not a static member of ‘class std::basic_istream<char>’
     ignore(streamsize __n);
            ^
/usr/include/c++/4.8/istream:624:12: error: ‘streamsize’ was not declared in this scope
/usr/include/c++/4.8/istream:629:12: error: ‘std::basic_istream<char>& std::basic_istream<char>::ignore’ is not a static member of ‘class std::basic_istream<char>’
     ignore(streamsize __n, int_type __delim);
            ^
/usr/include/c++/4.8/istream:629:12: error: ‘streamsize’ was not declared in this scope
/usr/include/c++/4.8/istream:629:37: error: expected primary-expression before ‘__delim’
     ignore(streamsize __n, int_type __delim);
                                     ^
/usr/include/c++/4.8/istream:629:44: error: expression list treated as compound expression in initializer [-fpermissive]
     ignore(streamsize __n, int_type __delim);
                                            ^
/usr/include/c++/4.8/istream: In instantiation of ‘class std::basic_istream<wchar_t>’:
/usr/include/c++/4.8/istream:634:27:   required from here
/usr/include/c++/4.8/istream:451:14: error: ‘std::basic_istream<_CharT, _Traits>::__istream_type& std::basic_istream<_CharT, _Traits>::ignore() [with _CharT = wchar_t; _Traits = std::char_traits<wchar_t>; std::basic_istream<_CharT, _Traits>::__istream_type = std::basic_istream<wchar_t>]’ conflicts with a previous declaration
       ignore(streamsize __n, int_type __delim);
              ^
/usr/include/c++/4.8/istream:451:14: note: previous declaration ‘std::basic_istream<wchar_t>::__istream_type& std::basic_istream<wchar_t>::ignore’
/usr/include/c++/4.8/istream:635:29: error: ‘streamsize’ has not been declared
     getline(char_type* __s, streamsize __n, char_type __delim);
                             ^
/usr/include/c++/4.8/istream:640:12: error: ‘std::basic_istream<wchar_t>& std::basic_istream<wchar_t>::ignore’ is not a static member of ‘class std::basic_istream<wchar_t>’
     ignore(streamsize __n);
            ^
/usr/include/c++/4.8/istream:640:12: error: ‘streamsize’ was not declared in this scope
/usr/include/c++/4.8/istream:645:12: error: ‘std::basic_istream<wchar_t>& std::basic_istream<wchar_t>::ignore’ is not a static member of ‘class std::basic_istream<wchar_t>’
     ignore(streamsize __n, int_type __delim);
            ^
/usr/include/c++/4.8/istream:645:12: error: ‘streamsize’ was not declared in this scope
/usr/include/c++/4.8/istream:645:37: error: expected primary-expression before ‘__delim’
     ignore(streamsize __n, int_type __delim);
                                     ^
/usr/include/c++/4.8/istream:645:44: error: expression list treated as compound expression in initializer [-fpermissive]
     ignore(streamsize __n, int_type __delim);
                                            ^
In file included from /usr/include/c++/4.8/istream:882:0,
                 from /usr/include/c++/4.8/iostream:40,
                 from ../src/10-5 MidTermReview.cpp:89:
/usr/include/c++/4.8/bits/istream.tcc: In member function ‘std::basic_istream<_CharT, _Traits>::int_type std::basic_istream<_CharT, _Traits>::get()’:
/usr/include/c++/4.8/bits/istream.tcc:240:7: error: ‘_M_gcount’ was not declared in this scope
       _M_gcount = 0;
       ^
/usr/include/c++/4.8/bits/istream.tcc: In member function ‘std::basic_istream<_CharT, _Traits>& std::basic_istream<_CharT, _Traits>::get(std::basic_istream<_CharT, _Traits>::char_type&)’:
/usr/include/c++/4.8/bits/istream.tcc:274:7: error: ‘_M_gcount’ was not declared in this scope
       _M_gcount = 0;
       ^
/usr/include/c++/4.8/bits/istream.tcc: At global scope:
/usr/include/c++/4.8/bits/istream.tcc:309:25: error: ‘streamsize’ has not been declared
     get(char_type* __s, streamsize __n, char_type __delim)
                         ^
/usr/include/c++/4.8/bits/istream.tcc: In member function ‘std::basic_istream<_CharT, _Traits>& std::basic_istream<_CharT, _Traits>::get(std::basic_istream<_CharT, _Traits>::char_type*, int, std::basic_istream<_CharT, _Traits>::char_type)’:
/usr/include/c++/4.8/bits/istream.tcc:311:7: error: ‘_M_gcount’ was not declared in this scope
       _M_gcount = 0;
       ^
/usr/include/c++/4.8/bits/istream.tcc: In member function ‘std::basic_istream<_CharT, _Traits>& std::basic_istream<_CharT, _Traits>::get(std::basic_istream<_CharT, _Traits>::__streambuf_type&, std::basic_istream<_CharT, _Traits>::char_type)’:
/usr/include/c++/4.8/bits/istream.tcc:358:7: error: ‘_M_gcount’ was not declared in this scope
       _M_gcount = 0;
       ^
/usr/include/c++/4.8/bits/istream.tcc: At global scope:
/usr/include/c++/4.8/bits/istream.tcc:400:29: error: ‘streamsize’ has not been declared
     getline(char_type* __s, streamsize __n, char_type __delim)
                             ^
/usr/include/c++/4.8/bits/istream.tcc: In member function ‘std::basic_istream<_CharT, _Traits>& std::basic_istream<_CharT, _Traits>::getline(std::basic_istream<_CharT, _Traits>::char_type*, int, std::basic_istream<_CharT, _Traits>::char_type)’:
/usr/include/c++/4.8/bits/istream.tcc:402:7: error: ‘_M_gcount’ was not declared in this scope
       _M_gcount = 0;
       ^
/usr/include/c++/4.8/bits/istream.tcc: In member function ‘std::basic_istream<_CharT, _Traits>& std::basic_istream<_CharT, _Traits>::ignore()’:
/usr/include/c++/4.8/bits/istream.tcc:462:7: error: ‘_M_gcount’ was not declared in this scope
       _M_gcount = 0;
       ^
/usr/include/c++/4.8/bits/istream.tcc: At global scope:
/usr/include/c++/4.8/bits/istream.tcc:493:12: error: ‘std::basic_istream<_CharT, _Traits>& std::basic_istream<_CharT, _Traits>::ignore’ is not a static member of ‘class std::basic_istream<_CharT, _Traits>’
     ignore(streamsize __n)
            ^
/usr/include/c++/4.8/bits/istream.tcc:493:12: error: template definition of non-template ‘std::basic_istream<_CharT, _Traits>& std::basic_istream<_CharT, _Traits>::ignore’
/usr/include/c++/4.8/bits/istream.tcc:493:12: error: ‘streamsize’ was not declared in this scope
/usr/include/c++/4.8/bits/istream.tcc:555:12: error: ‘std::basic_istream<_CharT, _Traits>& std::basic_istream<_CharT, _Traits>::ignore’ is not a static member of ‘class std::basic_istream<_CharT, _Traits>’
     ignore(streamsize __n, int_type __delim)
            ^
/usr/include/c++/4.8/bits/istream.tcc:555:12: error: template definition of non-template ‘std::basic_istream<_CharT, _Traits>& std::basic_istream<_CharT, _Traits>::ignore’
/usr/include/c++/4.8/bits/istream.tcc:555:12: error: ‘streamsize’ was not declared in this scope
/usr/include/c++/4.8/bits/istream.tcc:555:37: error: expected primary-expression before ‘__delim’
     ignore(streamsize __n, int_type __delim)
                                     ^
/usr/include/c++/4.8/bits/istream.tcc: In member function ‘std::basic_istream<_CharT, _Traits>::int_type std::basic_istream<_CharT, _Traits>::peek()’:
/usr/include/c++/4.8/bits/istream.tcc:623:7: error: ‘_M_gcount’ was not declared in this scope
       _M_gcount = 0;
       ^
/usr/include/c++/4.8/bits/istream.tcc: At global scope:
/usr/include/c++/4.8/bits/istream.tcc:650:26: error: ‘streamsize’ has not been declared
     read(char_type* __s, streamsize __n)
                          ^
/usr/include/c++/4.8/bits/istream.tcc: In member function ‘std::basic_istream<_CharT, _Traits>& std::basic_istream<_CharT, _Traits>::read(std::basic_istream<_CharT, _Traits>::char_type*, int)’:
/usr/include/c++/4.8/bits/istream.tcc:652:7: error: ‘_M_gcount’ was not declared in this scope
       _M_gcount = 0;
       ^
/usr/include/c++/4.8/bits/istream.tcc: At global scope:
/usr/include/c++/4.8/bits/istream.tcc:677:5: error: ‘streamsize’ does not name a type
     streamsize
     ^
/usr/include/c++/4.8/bits/istream.tcc: In member function ‘std::basic_istream<_CharT, _Traits>& std::basic_istream<_CharT, _Traits>::putback(std::basic_istream<_CharT, _Traits>::char_type)’:
/usr/include/c++/4.8/bits/istream.tcc:715:7: error: ‘_M_gcount’ was not declared in this scope
       _M_gcount = 0;
       ^
/usr/include/c++/4.8/bits/istream.tcc: In member function ‘std::basic_istream<_CharT, _Traits>& std::basic_istream<_CharT, _Traits>::unget()’:
/usr/include/c++/4.8/bits/istream.tcc:750:7: error: ‘_M_gcount’ was not declared in this scope
       _M_gcount = 0;
       ^
/usr/include/c++/4.8/bits/istream.tcc: In function ‘std::basic_istream<_CharT, _Traits>& std::operator>>(std::basic_istream<_CharT, _Traits>&, _CharT2*)’:
/usr/include/c++/4.8/bits/istream.tcc:963:7: error: ‘streamsize’ was not declared in this scope
       streamsize __extracted = 0;
       ^
/usr/include/c++/4.8/bits/istream.tcc:963:18: error: expected ‘;’ before ‘__extracted’
       streamsize __extracted = 0;
                  ^
/usr/include/c++/4.8/bits/istream.tcc:971:19: error: expected ‘;’ before ‘__num’
        streamsize __num = __in.width();
                   ^
/usr/include/c++/4.8/bits/istream.tcc:972:12: error: ‘__num’ was not declared in this scope
        if (__num <= 0)
            ^
/usr/include/c++/4.8/bits/istream.tcc:973:49: error: type/value mismatch at argument 1 in template parameter list for ‘template<class _Value> struct __gnu_cxx::__numeric_traits’
   __num = __gnu_cxx::__numeric_traits<streamsize>::__max;
                                                 ^
/usr/include/c++/4.8/bits/istream.tcc:973:49: error:   expected a type, got ‘streamsize’
/usr/include/c++/4.8/bits/istream.tcc:981:15: error: ‘__extracted’ was not declared in this scope
        while (__extracted < __num - 1
               ^
/usr/include/c++/4.8/bits/istream.tcc:981:29: error: ‘__num’ was not declared in this scope
        while (__extracted < __num - 1
                             ^
/usr/include/c++/4.8/bits/istream.tcc:1006:12: error: ‘__extracted’ was not declared in this scope
       if (!__extracted)
            ^
make: *** [src/10-5 MidTermReview.o] Error 1
14:42:42 **** Incremental Build of configuration Debug for project 9-14CharArrays ****
make all 
Building file: ../src/9-14CharArrays.cpp
Invoking: GCC C++ Compiler
g++ -O0 -g3 -Wall -c -fmessage-length=0 -MMD -MP -MF"src/9-14CharArrays.d" -MT"src/9-14CharArrays.o" -o "src/9-14CharArrays.o" "../src/9-14CharArrays.cpp"
../src/9-14CharArrays.cpp:12:20: warning: extra tokens at end of #include directive [enabled by default]
 #include <string.h>; //needed to work the strcmp function to compare arrays
                    ^
../src/9-14CharArrays.cpp: In function ‘int main()’:
../src/9-14CharArrays.cpp:51:28: error: ‘_strcmpi’ was not declared in this scope
  if (_strcmpi (Name1, Name2) < 0)  //  _strcmpi says treat upper and lower case letters the same
                            ^
make: *** [src/9-14CharArrays.o] Error 1
14:42:43 **** Incremental Build of configuration Debug for project 9-16TwoDemensionalArrays ****
make all 
make: Nothing to be done for `all'.
14:42:43 **** Incremental Build of configuration Debug for project 9-16WorkingWithC-Type_Strings ****
make all 
Building file: ../src/9-16WorkingWithC-Type_Strings.cpp
Invoking: GCC C++ Compiler
g++ -O0 -g3 -Wall -c -fmessage-length=0 -MMD -MP -MF"src/9-16WorkingWithC-Type_Strings.d" -MT"src/9-16WorkingWithC-Type_Strings.o" -o "src/9-16WorkingWithC-Type_Strings.o" "../src/9-16WorkingWithC-Type_Strings.cpp"
../src/9-16WorkingWithC-Type_Strings.cpp: In function ‘int main()’:
../src/9-16WorkingWithC-Type_Strings.cpp:25:25: error: expected primary-expression before ‘)’ token
  if (strcmp (Str2, Str3,) < 0)   // strcmp compares ASCII codes for the characters (ie. uppercase ABCD, comes before lowercase abcd)
                         ^
../src/9-16WorkingWithC-Type_Strings.cpp:30:26: error: expected primary-expression before ‘)’ token
  if (strcmpi (Str3, Str4,) < 0) // strcmpi compares the case(upper or lower in visual studio
                          ^
../src/9-16WorkingWithC-Type_Strings.cpp:30:26: error: ‘strcmpi’ was not declared in this scope
../src/9-16WorkingWithC-Type_Strings.cpp:44:24: error: too many arguments to function ‘char* strcpy(char*, const char*)’
   strcpy (Str2, Str4, 3); // copies the characters from Str2 into Str1 and copies them, then copies three characters
                        ^
In file included from ../src/9-16WorkingWithC-Type_Strings.cpp:11:0:
/usr/include/string.h:129:14: note: declared here
 extern char *strcpy (char *__restrict __dest, const char *__restrict __src)
              ^
../src/9-16WorkingWithC-Type_Strings.cpp:18:7: warning: unused variable ‘Str5’ [-Wunused-variable]
  char Str5 [31] = "MILLIE";
       ^
make: *** [src/9-16WorkingWithC-Type_Strings.o] Error 1
14:42:44 **** Incremental Build of configuration Debug for project 9-28 Functions and Parameters ****
make all 
make: Nothing to be done for `all'.
14:42:44 **** Incremental Build of configuration Debug for project 9-30FunctionswithVariables ****
make all 
make: Nothing to be done for `all'.
14:42:44 **** Clean-only build of configuration Debug for project AirProject ****
make clean 
rm -rf  ./src/(11-09)\ AirProject.o ./src/Commands.o ./src/Planes.o ./src/ReadInt.o ./src/ReadString.o  ./src/(11-09)\ AirProject.d ./src/Commands.d ./src/Planes.d ./src/ReadInt.d ./src/ReadString.d  AirProject
/bin/sh: 1: Syntax error: "(" unexpected
make: [clean] Error 2 (ignored)
 

**** Build of configuration Debug for project AirProject ****

Nothing to build for project AirProject
14:42:45 **** Incremental Build of configuration Debug for project Calculator ****
make all 
Building file: ../src/Calculator.cpp
Invoking: GCC C++ Compiler
g++ -O0 -g3 -Wall -c -fmessage-length=0 -MMD -MP -MF"src/Calculator.d" -MT"src/Calculator.o" -o "src/Calculator.o" "../src/Calculator.cpp"
../src/Calculator.cpp: In function ‘int main()’:
../src/Calculator.cpp:51:9: error: expected ‘while’ before ‘(’ token
  switch (Op)    // YOU COULD CREATE A SWITCH HERE INSTEAD OF MULTIPLE IF STATEMENTS
         ^
../src/Calculator.cpp:52:3: error: expected ‘;’ before ‘{’ token
   {
   ^
../src/Calculator.cpp:53:2: error: case label ‘'x'’ not within a switch statement
  case 'x':
  ^
../src/Calculator.cpp:54:2: error: case label ‘'X'’ not within a switch statement
  case 'X': // if operator is 'x'- for end,
  ^
../src/Calculator.cpp:57:3: error: expected primary-expression before ‘}’ token
   }
   ^
../src/Calculator.cpp:57:3: error: expected ‘;’ before ‘}’ token
../src/Calculator.cpp:16:7: warning: unused variable ‘Num1’ [-Wunused-variable]
  int  Num1;
       ^
../src/Calculator.cpp:17:7: warning: unused variable ‘Num2’ [-Wunused-variable]
  int  Num2;
       ^
make: *** [src/Calculator.o] Error 1
14:42:46 **** Incremental Build of configuration Debug for project Choices ****
make all 
Building file: ../src/Choices.cpp
Invoking: GCC C++ Compiler
g++ -O0 -g3 -Wall -c -fmessage-length=0 -MMD -MP -MF"src/Choices.d" -MT"src/Choices.o" -o "src/Choices.o" "../src/Choices.cpp"
../src/Choices.cpp: In function ‘int main()’:
../src/Choices.cpp:64:4: warning: suggest explicit braces to avoid ambiguous ‘else’ [-Wparentheses]
 if (L1 < L2)
    ^
../src/Choices.cpp:71:1: error: ‘else’ without a previous ‘if’
 else
 ^
make: *** [src/Choices.o] Error 1
14:42:47 **** Incremental Build of configuration Debug for project ClassNotes ****
make all 
Building file: ../src/Class Notes.cpp
Invoking: GCC C++ Compiler
g++ -O0 -g3 -Wall -c -fmessage-length=0 -MMD -MP -MF"src/Class Notes.d" -MT"src/Class\ Notes.d" -o "src/Class Notes.o" "../src/Class Notes.cpp"
../src/Class Notes.cpp: In function ‘int main()’:
../src/Class Notes.cpp:21:7: error: expected unqualified-id before ‘<<’ token
   int << "L1 is now " << L1 << return 0;
       ^
../src/Class Notes.cpp:26:2: error: ‘count’ was not declared in this scope
  count << "L1 is now" << L1 << endl;
  ^
../src/Class Notes.cpp:30:2: error: ‘L3’ was not declared in this scope
  L3 = 5 * (L2 += 5) -2;
  ^
../src/Class Notes.cpp:56:18: warning: operation on ‘L1’ may be undefined [-Wsequence-point]
  L1 = L1++ + ++L1;
                  ^
../src/Class Notes.cpp:56:18: warning: operation on ‘L1’ may be undefined [-Wsequence-point]
../src/Class Notes.cpp:70:1: error: expected ‘}’ at end of input
 }
 ^
make: *** [src/Class Notes.o] Error 1
14:42:48 **** Incremental Build of configuration Debug for project Craps ****
make all 
make: Nothing to be done for `all'.
14:42:49 **** Incremental Build of configuration Debug for project CrapsNotes ****
make all 
make: Nothing to be done for `all'.
14:42:49 **** Incremental Build of configuration Debug for project Cryptology ****
make all 
make: Nothing to be done for `all'.
14:42:49 **** Incremental Build of configuration Debug for project FunctionCalculator ****
make all 
make: Nothing to be done for `all'.
14:42:49 **** Incremental Build of configuration Debug for project GoLifeNotes ****
make all 
Building file: ../src/GoLifeNotes.cpp
Invoking: GCC C++ Compiler
g++ -O0 -g3 -Wall -c -fmessage-length=0 -MMD -MP -MF"src/GoLifeNotes.d" -MT"src/GoLifeNotes.o" -o "src/GoLifeNotes.o" "../src/GoLifeNotes.cpp"
../src/GoLifeNotes.cpp: In function ‘int main()’:
../src/GoLifeNotes.cpp:23:16: warning: unused variable ‘WaitTime’ [-Wunused-variable]
  const time_t  WaitTime (2); //sets time a 2 seconds
                ^
../src/GoLifeNotes.cpp:28:8: warning: unused variable ‘Whiletest’ [-Wunused-variable]
   int  Whiletest;
        ^
../src/GoLifeNotes.cpp:31:11: warning: unused variable ‘CurrTime’ [-Wunused-variable]
   time_t  CurrTime; //shortcut way of writing unsigned long
           ^
../src/GoLifeNotes.cpp: At global scope:
../src/GoLifeNotes.cpp:87:1: error: expected unqualified-id before ‘for’
 for(int r=0; r<ROWS; r++)
 ^
../src/GoLifeNotes.cpp:87:14: error: ‘r’ does not name a type
 for(int r=0; r<ROWS; r++)
              ^
../src/GoLifeNotes.cpp:87:22: error: ‘r’ does not name a type
 for(int r=0; r<ROWS; r++)
                      ^
../src/GoLifeNotes.cpp:102:1: error: expected unqualified-id before ‘for’
 for(int r = 0; r < ROWS; r++)
 ^
../src/GoLifeNotes.cpp:102:16: error: ‘r’ does not name a type
 for(int r = 0; r < ROWS; r++)
                ^
../src/GoLifeNotes.cpp:102:26: error: ‘r’ does not name a type
 for(int r = 0; r < ROWS; r++)
                          ^
../src/GoLifeNotes.cpp:110:1: error: expected unqualified-id before ‘for’
 for(int k = 0; k < 10; k++)
 ^
../src/GoLifeNotes.cpp:110:16: error: ‘k’ does not name a type
 for(int k = 0; k < 10; k++)
                ^
../src/GoLifeNotes.cpp:110:24: error: ‘k’ does not name a type
 for(int k = 0; k < 10; k++)
                        ^
../src/GoLifeNotes.cpp:184:1: error: expected declaration before ‘}’ token
 }
 ^
make: *** [src/GoLifeNotes.o] Error 1
14:42:50 **** Incremental Build of configuration Debug for project GofLife ****
make all 
make: Nothing to be done for `all'.
14:42:51 **** Incremental Build of configuration Debug for project Lab03GenericDataArray ****
make all 
make: Nothing to be done for `all'.
14:42:51 **** Incremental Build of configuration Debug for project Lab04NameClass ****
make all 
make: Nothing to be done for `all'.
14:42:51 **** Incremental Build of configuration Debug for project Lab05inheritance ****
make all 
make: Nothing to be done for `all'.
14:42:51 **** Incremental Build of configuration Debug for project Lab11 ****
make all 
make: Nothing to be done for `all'.
14:42:52 **** Incremental Build of configuration Debug for project Lab12 ****
make all 
make: Nothing to be done for `all'.
14:42:52 **** Incremental Build of configuration Debug for project Lab12DynNameSort ****
make all 
make: Nothing to be done for `all'.

**** Build of configuration Debug for project Lab2 ****

Nothing to build for project Lab2
14:42:52 **** Incremental Build of configuration Debug for project Lab5Calculator ****
make all 
make: Nothing to be done for `all'.
14:42:53 **** Incremental Build of configuration Debug for project LabOneClasses ****
make all 
make: Nothing to be done for `all'.
14:42:53 **** Incremental Build of configuration Debug for project LoopForSums ****
make all 
make: Nothing to be done for `all'.
14:42:53 **** Incremental Build of configuration Debug for project Loops ****
make all 
make: Nothing to be done for `all'.
14:42:53 **** Incremental Build of configuration Debug for project LowerCaseString02-29 ****
make all 
Building file: ../src/02-29LowerCaseString.cpp
Invoking: GCC C++ Compiler
g++ -I/home/mbd06b/eclipse/libraries -O0 -g3 -Wall -c -fmessage-length=0 -MMD -MP -MF"src/02-29LowerCaseString.d" -MT"src/02-29LowerCaseString.o" -o "src/02-29LowerCaseString.o" "../src/02-29LowerCaseString.cpp"
In file included from ../src/02-29LowerCaseString.cpp:10:0:
../src/LowerCaseString.h:12:24: fatal error: WCS_String.h: No such file or directory
 #include <WCS_String.h>
                        ^
compilation terminated.
make: *** [src/02-29LowerCaseString.o] Error 1
14:42:54 **** Incremental Build of configuration Debug for project Palindrome ****
make all 
make: Nothing to be done for `all'.
14:42:54 **** Incremental Build of configuration Debug for project Poker ****
make all 
make: Nothing to be done for `all'.
14:42:55 **** Incremental Build of configuration Debug for project Program4Solution ****
make all 
make: Nothing to be done for `all'.
14:42:55 **** Incremental Build of configuration Debug for project ProgramThree ****
make all 
make: Nothing to be done for `all'.
14:42:55 **** Incremental Build of configuration Debug for project ProgramTwo ****
make all 
make: Nothing to be done for `all'.
14:42:56 **** Incremental Build of configuration Debug for project SimpleFunction ****
make all 
make: Nothing to be done for `all'.
14:42:56 **** Incremental Build of configuration Debug for project SortLab ****
make all 
make: Nothing to be done for `all'.
14:42:56 **** Incremental Build of configuration Debug for project StudentRecords ****
make all 
make: Nothing to be done for `all'.
14:42:56 **** Incremental Build of configuration Debug for project Switch ****
make all 
make: Nothing to be done for `all'.
14:42:56 **** Incremental Build of configuration Debug for project Test ****
make all 
make: Nothing to be done for `all'.
14:42:57 **** Incremental Build of configuration Debug for project WhileTest ****
make all 
make: Nothing to be done for `all'.
15:05:35 **** Incremental Build of configuration Debug for project (10-19) Pointers ****
make all 
Building file: ../src/(10-19) Pointers.cpp
Invoking: GCC C++ Compiler
g++ -O0 -g3 -Wall -c -fmessage-length=0 -MMD -MP -MF"src/(10-19) Pointers.d" -MT"src/(10-19)\ Pointers.d" -o "src/(10-19) Pointers.o" "../src/(10-19) Pointers.cpp"
../src/(10-19) Pointers.cpp: In function ‘int main()’:
../src/(10-19) Pointers.cpp:44:37: error: cast from ‘int*’ to ‘int’ loses precision [-fpermissive]
     cout << "pInt now has " << (int)pInt << endl;  // prints the same address.
                                     ^
../src/(10-19) Pointers.cpp:46:39: error: cast from ‘int*’ to ‘int’ loses precision [-fpermissive]
     cout << "pInt contains " << (int) pInt << " and now points to " << *pInt << endl; // prints points to the -1 in our array.
                                       ^
../src/(10-19) Pointers.cpp:48:39: error: cast from ‘int*’ to ‘int’ loses precision [-fpermissive]
     cout << "pInt contains " << (int) pInt << " and now points to " << *pInt << endl; //points to -2 in our array A.
                                       ^
../src/(10-19) Pointers.cpp:51:38: error: cast from ‘int*’ to ‘int’ loses precision [-fpermissive]
    cout << "pInt contains " << (int) pInt << " and now points to " << *pInt << endl;
                                      ^
../src/(10-19) Pointers.cpp:55:38: error: cast from ‘int*’ to ‘int’ loses precision [-fpermissive]
    cout << "pInt contains " << (int) pInt << " and now points to " << *pInt << endl;
                                      ^
../src/(10-19) Pointers.cpp:15:8: warning: unused variable ‘pChar’ [-Wunused-variable]
  char* pChar; //the space between the data type and * is optional
        ^
make: *** [src/(10-19) Pointers.o] Error 1
15:05:41 **** Incremental Build of configuration Debug for project (10-19) TwoDArrays ****
make all 
Building target: (10-19) TwoDArrays
Invoking: GCC C++ Linker
g++  -o "(10-19) TwoDArrays"  ./src/(10-19)\ TwoDArrays.o   
/bin/sh: 1: Syntax error: "(" unexpected
make: *** [(10-19) TwoDArrays] Error 2
15:05:41 **** Incremental Build of configuration Debug for project (10-21) Dynamic Memory ****
make all 
Building file: ../src/(10-21) Dynamic Memory.cpp
Invoking: GCC C++ Compiler
g++ -O0 -g3 -Wall -c -fmessage-length=0 -MMD -MP -MF"src/(10-21) Dynamic Memory.d" -MT"src/(10-21)\ Dynamic\ Memory.d" -o "src/(10-21) Dynamic Memory.o" "../src/(10-21) Dynamic Memory.cpp"
../src/(10-21) Dynamic Memory.cpp: In function ‘int main()’:
../src/(10-21) Dynamic Memory.cpp:56:3: error: a function-definition is not allowed here before ‘{’ token
   {
   ^
../src/(10-21) Dynamic Memory.cpp:69:3: error: a function-definition is not allowed here before ‘{’ token
   {
   ^
../src/(10-21) Dynamic Memory.cpp:83:4: error: a function-definition is not allowed here before ‘{’ token
    {
    ^
../src/(10-21) Dynamic Memory.cpp:98:3: error: a function-definition is not allowed here before ‘{’ token
   {
   ^
../src/(10-21) Dynamic Memory.cpp:113:1: error: expected ‘}’ at end of input
 }
 ^
make: *** [src/(10-21) Dynamic Memory.o] Error 1
15:05:42 **** Incremental Build of configuration Debug for project (10-26)Array of Pointers ****
make all 
Building target: (10-26)Array of Pointers
Invoking: GCC C++ Linker
g++  -o "(10-26)Array of Pointers"  ./src/(10-26)Array\ of\ Pointers.o   
/bin/sh: 1: Syntax error: "(" unexpected
make: *** [(10-26)Array of Pointers] Error 2
15:05:42 **** Incremental Build of configuration Debug for project (10-26)BinarySearch ****
make all 
Building target: (10-26)BinarySearch
Invoking: GCC C++ Linker
g++  -o "(10-26)BinarySearch"  ./src/(10-26)BinarySearch.o ./src/BinarySFunc.o   
/bin/sh: 1: Syntax error: "(" unexpected
make: *** [(10-26)BinarySearch] Error 2
15:05:42 **** Incremental Build of configuration Debug for project (10-28) Structures (Cards) ****
make all 
Building target: lib
Invoking: GCC C++ Linker
g++ -shared -o "lib(10-28) Structures (Cards)"  ./src/(10-28)\ Structures\ (Cards).o ./src/Card.o   
/bin/sh: 1: Syntax error: "(" unexpected
make: *** [lib(10-28) Structures (Cards)] Error 2
15:05:43 **** Incremental Build of configuration Debug for project (11-04) Dynamic Array of Names ****
make all 
Building file: ../src/(11-04) Dynamic Array of Names.cpp
Invoking: GCC C++ Compiler
g++ -O0 -g3 -Wall -c -fmessage-length=0 -MMD -MP -MF"src/(11-04) Dynamic Array of Names.d" -MT"src/(11-04)\ Dynamic\ Array\ of\ Names.d" -o "src/(11-04) Dynamic Array of Names.o" "../src/(11-04) Dynamic Array of Names.cpp"
../src/(11-04) Dynamic Array of Names.cpp: In function ‘int main()’:
../src/(11-04) Dynamic Array of Names.cpp:25:11: warning: unused variable ‘Temp’ [-Wunused-variable]
  char  ** Temp;
           ^
../src/(11-04) Dynamic Array of Names.cpp: In function ‘void Func1(char**, int)’:
../src/(11-04) Dynamic Array of Names.cpp:54:10: error: ‘pNames’ was not declared in this scope
  strcmp (pNames [0], pNames [1]);
          ^
../src/(11-04) Dynamic Array of Names.cpp: In function ‘int Search(char**, char*, int)’:
../src/(11-04) Dynamic Array of Names.cpp:61:26: warning: statement has no effect [-Wunused-value]
  strcmp (pNames [0], Name);
                          ^
../src/(11-04) Dynamic Array of Names.cpp:62:1: warning: no return statement in function returning non-void [-Wreturn-type]
 }
 ^
make: *** [src/(11-04) Dynamic Array of Names.o] Error 1
15:05:43 **** Incremental Build of configuration Debug for project (11-09) AirProject ****
make all 
Building file: ../src/(11-09) AirProject.cpp
Invoking: GCC C++ Compiler
g++ -O0 -g3 -Wall -c -fmessage-length=0 -MMD -MP -MF"src/(11-09) AirProject.d" -MT"src/(11-09)\ AirProject.d" -o "src/(11-09) AirProject.o" "../src/(11-09) AirProject.cpp"
../src/(11-09) AirProject.cpp: In function ‘int main()’:
../src/(11-09) AirProject.cpp:33:20: error: ‘ReadInt’ was not declared in this scope
    Size = ReadInt ();
                    ^
../src/(11-09) AirProject.cpp:72:23: error: ‘ReadString’ was not declared in this scope
     Size = ReadString();
                       ^
../src/(11-09) AirProject.cpp:93:21: error: expected primary-expression before ‘;’ token
      delete [] Party;
                     ^
make: *** [src/(11-09) AirProject.o] Error 1
15:05:44 **** Incremental Build of configuration Debug for project (11-11) Recursion ****
make all 
Building target: (11-11) Recursion
Invoking: GCC C++ Linker
/bin/sh: 1: Syntax error: "(" unexpected
g++  -o "(11-11) Recursion"  ./src/(11-11)\ Recursion.o   
make: *** [(11-11) Recursion] Error 2
15:05:44 **** Incremental Build of configuration Debug for project (11-16) Bitwise Operators ****
make all 
Building target: (11-16) Bitwise Operators
Invoking: GCC C++ Linker
g++  -o "(11-16) Bitwise Operators"  ./src/(11-16)\ Bitwise\ Operators.o   
/bin/sh: 1: Syntax error: "(" unexpected
make: *** [(11-16) Bitwise Operators] Error 2
15:05:44 **** Incremental Build of configuration Debug for project (20-21) ReadString ****
make all 
Building target: (20-21) ReadString
Invoking: GCC C++ Linker
g++  -o "(20-21) ReadString"  ./src/(20-21)\ ReadString.o ./src/ReadString.o   
/bin/sh: 1: Syntax error: "(" unexpected
make: *** [(20-21) ReadString] Error 2
15:05:45 **** Incremental Build of configuration Debug for project 01-25myStringConstructors ****
make all 
make: Nothing to be done for `all'.
15:05:45 **** Incremental Build of configuration Debug for project 02-03 IntArray ****
make all 
make: Nothing to be done for `all'.
15:05:45 **** Incremental Build of configuration Debug for project 03-21Static ****
make all 
make: Nothing to be done for `all'.
15:05:45 **** Incremental Build of configuration Debug for project 03-23ReadfromFile ****
make all 
make: Nothing to be done for `all'.
15:05:45 **** Incremental Build of configuration Default for project 03-28CommaDelimitedStrings ****
make all 
make: Nothing to be done for `all'.
15:05:46 **** Incremental Build of configuration Debug for project 03-30 IO Operations ****
make all 
make: Nothing to be done for `all'.
15:05:46 **** Incremental Build of configuration Debug for project 03-30Average ****
make all 
make: Nothing to be done for `all'.
15:05:46 **** Incremental Build of configuration Debug for project 03-30MainArguments ****
make all 
make: Nothing to be done for `all'.
15:05:46 **** Incremental Build of configuration Debug for project 09-09Arrays ****
make all 
make: Nothing to be done for `all'.
15:05:47 **** Incremental Build of configuration Debug for project 09-16MoreCharArrays ****
make all 
make: Nothing to be done for `all'.
15:05:47 **** Incremental Build of configuration Debug for project 09-23 ReadInt Function ****
make all 
make: Nothing to be done for `all'.
15:05:47 **** Incremental Build of configuration Debug for project 09-30 Functions with Arrays ****
make all 
Building file: ../src/Main.cpp
Invoking: GCC C++ Compiler
g++ -O0 -g3 -Wall -c -fmessage-length=0 -MMD -MP -MF"src/Main.d" -MT"src/Main.o" -o "src/Main.o" "../src/Main.cpp"
../src/Main.cpp: In function ‘int main()’:
../src/Main.cpp:20:79: error: ‘CountCharacters’ was not declared in this scope
  cout << "Number of characters in " << Str1 << " is " << CountCharacters (Str1) << endl;
                                                                               ^
../src/Main.cpp:17:7: warning: unused variable ‘ValidOperators’ [-Wunused-variable]
  char ValidOperators [] = "+-*/XxCc";
       ^
../src/Main.cpp:18:8: warning: unused variable ‘Op’ [-Wunused-variable]
  char  Op;
        ^
make: *** [src/Main.o] Error 1
15:05:48 **** Incremental Build of configuration Debug for project 10-05 Dice ****
make all 
make: Nothing to be done for `all'.
15:05:48 **** Incremental Build of configuration Debug for project 10-14 Sinking Sort ****
make all 
make: Nothing to be done for `all'.
15:05:48 **** Incremental Build of configuration Debug for project 10-5 MidTermReview ****
make all 
Building file: ../src/10-5 MidTermReview.cpp
Invoking: GCC C++ Compiler
g++ -O0 -g3 -Wall -c -fmessage-length=0 -MMD -MP -MF"src/10-5 MidTermReview.d" -MT"src/10-5\ MidTermReview.d" -o "src/10-5 MidTermReview.o" "../src/10-5 MidTermReview.cpp"
../src/10-5 MidTermReview.cpp:37:1: error: expected unqualified-id before ‘for’
 for (int i = 0; i < 10; i += 2)
 ^
../src/10-5 MidTermReview.cpp:37:17: error: ‘i’ does not name a type
 for (int i = 0; i < 10; i += 2)
                 ^
../src/10-5 MidTermReview.cpp:37:25: error: ‘i’ does not name a type
 for (int i = 0; i < 10; i += 2)
                         ^
../src/10-5 MidTermReview.cpp:49:1: error: ‘a’ does not name a type
 a = 7;
 ^
../src/10-5 MidTermReview.cpp:50:1: error: ‘b’ does not name a type
 b = 3;
 ^
../src/10-5 MidTermReview.cpp:51:1: error: ‘c’ does not name a type
 c = (a + 4.0) / (b - 1) + 0.4;
 ^
../src/10-5 MidTermReview.cpp:52:1: error: ‘cout’ does not name a type
 cout << "the result is: " << c << endl:
 ^
../src/10-5 MidTermReview.cpp:62:6: error: expected unqualified-id before ‘for’
      for (i = 100; i <= 200; i++)
      ^
../src/10-5 MidTermReview.cpp:62:20: error: ‘i’ does not name a type
      for (i = 100; i <= 200; i++)
                    ^
../src/10-5 MidTermReview.cpp:62:30: error: ‘i’ does not name a type
      for (i = 100; i <= 200; i++)
                              ^
../src/10-5 MidTermReview.cpp:75:5: error: expected unqualified-id before ‘do’
     do {
     ^
../src/10-5 MidTermReview.cpp:83:8: error: expected unqualified-id before ‘while’
      } while (A != 'x')
        ^
In file included from /usr/include/c++/4.8/iosfwd:40:0,
                 from /usr/include/c++/4.8/ios:38,
                 from /usr/include/c++/4.8/ostream:38,
                 from /usr/include/c++/4.8/iostream:39,
                 from ../src/10-5 MidTermReview.cpp:89:
/usr/include/c++/4.8/bits/postypes.h:98:11: error: ‘ptrdiff_t’ does not name a type
   typedef ptrdiff_t streamsize; // Signed integral type
           ^
In file included from /usr/include/c++/4.8/bits/stl_algobase.h:65:0,
                 from /usr/include/c++/4.8/bits/char_traits.h:39,
                 from /usr/include/c++/4.8/ios:40,
                 from /usr/include/c++/4.8/ostream:38,
                 from /usr/include/c++/4.8/iostream:39,
                 from ../src/10-5 MidTermReview.cpp:89:
/usr/include/c++/4.8/bits/stl_iterator_base_types.h:116:67: error: expected type-specifier before ‘ptrdiff_t’
   template<typename _Category, typename _Tp, typename _Distance = ptrdiff_t,
                                                                   ^
/usr/include/c++/4.8/bits/stl_iterator_base_types.h:116:67: error: expected ‘>’ before ‘ptrdiff_t’
/usr/include/c++/4.8/bits/stl_iterator_base_types.h:127:15: error: ‘_Pointer’ does not name a type
       typedef _Pointer   pointer;
               ^
/usr/include/c++/4.8/bits/stl_iterator_base_types.h:129:15: error: ‘_Reference’ does not name a type
       typedef _Reference reference;
               ^
/usr/include/c++/4.8/bits/stl_iterator_base_types.h:179:15: error: ‘ptrdiff_t’ does not name a type
       typedef ptrdiff_t                   difference_type;
               ^
/usr/include/c++/4.8/bits/stl_iterator_base_types.h:190:15: error: ‘ptrdiff_t’ does not name a type
       typedef ptrdiff_t                   difference_type;
               ^
In file included from /usr/include/c++/4.8/bits/stl_algobase.h:67:0,
                 from /usr/include/c++/4.8/bits/char_traits.h:39,
                 from /usr/include/c++/4.8/ios:40,
                 from /usr/include/c++/4.8/ostream:38,
                 from /usr/include/c++/4.8/iostream:39,
                 from ../src/10-5 MidTermReview.cpp:89:
/usr/include/c++/4.8/bits/stl_iterator.h:101:69: error: wrong number of template arguments (5, should be 3)
                       typename iterator_traits<_Iterator>::reference>
                                                                     ^
In file included from /usr/include/c++/4.8/bits/stl_algobase.h:65:0,
                 from /usr/include/c++/4.8/bits/char_traits.h:39,
                 from /usr/include/c++/4.8/ios:40,
                 from /usr/include/c++/4.8/ostream:38,
                 from /usr/include/c++/4.8/iostream:39,
                 from ../src/10-5 MidTermReview.cpp:89:
/usr/include/c++/4.8/bits/stl_iterator_base_types.h:118:12: error: provided for ‘template<class _Category, class _Tp, class _Distance> struct std::iterator’
     struct iterator
            ^
In file included from /usr/include/c++/4.8/bits/stl_algobase.h:67:0,
                 from /usr/include/c++/4.8/bits/char_traits.h:39,
                 from /usr/include/c++/4.8/ios:40,
                 from /usr/include/c++/4.8/ostream:38,
                 from /usr/include/c++/4.8/iostream:39,
                 from ../src/10-5 MidTermReview.cpp:89:
/usr/include/c++/4.8/bits/stl_iterator.h:403:66: error: wrong number of template arguments (5, should be 3)
     : public iterator<output_iterator_tag, void, void, void, void>
                                                                  ^
In file included from /usr/include/c++/4.8/bits/stl_algobase.h:65:0,
                 from /usr/include/c++/4.8/bits/char_traits.h:39,
                 from /usr/include/c++/4.8/ios:40,
                 from /usr/include/c++/4.8/ostream:38,
                 from /usr/include/c++/4.8/iostream:39,
                 from ../src/10-5 MidTermReview.cpp:89:
/usr/include/c++/4.8/bits/stl_iterator_base_types.h:118:12: error: provided for ‘template<class _Category, class _Tp, class _Distance> struct std::iterator’
     struct iterator
            ^
In file included from /usr/include/c++/4.8/bits/stl_algobase.h:67:0,
                 from /usr/include/c++/4.8/bits/char_traits.h:39,
                 from /usr/include/c++/4.8/ios:40,
                 from /usr/include/c++/4.8/ostream:38,
                 from /usr/include/c++/4.8/iostream:39,
                 from ../src/10-5 MidTermReview.cpp:89:
/usr/include/c++/4.8/bits/stl_iterator.h:494:66: error: wrong number of template arguments (5, should be 3)
     : public iterator<output_iterator_tag, void, void, void, void>
                                                                  ^
In file included from /usr/include/c++/4.8/bits/stl_algobase.h:65:0,
                 from /usr/include/c++/4.8/bits/char_traits.h:39,
                 from /usr/include/c++/4.8/ios:40,
                 from /usr/include/c++/4.8/ostream:38,
                 from /usr/include/c++/4.8/iostream:39,
                 from ../src/10-5 MidTermReview.cpp:89:
/usr/include/c++/4.8/bits/stl_iterator_base_types.h:118:12: error: provided for ‘template<class _Category, class _Tp, class _Distance> struct std::iterator’
     struct iterator
            ^
In file included from /usr/include/c++/4.8/bits/stl_algobase.h:67:0,
                 from /usr/include/c++/4.8/bits/char_traits.h:39,
                 from /usr/include/c++/4.8/ios:40,
                 from /usr/include/c++/4.8/ostream:38,
                 from /usr/include/c++/4.8/iostream:39,
                 from ../src/10-5 MidTermReview.cpp:89:
/usr/include/c++/4.8/bits/stl_iterator.h:588:66: error: wrong number of template arguments (5, should be 3)
     : public iterator<output_iterator_tag, void, void, void, void>
                                                                  ^
In file included from /usr/include/c++/4.8/bits/stl_algobase.h:65:0,
                 from /usr/include/c++/4.8/bits/char_traits.h:39,
                 from /usr/include/c++/4.8/ios:40,
                 from /usr/include/c++/4.8/ostream:38,
                 from /usr/include/c++/4.8/iostream:39,
                 from ../src/10-5 MidTermReview.cpp:89:
/usr/include/c++/4.8/bits/stl_iterator_base_types.h:118:12: error: provided for ‘template<class _Category, class _Tp, class _Distance> struct std::iterator’
     struct iterator
            ^
In file included from /usr/include/c++/4.8/bits/char_traits.h:39:0,
                 from /usr/include/c++/4.8/ios:40,
                 from /usr/include/c++/4.8/ostream:38,
                 from /usr/include/c++/4.8/iostream:39,
                 from ../src/10-5 MidTermReview.cpp:89:
/usr/include/c++/4.8/bits/stl_algobase.h: In static member function ‘static _Tp* std::__copy_move<_IsMove, true, std::random_access_iterator_tag>::__copy_m(const _Tp*, const _Tp*, _Tp*)’:
/usr/include/c++/4.8/bits/stl_algobase.h:370:10: error: ‘ptrdiff_t’ does not name a type
    const ptrdiff_t _Num = __last - __first;
          ^
/usr/include/c++/4.8/bits/stl_algobase.h:371:8: error: ‘_Num’ was not declared in this scope
    if (_Num)
        ^
/usr/include/c++/4.8/bits/stl_algobase.h:373:22: error: ‘_Num’ was not declared in this scope
    return __result + _Num;
                      ^
/usr/include/c++/4.8/bits/stl_algobase.h: In static member function ‘static _Tp* std::__copy_move_backward<_IsMove, true, std::random_access_iterator_tag>::__copy_move_b(const _Tp*, const _Tp*, _Tp*)’:
/usr/include/c++/4.8/bits/stl_algobase.h:565:10: error: ‘ptrdiff_t’ does not name a type
    const ptrdiff_t _Num = __last - __first;
          ^
/usr/include/c++/4.8/bits/stl_algobase.h:566:8: error: ‘_Num’ was not declared in this scope
    if (_Num)
        ^
/usr/include/c++/4.8/bits/stl_algobase.h:568:22: error: ‘_Num’ was not declared in this scope
    return __result - _Num;
                      ^
In file included from /usr/include/c++/4.8/ios:40:0,
                 from /usr/include/c++/4.8/ostream:38,
                 from /usr/include/c++/4.8/iostream:39,
                 from ../src/10-5 MidTermReview.cpp:89:
/usr/include/c++/4.8/bits/char_traits.h: At global scope:
/usr/include/c++/4.8/bits/char_traits.h:104:66: error: ‘std::size_t’ has not been declared
       compare(const char_type* __s1, const char_type* __s2, std::size_t __n);
                                                                  ^
/usr/include/c++/4.8/bits/char_traits.h:106:14: error: ‘size_t’ in namespace ‘std’ does not name a type
       static std::size_t
              ^
/usr/include/c++/4.8/bits/char_traits.h:110:39: error: ‘std::size_t’ has not been declared
       find(const char_type* __s, std::size_t __n, const char_type& __a);
                                       ^
/usr/include/c++/4.8/bits/char_traits.h:113:57: error: ‘std::size_t’ has not been declared
       move(char_type* __s1, const char_type* __s2, std::size_t __n);
                                                         ^
/usr/include/c++/4.8/bits/char_traits.h:116:57: error: ‘std::size_t’ has not been declared
       copy(char_type* __s1, const char_type* __s2, std::size_t __n);
                                                         ^
/usr/include/c++/4.8/bits/char_traits.h:119:35: error: ‘std::size_t’ has not been declared
       assign(char_type* __s, std::size_t __n, char_type __a);
                                   ^
/usr/include/c++/4.8/bits/char_traits.h:145:64: error: ‘std::size_t’ has not been declared
     compare(const char_type* __s1, const char_type* __s2, std::size_t __n)
                                                                ^
/usr/include/c++/4.8/bits/char_traits.h: In static member function ‘static int __gnu_cxx::char_traits<_CharT>::compare(const char_type*, const char_type*, int)’:
/usr/include/c++/4.8/bits/char_traits.h:147:12: error: ‘size_t’ is not a member of ‘std’
       for (std::size_t __i = 0; __i < __n; ++__i)
            ^
/usr/include/c++/4.8/bits/char_traits.h:147:12: note: suggested alternative:
In file included from /usr/include/wchar.h:51:0,
                 from /usr/include/c++/4.8/cwchar:44,
                 from /usr/include/c++/4.8/bits/postypes.h:40,
                 from /usr/include/c++/4.8/iosfwd:40,
                 from /usr/include/c++/4.8/ios:38,
                 from /usr/include/c++/4.8/ostream:38,
                 from /usr/include/c++/4.8/iostream:39,
                 from ../src/10-5 MidTermReview.cpp:89:
/usr/lib/gcc/x86_64-linux-gnu/4.8/include/stddef.h:212:23: note:   ‘size_t’
 typedef __SIZE_TYPE__ size_t;
                       ^
In file included from /usr/include/c++/4.8/ios:40:0,
                 from /usr/include/c++/4.8/ostream:38,
                 from /usr/include/c++/4.8/iostream:39,
                 from ../src/10-5 MidTermReview.cpp:89:
/usr/include/c++/4.8/bits/char_traits.h:147:24: error: expected ‘;’ before ‘__i’
       for (std::size_t __i = 0; __i < __n; ++__i)
                        ^
/usr/include/c++/4.8/bits/char_traits.h:147:33: error: ‘__i’ was not declared in this scope
       for (std::size_t __i = 0; __i < __n; ++__i)
                                 ^
/usr/include/c++/4.8/bits/char_traits.h: At global scope:
/usr/include/c++/4.8/bits/char_traits.h:156:5: error: ‘size_t’ in namespace ‘std’ does not name a type
     std::size_t
     ^
/usr/include/c++/4.8/bits/char_traits.h:169:37: error: ‘std::size_t’ has not been declared
     find(const char_type* __s, std::size_t __n, const char_type& __a)
                                     ^
/usr/include/c++/4.8/bits/char_traits.h: In static member function ‘static const char_type* __gnu_cxx::char_traits<_CharT>::find(const char_type*, int, const char_type&)’:
/usr/include/c++/4.8/bits/char_traits.h:171:12: error: ‘size_t’ is not a member of ‘std’
       for (std::size_t __i = 0; __i < __n; ++__i)
            ^
/usr/include/c++/4.8/bits/char_traits.h:171:12: note: suggested alternative:
In file included from /usr/include/wchar.h:51:0,
                 from /usr/include/c++/4.8/cwchar:44,
                 from /usr/include/c++/4.8/bits/postypes.h:40,
                 from /usr/include/c++/4.8/iosfwd:40,
                 from /usr/include/c++/4.8/ios:38,
                 from /usr/include/c++/4.8/ostream:38,
                 from /usr/include/c++/4.8/iostream:39,
                 from ../src/10-5 MidTermReview.cpp:89:
/usr/lib/gcc/x86_64-linux-gnu/4.8/include/stddef.h:212:23: note:   ‘size_t’
 typedef __SIZE_TYPE__ size_t;
                       ^
In file included from /usr/include/c++/4.8/ios:40:0,
                 from /usr/include/c++/4.8/ostream:38,
                 from /usr/include/c++/4.8/iostream:39,
                 from ../src/10-5 MidTermReview.cpp:89:
/usr/include/c++/4.8/bits/char_traits.h:171:24: error: expected ‘;’ before ‘__i’
       for (std::size_t __i = 0; __i < __n; ++__i)
                        ^
/usr/include/c++/4.8/bits/char_traits.h:171:33: error: ‘__i’ was not declared in this scope
       for (std::size_t __i = 0; __i < __n; ++__i)
                                 ^
/usr/include/c++/4.8/bits/char_traits.h: At global scope:
/usr/include/c++/4.8/bits/char_traits.h:180:55: error: ‘std::size_t’ has not been declared
     move(char_type* __s1, const char_type* __s2, std::size_t __n)
                                                       ^
/usr/include/c++/4.8/bits/char_traits.h:189:55: error: ‘std::size_t’ has not been declared
     copy(char_type* __s1, const char_type* __s2, std::size_t __n)
                                                       ^
/usr/include/c++/4.8/bits/char_traits.h:199:33: error: ‘std::size_t’ has not been declared
     assign(char_type* __s, std::size_t __n, char_type __a)
                                 ^
In file included from /usr/include/c++/4.8/ext/new_allocator.h:33:0,
                 from /usr/include/x86_64-linux-gnu/c++/4.8/bits/c++allocator.h:33,
                 from /usr/include/c++/4.8/bits/allocator.h:46,
                 from /usr/include/c++/4.8/string:41,
                 from /usr/include/c++/4.8/bits/locale_classes.h:40,
                 from /usr/include/c++/4.8/bits/ios_base.h:41,
                 from /usr/include/c++/4.8/ios:42,
                 from /usr/include/c++/4.8/ostream:38,
                 from /usr/include/c++/4.8/iostream:39,
                 from ../src/10-5 MidTermReview.cpp:89:
/usr/include/c++/4.8/new:91:31: error: declaration of ‘operator new’ as non-function
 void* operator new(std::size_t) _GLIBCXX_THROW (std::bad_alloc)
                               ^
/usr/include/c++/4.8/new:91:20: error: ‘size_t’ is not a member of ‘std’
 void* operator new(std::size_t) _GLIBCXX_THROW (std::bad_alloc)
                    ^
/usr/include/c++/4.8/new:91:20: note: suggested alternative:
In file included from /usr/include/wchar.h:51:0,
                 from /usr/include/c++/4.8/cwchar:44,
                 from /usr/include/c++/4.8/bits/postypes.h:40,
                 from /usr/include/c++/4.8/iosfwd:40,
                 from /usr/include/c++/4.8/ios:38,
                 from /usr/include/c++/4.8/ostream:38,
                 from /usr/include/c++/4.8/iostream:39,
                 from ../src/10-5 MidTermReview.cpp:89:
/usr/lib/gcc/x86_64-linux-gnu/4.8/include/stddef.h:212:23: note:   ‘size_t’
 typedef __SIZE_TYPE__ size_t;
                       ^
In file included from /usr/include/c++/4.8/ext/new_allocator.h:33:0,
                 from /usr/include/x86_64-linux-gnu/c++/4.8/bits/c++allocator.h:33,
                 from /usr/include/c++/4.8/bits/allocator.h:46,
                 from /usr/include/c++/4.8/string:41,
                 from /usr/include/c++/4.8/bits/locale_classes.h:40,
                 from /usr/include/c++/4.8/bits/ios_base.h:41,
                 from /usr/include/c++/4.8/ios:42,
                 from /usr/include/c++/4.8/ostream:38,
                 from /usr/include/c++/4.8/iostream:39,
                 from ../src/10-5 MidTermReview.cpp:89:
/usr/include/c++/4.8/new:93:33: error: declaration of ‘operator new []’ as non-function
 void* operator new[](std::size_t) _GLIBCXX_THROW (std::bad_alloc)
                                 ^
/usr/include/c++/4.8/new:93:22: error: ‘size_t’ is not a member of ‘std’
 void* operator new[](std::size_t) _GLIBCXX_THROW (std::bad_alloc)
                      ^
/usr/include/c++/4.8/new:93:22: note: suggested alternative:
In file included from /usr/include/wchar.h:51:0,
                 from /usr/include/c++/4.8/cwchar:44,
                 from /usr/include/c++/4.8/bits/postypes.h:40,
                 from /usr/include/c++/4.8/iosfwd:40,
                 from /usr/include/c++/4.8/ios:38,
                 from /usr/include/c++/4.8/ostream:38,
                 from /usr/include/c++/4.8/iostream:39,
                 from ../src/10-5 MidTermReview.cpp:89:
/usr/lib/gcc/x86_64-linux-gnu/4.8/include/stddef.h:212:23: note:   ‘size_t’
 typedef __SIZE_TYPE__ size_t;
                       ^
In file included from /usr/include/c++/4.8/ext/new_allocator.h:33:0,
                 from /usr/include/x86_64-linux-gnu/c++/4.8/bits/c++allocator.h:33,
                 from /usr/include/c++/4.8/bits/allocator.h:46,
                 from /usr/include/c++/4.8/string:41,
                 from /usr/include/c++/4.8/bits/locale_classes.h:40,
                 from /usr/include/c++/4.8/bits/ios_base.h:41,
                 from /usr/include/c++/4.8/ios:42,
                 from /usr/include/c++/4.8/ostream:38,
                 from /usr/include/c++/4.8/iostream:39,
                 from ../src/10-5 MidTermReview.cpp:89:
/usr/include/c++/4.8/new:99:25: error: declaration of ‘operator new’ as non-function
 void* operator new(std::size_t, const std::nothrow_t&) _GLIBCXX_USE_NOEXCEPT
                         ^
/usr/include/c++/4.8/new:99:20: error: ‘size_t’ is not a member of ‘std’
 void* operator new(std::size_t, const std::nothrow_t&) _GLIBCXX_USE_NOEXCEPT
                    ^
/usr/include/c++/4.8/new:99:20: note: suggested alternative:
In file included from /usr/include/wchar.h:51:0,
                 from /usr/include/c++/4.8/cwchar:44,
                 from /usr/include/c++/4.8/bits/postypes.h:40,
                 from /usr/include/c++/4.8/iosfwd:40,
                 from /usr/include/c++/4.8/ios:38,
                 from /usr/include/c++/4.8/ostream:38,
                 from /usr/include/c++/4.8/iostream:39,
                 from ../src/10-5 MidTermReview.cpp:89:
/usr/lib/gcc/x86_64-linux-gnu/4.8/include/stddef.h:212:23: note:   ‘size_t’
 typedef __SIZE_TYPE__ size_t;
                       ^
In file included from /usr/include/c++/4.8/ext/new_allocator.h:33:0,
                 from /usr/include/x86_64-linux-gnu/c++/4.8/bits/c++allocator.h:33,
                 from /usr/include/c++/4.8/bits/allocator.h:46,
                 from /usr/include/c++/4.8/string:41,
                 from /usr/include/c++/4.8/bits/locale_classes.h:40,
                 from /usr/include/c++/4.8/bits/ios_base.h:41,
                 from /usr/include/c++/4.8/ios:42,
                 from /usr/include/c++/4.8/ostream:38,
                 from /usr/include/c++/4.8/iostream:39,
                 from ../src/10-5 MidTermReview.cpp:89:
/usr/include/c++/4.8/new:99:33: error: expected primary-expression before ‘const’
 void* operator new(std::size_t, const std::nothrow_t&) _GLIBCXX_USE_NOEXCEPT
                                 ^
/usr/include/c++/4.8/new:101:27: error: declaration of ‘operator new []’ as non-function
 void* operator new[](std::size_t, const std::nothrow_t&) _GLIBCXX_USE_NOEXCEPT
                           ^
/usr/include/c++/4.8/new:101:22: error: ‘size_t’ is not a member of ‘std’
 void* operator new[](std::size_t, const std::nothrow_t&) _GLIBCXX_USE_NOEXCEPT
                      ^
/usr/include/c++/4.8/new:101:22: note: suggested alternative:
In file included from /usr/include/wchar.h:51:0,
                 from /usr/include/c++/4.8/cwchar:44,
                 from /usr/include/c++/4.8/bits/postypes.h:40,
                 from /usr/include/c++/4.8/iosfwd:40,
                 from /usr/include/c++/4.8/ios:38,
                 from /usr/include/c++/4.8/ostream:38,
                 from /usr/include/c++/4.8/iostream:39,
                 from ../src/10-5 MidTermReview.cpp:89:
/usr/lib/gcc/x86_64-linux-gnu/4.8/include/stddef.h:212:23: note:   ‘size_t’
 typedef __SIZE_TYPE__ size_t;
                       ^
In file included from /usr/include/c++/4.8/ext/new_allocator.h:33:0,
                 from /usr/include/x86_64-linux-gnu/c++/4.8/bits/c++allocator.h:33,
                 from /usr/include/c++/4.8/bits/allocator.h:46,
                 from /usr/include/c++/4.8/string:41,
                 from /usr/include/c++/4.8/bits/locale_classes.h:40,
                 from /usr/include/c++/4.8/bits/ios_base.h:41,
                 from /usr/include/c++/4.8/ios:42,
                 from /usr/include/c++/4.8/ostream:38,
                 from /usr/include/c++/4.8/iostream:39,
                 from ../src/10-5 MidTermReview.cpp:89:
/usr/include/c++/4.8/new:101:35: error: expected primary-expression before ‘const’
 void* operator new[](std::size_t, const std::nothrow_t&) _GLIBCXX_USE_NOEXCEPT
                                   ^
/usr/include/c++/4.8/new:109:32: error: declaration of ‘operator new’ as non-function
 inline void* operator new(std::size_t, void* __p) _GLIBCXX_USE_NOEXCEPT
                                ^
/usr/include/c++/4.8/new:109:27: error: ‘size_t’ is not a member of ‘std’
 inline void* operator new(std::size_t, void* __p) _GLIBCXX_USE_NOEXCEPT
                           ^
/usr/include/c++/4.8/new:109:27: note: suggested alternative:
In file included from /usr/include/wchar.h:51:0,
                 from /usr/include/c++/4.8/cwchar:44,
                 from /usr/include/c++/4.8/bits/postypes.h:40,
                 from /usr/include/c++/4.8/iosfwd:40,
                 from /usr/include/c++/4.8/ios:38,
                 from /usr/include/c++/4.8/ostream:38,
                 from /usr/include/c++/4.8/iostream:39,
                 from ../src/10-5 MidTermReview.cpp:89:
/usr/lib/gcc/x86_64-linux-gnu/4.8/include/stddef.h:212:23: note:   ‘size_t’
 typedef __SIZE_TYPE__ size_t;
                       ^
In file included from /usr/include/c++/4.8/ext/new_allocator.h:33:0,
                 from /usr/include/x86_64-linux-gnu/c++/4.8/bits/c++allocator.h:33,
                 from /usr/include/c++/4.8/bits/allocator.h:46,
                 from /usr/include/c++/4.8/string:41,
                 from /usr/include/c++/4.8/bits/locale_classes.h:40,
                 from /usr/include/c++/4.8/bits/ios_base.h:41,
                 from /usr/include/c++/4.8/ios:42,
                 from /usr/include/c++/4.8/ostream:38,
                 from /usr/include/c++/4.8/iostream:39,
                 from ../src/10-5 MidTermReview.cpp:89:
/usr/include/c++/4.8/new:109:40: error: expected primary-expression before ‘void’
 inline void* operator new(std::size_t, void* __p) _GLIBCXX_USE_NOEXCEPT
                                        ^
/usr/include/c++/4.8/new:111:34: error: declaration of ‘operator new []’ as non-function
 inline void* operator new[](std::size_t, void* __p) _GLIBCXX_USE_NOEXCEPT
                                  ^
/usr/include/c++/4.8/new:111:29: error: ‘size_t’ is not a member of ‘std’
 inline void* operator new[](std::size_t, void* __p) _GLIBCXX_USE_NOEXCEPT
                             ^
/usr/include/c++/4.8/new:111:29: note: suggested alternative:
In file included from /usr/include/wchar.h:51:0,
                 from /usr/include/c++/4.8/cwchar:44,
                 from /usr/include/c++/4.8/bits/postypes.h:40,
                 from /usr/include/c++/4.8/iosfwd:40,
                 from /usr/include/c++/4.8/ios:38,
                 from /usr/include/c++/4.8/ostream:38,
                 from /usr/include/c++/4.8/iostream:39,
                 from ../src/10-5 MidTermReview.cpp:89:
/usr/lib/gcc/x86_64-linux-gnu/4.8/include/stddef.h:212:23: note:   ‘size_t’
 typedef __SIZE_TYPE__ size_t;
                       ^
In file included from /usr/include/c++/4.8/ext/new_allocator.h:33:0,
                 from /usr/include/x86_64-linux-gnu/c++/4.8/bits/c++allocator.h:33,
                 from /usr/include/c++/4.8/bits/allocator.h:46,
                 from /usr/include/c++/4.8/string:41,
                 from /usr/include/c++/4.8/bits/locale_classes.h:40,
                 from /usr/include/c++/4.8/bits/ios_base.h:41,
                 from /usr/include/c++/4.8/ios:42,
                 from /usr/include/c++/4.8/ostream:38,
                 from /usr/include/c++/4.8/iostream:39,
                 from ../src/10-5 MidTermReview.cpp:89:
/usr/include/c++/4.8/new:111:42: error: expected primary-expression before ‘void’
 inline void* operator new[](std::size_t, void* __p) _GLIBCXX_USE_NOEXCEPT
                                          ^
In file included from /usr/include/x86_64-linux-gnu/c++/4.8/bits/c++allocator.h:33:0,
                 from /usr/include/c++/4.8/bits/allocator.h:46,
                 from /usr/include/c++/4.8/string:41,
                 from /usr/include/c++/4.8/bits/locale_classes.h:40,
                 from /usr/include/c++/4.8/bits/ios_base.h:41,
                 from /usr/include/c++/4.8/ios:42,
                 from /usr/include/c++/4.8/ostream:38,
                 from /usr/include/c++/4.8/iostream:39,
                 from ../src/10-5 MidTermReview.cpp:89:
/usr/include/c++/4.8/ext/new_allocator.h:44:14: error: ‘std::size_t’ has not been declared
   using std::size_t;
              ^
/usr/include/c++/4.8/ext/new_allocator.h:45:14: error: ‘std::ptrdiff_t’ has not been declared
   using std::ptrdiff_t;
              ^
/usr/include/c++/4.8/ext/new_allocator.h:62:15: error: ‘ptrdiff_t’ does not name a type
       typedef ptrdiff_t  difference_type;
               ^
In file included from /usr/include/c++/4.8/string:41:0,
                 from /usr/include/c++/4.8/bits/locale_classes.h:40,
                 from /usr/include/c++/4.8/bits/ios_base.h:41,
                 from /usr/include/c++/4.8/ios:42,
                 from /usr/include/c++/4.8/ostream:38,
                 from /usr/include/c++/4.8/iostream:39,
                 from ../src/10-5 MidTermReview.cpp:89:
/usr/include/c++/4.8/bits/allocator.h:67:15: error: ‘ptrdiff_t’ does not name a type
       typedef ptrdiff_t   difference_type;
               ^
/usr/include/c++/4.8/bits/allocator.h:96:15: error: ‘ptrdiff_t’ does not name a type
       typedef ptrdiff_t  difference_type;
               ^
In file included from /usr/include/c++/4.8/string:44:0,
                 from /usr/include/c++/4.8/bits/locale_classes.h:40,
                 from /usr/include/c++/4.8/bits/ios_base.h:41,
                 from /usr/include/c++/4.8/ios:42,
                 from /usr/include/c++/4.8/ostream:38,
                 from /usr/include/c++/4.8/iostream:39,
                 from ../src/10-5 MidTermReview.cpp:89:
/usr/include/c++/4.8/bits/ostream_insert.h:45:26: error: ‘streamsize’ has not been declared
       const _CharT* __s, streamsize __n)
                          ^
/usr/include/c++/4.8/bits/ostream_insert.h: In function ‘void std::__ostream_write(std::basic_ostream<_CharT, _Traits>&, const _CharT*, int)’:
/usr/include/c++/4.8/bits/ostream_insert.h:50:13: error: ‘streamsize’ does not name a type
       const streamsize __put = __out.rdbuf()->sputn(__s, __n);
             ^
/usr/include/c++/4.8/bits/ostream_insert.h:51:11: error: ‘__put’ was not declared in this scope
       if (__put != __n)
           ^
/usr/include/c++/4.8/bits/ostream_insert.h: At global scope:
/usr/include/c++/4.8/bits/ostream_insert.h:57:59: error: ‘streamsize’ has not been declared
     __ostream_fill(basic_ostream<_CharT, _Traits>& __out, streamsize __n)
                                                           ^
/usr/include/c++/4.8/bits/ostream_insert.h:77:27: error: ‘streamsize’ has not been declared
        const _CharT* __s, streamsize __n)
                           ^
/usr/include/c++/4.8/bits/ostream_insert.h: In function ‘std::basic_ostream<_CharT, _Traits>& std::__ostream_insert(std::basic_ostream<_CharT, _Traits>&, const _CharT*, int)’:
/usr/include/c++/4.8/bits/ostream_insert.h:87:14: error: ‘streamsize’ does not name a type
        const streamsize __w = __out.width();
              ^
/usr/include/c++/4.8/bits/ostream_insert.h:88:12: error: ‘__w’ was not declared in this scope
        if (__w > __n)
            ^
/usr/include/c++/4.8/bits/ostream_insert.h: At global scope:
/usr/include/c++/4.8/bits/ostream_insert.h:118:68: error: ‘streamsize’ has not been declared
   extern template ostream& __ostream_insert(ostream&, const char*, streamsize);
                                                                    ^
/usr/include/c++/4.8/bits/ostream_insert.h:122:11: error: ‘streamsize’ has not been declared
           streamsize);
           ^
In file included from /usr/include/c++/4.8/string:53:0,
                 from /usr/include/c++/4.8/bits/locale_classes.h:40,
                 from /usr/include/c++/4.8/bits/ios_base.h:41,
                 from /usr/include/c++/4.8/ios:42,
                 from /usr/include/c++/4.8/ostream:38,
                 from /usr/include/c++/4.8/iostream:39,
                 from ../src/10-5 MidTermReview.cpp:89:
/usr/include/c++/4.8/bits/basic_string.tcc: In function ‘std::basic_istream<_CharT, _Traits>& std::operator>>(std::basic_istream<_CharT, _Traits>&, std::basic_string<_CharT, _Traits, _Alloc>&)’:
/usr/include/c++/4.8/bits/basic_string.tcc:1018:14: error: ‘streamsize’ does not name a type
        const streamsize __w = __in.width();
              ^
/usr/include/c++/4.8/bits/basic_string.tcc:1019:32: error: ‘__w’ was not declared in this scope
        const __size_type __n = __w > 0 ? static_cast<__size_type>(__w)
                                ^
In file included from /usr/include/c++/4.8/string:52:0,
                 from /usr/include/c++/4.8/bits/locale_classes.h:40,
                 from /usr/include/c++/4.8/bits/ios_base.h:41,
                 from /usr/include/c++/4.8/ios:42,
                 from /usr/include/c++/4.8/ostream:38,
                 from /usr/include/c++/4.8/iostream:39,
                 from ../src/10-5 MidTermReview.cpp:89:
/usr/include/c++/4.8/bits/basic_string.h: In instantiation of ‘class std::basic_string<char>’:
/usr/include/c++/4.8/bits/basic_string.tcc:1132:25:   required from here
/usr/include/c++/4.8/bits/basic_string.h:122:61: error: no type named ‘difference_type’ in ‘std::basic_string<char>::_CharT_alloc_type {aka class std::allocator<char>}’
       typedef typename _CharT_alloc_type::difference_type   difference_type;
                                                             ^
/usr/include/c++/4.8/bits/basic_string.h: In instantiation of ‘class std::basic_string<wchar_t>’:
/usr/include/c++/4.8/bits/basic_string.tcc:1147:25:   required from here
/usr/include/c++/4.8/bits/basic_string.h:122:61: error: no type named ‘difference_type’ in ‘std::basic_string<wchar_t>::_CharT_alloc_type {aka class std::allocator<wchar_t>}’
In file included from /usr/include/c++/4.8/ios:42:0,
                 from /usr/include/c++/4.8/ostream:38,
                 from /usr/include/c++/4.8/iostream:39,
                 from ../src/10-5 MidTermReview.cpp:89:
/usr/include/c++/4.8/bits/ios_base.h: At global scope:
/usr/include/c++/4.8/bits/ios_base.h:458:5: error: ‘streamsize’ does not name a type
     streamsize  _M_precision;
     ^
/usr/include/c++/4.8/bits/ios_base.h:459:5: error: ‘streamsize’ does not name a type
     streamsize  _M_width;
     ^
/usr/include/c++/4.8/bits/ios_base.h:626:5: error: ‘streamsize’ does not name a type
     streamsize
     ^
/usr/include/c++/4.8/bits/ios_base.h:635:5: error: ‘streamsize’ does not name a type
     streamsize
     ^
/usr/include/c++/4.8/bits/ios_base.h:649:5: error: ‘streamsize’ does not name a type
     streamsize
     ^
/usr/include/c++/4.8/bits/ios_base.h:658:5: error: ‘streamsize’ does not name a type
     streamsize
     ^
In file included from /usr/include/c++/4.8/ios:43:0,
                 from /usr/include/c++/4.8/ostream:38,
                 from /usr/include/c++/4.8/iostream:39,
                 from ../src/10-5 MidTermReview.cpp:89:
/usr/include/c++/4.8/streambuf:50:5: error: ‘streamsize’ does not name a type
     streamsize
     ^
/usr/include/c++/4.8/streambuf:147:14: error: ‘streamsize’ does not name a type
       friend streamsize
              ^
/usr/include/c++/4.8/streambuf:239:33: error: ‘streamsize’ has not been declared
       pubsetbuf(char_type* __s, streamsize __n) 
                                 ^
/usr/include/c++/4.8/streambuf:283:7: error: ‘streamsize’ does not name a type
       streamsize 
       ^
/usr/include/c++/4.8/streambuf:356:7: error: ‘streamsize’ does not name a type
       streamsize 
       ^
/usr/include/c++/4.8/streambuf:449:7: error: ‘streamsize’ does not name a type
       streamsize 
       ^
/usr/include/c++/4.8/streambuf:591:26: error: ‘streamsize’ has not been declared
       setbuf(char_type*, streamsize)
                          ^
/usr/include/c++/4.8/streambuf:648:15: error: ‘streamsize’ does not name a type
       virtual streamsize 
               ^
/usr/include/c++/4.8/streambuf:664:15: error: ‘streamsize’ does not name a type
       virtual streamsize 
               ^
/usr/include/c++/4.8/streambuf:741:15: error: ‘streamsize’ does not name a type
       virtual streamsize 
               ^
/usr/include/c++/4.8/streambuf:794:20: error: ‘streamsize’ has not been declared
       __safe_gbump(streamsize __n) { _M_in_cur += __n; }
                    ^
/usr/include/c++/4.8/streambuf:797:20: error: ‘streamsize’ has not been declared
       __safe_pbump(streamsize __n) { _M_out_cur += __n; }
                    ^
/usr/include/c++/4.8/streambuf:815:5: error: ‘streamsize’ does not name a type
     streamsize
     ^
/usr/include/c++/4.8/streambuf:820:5: error: ‘streamsize’ does not name a type
     streamsize
     ^
In file included from /usr/include/c++/4.8/streambuf:828:0,
                 from /usr/include/c++/4.8/ios:43,
                 from /usr/include/c++/4.8/ostream:38,
                 from /usr/include/c++/4.8/iostream:39,
                 from ../src/10-5 MidTermReview.cpp:89:
/usr/include/c++/4.8/bits/streambuf.tcc:44:5: error: ‘streamsize’ does not name a type
     streamsize
     ^
/usr/include/c++/4.8/bits/streambuf.tcc:78:5: error: ‘streamsize’ does not name a type
     streamsize
     ^
/usr/include/c++/4.8/bits/streambuf.tcc:115:5: error: ‘streamsize’ does not name a type
     streamsize
     ^
/usr/include/c++/4.8/bits/streambuf.tcc:138:12: error: ‘streamsize’ does not name a type
     inline streamsize
            ^
/usr/include/c++/4.8/bits/streambuf.tcc:151:5: error: explicit instantiation of non-template ‘int std::streamsize’
     streamsize
     ^
/usr/include/c++/4.8/bits/streambuf.tcc:152:5: error: expected ‘;’ before ‘__copy_streambufs’
     __copy_streambufs(basic_streambuf<char>*,
     ^
/usr/include/c++/4.8/bits/streambuf.tcc:155:5: error: explicit instantiation of non-template ‘int std::streamsize’
     streamsize
     ^
/usr/include/c++/4.8/bits/streambuf.tcc:156:5: error: expected ‘;’ before ‘__copy_streambufs_eof’
     __copy_streambufs_eof(basic_streambuf<char>*,
     ^
/usr/include/c++/4.8/bits/streambuf.tcc:162:5: error: explicit instantiation of non-template ‘int std::streamsize’
     streamsize
     ^
/usr/include/c++/4.8/bits/streambuf.tcc:163:5: error: expected ‘;’ before ‘__copy_streambufs’
     __copy_streambufs(basic_streambuf<wchar_t>*,
     ^
/usr/include/c++/4.8/bits/streambuf.tcc:166:5: error: explicit instantiation of non-template ‘int std::streamsize’
     streamsize
     ^
/usr/include/c++/4.8/bits/streambuf.tcc:167:5: error: expected ‘;’ before ‘__copy_streambufs_eof’
     __copy_streambufs_eof(basic_streambuf<wchar_t>*,
     ^
In file included from /usr/include/c++/4.8/bits/locale_facets.h:48:0,
                 from /usr/include/c++/4.8/bits/basic_ios.h:37,
                 from /usr/include/c++/4.8/ios:44,
                 from /usr/include/c++/4.8/ostream:38,
                 from /usr/include/c++/4.8/iostream:39,
                 from ../src/10-5 MidTermReview.cpp:89:
/usr/include/c++/4.8/bits/streambuf_iterator.h:57:16: error: wrong number of template arguments (5, should be 3)
         _CharT&>
                ^
In file included from /usr/include/c++/4.8/bits/stl_algobase.h:65:0,
                 from /usr/include/c++/4.8/bits/char_traits.h:39,
                 from /usr/include/c++/4.8/ios:40,
                 from /usr/include/c++/4.8/ostream:38,
                 from /usr/include/c++/4.8/iostream:39,
                 from ../src/10-5 MidTermReview.cpp:89:
/usr/include/c++/4.8/bits/stl_iterator_base_types.h:118:12: error: provided for ‘template<class _Category, class _Tp, class _Distance> struct std::iterator’
     struct iterator
            ^
In file included from /usr/include/c++/4.8/bits/locale_facets.h:48:0,
                 from /usr/include/c++/4.8/bits/basic_ios.h:37,
                 from /usr/include/c++/4.8/ios:44,
                 from /usr/include/c++/4.8/ostream:38,
                 from /usr/include/c++/4.8/iostream:39,
                 from ../src/10-5 MidTermReview.cpp:89:
/usr/include/c++/4.8/bits/streambuf_iterator.h:217:66: error: wrong number of template arguments (5, should be 3)
     : public iterator<output_iterator_tag, void, void, void, void>
                                                                  ^
In file included from /usr/include/c++/4.8/bits/stl_algobase.h:65:0,
                 from /usr/include/c++/4.8/bits/char_traits.h:39,
                 from /usr/include/c++/4.8/ios:40,
                 from /usr/include/c++/4.8/ostream:38,
                 from /usr/include/c++/4.8/iostream:39,
                 from ../src/10-5 MidTermReview.cpp:89:
/usr/include/c++/4.8/bits/stl_iterator_base_types.h:118:12: error: provided for ‘template<class _Category, class _Tp, class _Distance> struct std::iterator’
     struct iterator
            ^
In file included from /usr/include/c++/4.8/bits/locale_facets.h:48:0,
                 from /usr/include/c++/4.8/bits/basic_ios.h:37,
                 from /usr/include/c++/4.8/ios:44,
                 from /usr/include/c++/4.8/ostream:38,
                 from /usr/include/c++/4.8/iostream:39,
                 from ../src/10-5 MidTermReview.cpp:89:
/usr/include/c++/4.8/bits/streambuf_iterator.h:279:34: error: ‘streamsize’ has not been declared
       _M_put(const _CharT* __ws, streamsize __len)
                                  ^
/usr/include/c++/4.8/bits/streambuf_iterator.h: In function ‘typename __gnu_cxx::__enable_if<std::__is_char<_CharT>::__value, std::ostreambuf_iterator<_CharT, std::char_traits<_CharT> > >::__type std::__copy_move_a2(_CharT*, _CharT*, std::ostreambuf_iterator<_CharT, std::char_traits<_CharT> >)’:
/usr/include/c++/4.8/bits/streambuf_iterator.h:313:13: error: ‘streamsize’ does not name a type
       const streamsize __num = __last - __first;
             ^
/usr/include/c++/4.8/bits/streambuf_iterator.h:314:11: error: ‘__num’ was not declared in this scope
       if (__num > 0)
           ^
/usr/include/c++/4.8/bits/streambuf_iterator.h: In function ‘typename __gnu_cxx::__enable_if<std::__is_char<_CharT>::__value, std::ostreambuf_iterator<_CharT, std::char_traits<_CharT> > >::__type std::__copy_move_a2(const _CharT*, const _CharT*, std::ostreambuf_iterator<_CharT, std::char_traits<_CharT> >)’:
/usr/include/c++/4.8/bits/streambuf_iterator.h:325:13: error: ‘streamsize’ does not name a type
       const streamsize __num = __last - __first;
             ^
/usr/include/c++/4.8/bits/streambuf_iterator.h:326:11: error: ‘__num’ was not declared in this scope
       if (__num > 0)
           ^
/usr/include/c++/4.8/bits/streambuf_iterator.h: In function ‘typename __gnu_cxx::__enable_if<std::__is_char<_CharT>::__value, _CharT*>::__type std::__copy_move_a2(std::istreambuf_iterator<_CharT, std::char_traits<_CharT> >, std::istreambuf_iterator<_CharT, std::char_traits<_CharT> >, _CharT*)’:
/usr/include/c++/4.8/bits/streambuf_iterator.h:348:14: error: ‘streamsize’ does not name a type
        const streamsize __n = __sb->egptr() - __sb->gptr();
              ^
/usr/include/c++/4.8/bits/streambuf_iterator.h:349:12: error: ‘__n’ was not declared in this scope
        if (__n > 1)
            ^
/usr/include/c++/4.8/bits/streambuf_iterator.h: In function ‘typename __gnu_cxx::__enable_if<std::__is_char<_CharT2>::__value, std::istreambuf_iterator<_CharT> >::__type std::find(std::istreambuf_iterator<_CharT>, std::istreambuf_iterator<_CharT>, const _CharT2&)’:
/usr/include/c++/4.8/bits/streambuf_iterator.h:385:8: error: ‘streamsize’ was not declared in this scope
        streamsize __n = __sb->egptr() - __sb->gptr();
        ^
/usr/include/c++/4.8/bits/streambuf_iterator.h:385:19: error: expected ‘;’ before ‘__n’
        streamsize __n = __sb->egptr() - __sb->gptr();
                   ^
/usr/include/c++/4.8/bits/streambuf_iterator.h:386:12: error: ‘__n’ was not declared in this scope
        if (__n > 1)
            ^
In file included from /usr/include/c++/4.8/bits/basic_ios.h:37:0,
                 from /usr/include/c++/4.8/ios:44,
                 from /usr/include/c++/4.8/ostream:38,
                 from /usr/include/c++/4.8/iostream:39,
                 from ../src/10-5 MidTermReview.cpp:89:
/usr/include/c++/4.8/bits/locale_facets.h: At global scope:
/usr/include/c++/4.8/bits/locale_facets.h:92:29: error: ‘streamsize’ has not been declared
       const _CharT* __olds, streamsize __newlen, streamsize __oldlen);
                             ^
/usr/include/c++/4.8/bits/locale_facets.h:92:50: error: ‘streamsize’ has not been declared
       const _CharT* __olds, streamsize __newlen, streamsize __oldlen);
                                                  ^
In file included from /usr/include/c++/4.8/bits/basic_ios.h:37:0,
                 from /usr/include/c++/4.8/ios:44,
                 from /usr/include/c++/4.8/ostream:38,
                 from /usr/include/c++/4.8/iostream:39,
                 from ../src/10-5 MidTermReview.cpp:89:
/usr/include/c++/4.8/bits/locale_facets.h:2449:32: error: ‘streamsize’ has not been declared
       _M_pad(char_type __fill, streamsize __w, ios_base& __io,
                                ^
In file included from /usr/include/c++/4.8/bits/locale_facets.h:2608:0,
                 from /usr/include/c++/4.8/bits/basic_ios.h:37,
                 from /usr/include/c++/4.8/ios:44,
                 from /usr/include/c++/4.8/ostream:38,
                 from /usr/include/c++/4.8/iostream:39,
                 from ../src/10-5 MidTermReview.cpp:89:
/usr/include/c++/4.8/bits/locale_facets.tcc:775:27: error: ‘streamsize’ has not been declared
     _M_pad(_CharT __fill, streamsize __w, ios_base& __io,
                           ^
/usr/include/c++/4.8/bits/locale_facets.tcc: In member function ‘_OutIter std::num_put<_CharT, _OutIter>::_M_insert_int(_OutIter, std::ios_base&, _CharT, _ValueT) const’:
/usr/include/c++/4.8/bits/locale_facets.tcc:916:8: error: ‘streamsize’ does not name a type
  const streamsize __w = __io.width();
        ^
/usr/include/c++/4.8/bits/locale_facets.tcc:917:6: error: ‘__w’ was not declared in this scope
  if (__w > static_cast<streamsize>(__len))
      ^
/usr/include/c++/4.8/bits/locale_facets.tcc:917:24: error: expected type-specifier before ‘streamsize’
  if (__w > static_cast<streamsize>(__len))
                        ^
/usr/include/c++/4.8/bits/locale_facets.tcc:917:24: error: expected ‘>’ before ‘streamsize’
/usr/include/c++/4.8/bits/locale_facets.tcc:917:24: error: expected ‘(’ before ‘streamsize’
/usr/include/c++/4.8/bits/locale_facets.tcc:917:24: error: ‘streamsize’ was not declared in this scope
/usr/include/c++/4.8/bits/locale_facets.tcc:918:4: error: expected ‘)’ before ‘{’ token
    {
    ^
/usr/include/c++/4.8/bits/locale_facets.tcc: In member function ‘_OutIter std::num_put<_CharT, _OutIter>::_M_insert_float(_OutIter, std::ios_base&, _CharT, char, _ValueT) const’:
/usr/include/c++/4.8/bits/locale_facets.tcc:979:8: error: ‘streamsize’ does not name a type
  const streamsize __prec = __io.precision() < 0 ? 6 : __io.precision();
        ^
/usr/include/c++/4.8/bits/locale_facets.tcc:996:19: error: ‘__prec’ was not declared in this scope
           __fbuf, __prec, __v);
                   ^
/usr/include/c++/4.8/bits/locale_facets.tcc:1054:6: error: ‘streamsize’ was not declared in this scope
      streamsize __off = 0;
      ^
/usr/include/c++/4.8/bits/locale_facets.tcc:1054:17: error: expected ‘;’ before ‘__off’
      streamsize __off = 0;
                 ^
/usr/include/c++/4.8/bits/locale_facets.tcc:1057:3: error: ‘__off’ was not declared in this scope
   __off = 1;
   ^
/usr/include/c++/4.8/bits/locale_facets.tcc:1063:45: error: ‘__off’ was not declared in this scope
       __lc->_M_thousands_sep, __wp, __ws2 + __off,
                                             ^
/usr/include/c++/4.8/bits/locale_facets.tcc:1071:8: error: ‘streamsize’ does not name a type
  const streamsize __w = __io.width();
        ^
/usr/include/c++/4.8/bits/locale_facets.tcc:1072:6: error: ‘__w’ was not declared in this scope
  if (__w > static_cast<streamsize>(__len))
      ^
/usr/include/c++/4.8/bits/locale_facets.tcc:1072:24: error: expected type-specifier before ‘streamsize’
  if (__w > static_cast<streamsize>(__len))
                        ^
/usr/include/c++/4.8/bits/locale_facets.tcc:1072:24: error: expected ‘>’ before ‘streamsize’
/usr/include/c++/4.8/bits/locale_facets.tcc:1072:24: error: expected ‘(’ before ‘streamsize’
/usr/include/c++/4.8/bits/locale_facets.tcc:1072:24: error: ‘streamsize’ was not declared in this scope
/usr/include/c++/4.8/bits/locale_facets.tcc:1073:4: error: expected ‘)’ before ‘{’ token
    {
    ^
/usr/include/c++/4.8/bits/locale_facets.tcc: In member function ‘virtual _OutIter std::num_put<_CharT, _OutIter>::do_put(std::num_put<_CharT, _OutIter>::iter_type, std::ios_base&, std::num_put<_CharT, _OutIter>::char_type, bool) const’:
/usr/include/c++/4.8/bits/locale_facets.tcc:1109:10: error: ‘streamsize’ does not name a type
    const streamsize __w = __io.width();
          ^
/usr/include/c++/4.8/bits/locale_facets.tcc:1110:8: error: ‘__w’ was not declared in this scope
    if (__w > static_cast<streamsize>(__len))
        ^
/usr/include/c++/4.8/bits/locale_facets.tcc:1110:26: error: expected type-specifier before ‘streamsize’
    if (__w > static_cast<streamsize>(__len))
                          ^
/usr/include/c++/4.8/bits/locale_facets.tcc:1110:26: error: expected ‘>’ before ‘streamsize’
/usr/include/c++/4.8/bits/locale_facets.tcc:1110:26: error: expected ‘(’ before ‘streamsize’
/usr/include/c++/4.8/bits/locale_facets.tcc:1110:26: error: ‘streamsize’ was not declared in this scope
/usr/include/c++/4.8/bits/locale_facets.tcc:1111:6: error: expected ‘)’ before ‘{’ token
      {
      ^
/usr/include/c++/4.8/bits/locale_facets.tcc: At global scope:
/usr/include/c++/4.8/bits/locale_facets.tcc:1193:8: error: ‘streamsize’ has not been declared
        streamsize __newlen, streamsize __oldlen)
        ^
/usr/include/c++/4.8/bits/locale_facets.tcc:1193:29: error: ‘streamsize’ has not been declared
        streamsize __newlen, streamsize __oldlen)
                             ^
In file included from /usr/include/c++/4.8/iostream:39:0,
                 from ../src/10-5 MidTermReview.cpp:89:
/usr/include/c++/4.8/ostream:311:38: error: ‘streamsize’ has not been declared
       _M_write(const char_type* __s, streamsize __n)
                                      ^
/usr/include/c++/4.8/ostream:335:35: error: ‘streamsize’ has not been declared
       write(const char_type* __s, streamsize __n);
                                   ^
/usr/include/c++/4.8/ostream: In member function ‘void std::basic_ostream<_CharT, _Traits>::_M_write(const char_type*, int)’:
/usr/include/c++/4.8/ostream:313:8: error: ‘streamsize’ does not name a type
  const streamsize __put = this->rdbuf()->sputn(__s, __n);
        ^
/usr/include/c++/4.8/ostream:314:6: error: ‘__put’ was not declared in this scope
  if (__put != __n)
      ^
/usr/include/c++/4.8/ostream: In function ‘std::basic_ostream<_CharT, _Traits>& std::operator<<(std::basic_ostream<_CharT, _Traits>&, const _CharT*)’:
/usr/include/c++/4.8/ostream:519:17: error: expected type-specifier before ‘streamsize’
     static_cast<streamsize>(_Traits::length(__s)));
                 ^
/usr/include/c++/4.8/ostream:519:17: error: expected ‘>’ before ‘streamsize’
/usr/include/c++/4.8/ostream:519:17: error: expected ‘(’ before ‘streamsize’
/usr/include/c++/4.8/ostream:519:17: error: ‘streamsize’ was not declared in this scope
/usr/include/c++/4.8/ostream: In function ‘std::basic_ostream<char, _Traits>& std::operator<<(std::basic_ostream<char, _Traits>&, const char*)’:
/usr/include/c++/4.8/ostream:536:17: error: expected type-specifier before ‘streamsize’
     static_cast<streamsize>(_Traits::length(__s)));
                 ^
/usr/include/c++/4.8/ostream:536:17: error: expected ‘>’ before ‘streamsize’
/usr/include/c++/4.8/ostream:536:17: error: expected ‘(’ before ‘streamsize’
/usr/include/c++/4.8/ostream:536:17: error: ‘streamsize’ was not declared in this scope
In file included from /usr/include/c++/4.8/ostream:612:0,
                 from /usr/include/c++/4.8/iostream:39,
                 from ../src/10-5 MidTermReview.cpp:89:
/usr/include/c++/4.8/bits/ostream.tcc: At global scope:
/usr/include/c++/4.8/bits/ostream.tcc:183:30: error: ‘streamsize’ has not been declared
     write(const _CharT* __s, streamsize __n)
                              ^
In file included from /usr/include/c++/4.8/iostream:40:0,
                 from ../src/10-5 MidTermReview.cpp:89:
/usr/include/c++/4.8/istream:82:7: error: ‘streamsize’ does not name a type
       streamsize   _M_gcount;
       ^
/usr/include/c++/4.8/istream:268:7: error: ‘streamsize’ does not name a type
       streamsize
       ^
/usr/include/c++/4.8/istream:343:27: error: ‘streamsize’ has not been declared
       get(char_type* __s, streamsize __n, char_type __delim);
                           ^
/usr/include/c++/4.8/istream:354:27: error: ‘streamsize’ has not been declared
       get(char_type* __s, streamsize __n)
                           ^
/usr/include/c++/4.8/istream:416:31: error: ‘streamsize’ has not been declared
       getline(char_type* __s, streamsize __n, char_type __delim);
                               ^
/usr/include/c++/4.8/istream:427:31: error: ‘streamsize’ has not been declared
       getline(char_type* __s, streamsize __n)
                               ^
/usr/include/c++/4.8/istream:451:7: error: expected ‘;’ at end of member declaration
       ignore(streamsize __n, int_type __delim);
       ^
/usr/include/c++/4.8/istream:451:25: error: expected ‘)’ before ‘__n’
       ignore(streamsize __n, int_type __delim);
                         ^
/usr/include/c++/4.8/istream:454:7: error: expected ‘;’ at end of member declaration
       ignore(streamsize __n);
       ^
/usr/include/c++/4.8/istream:454:14: error: redeclaration of ‘std::basic_istream<_CharT, _Traits>::__istream_type& std::basic_istream<_CharT, _Traits>::ignore’
       ignore(streamsize __n);
              ^
/usr/include/c++/4.8/istream:451:14: note: previous declaration ‘std::basic_istream<_CharT, _Traits>::__istream_type& std::basic_istream<_CharT, _Traits>::ignore’
       ignore(streamsize __n, int_type __delim);
              ^
/usr/include/c++/4.8/istream:454:25: error: expected ‘)’ before ‘__n’
       ignore(streamsize __n);
                         ^
/usr/include/c++/4.8/istream:457:14: error: ‘std::basic_istream<_CharT, _Traits>::__istream_type& std::basic_istream<_CharT, _Traits>::ignore()’ conflicts with a previous declaration
       ignore();
              ^
/usr/include/c++/4.8/istream:451:14: note: previous declaration ‘std::basic_istream<_CharT, _Traits>::__istream_type& std::basic_istream<_CharT, _Traits>::ignore’
       ignore(streamsize __n, int_type __delim);
              ^
/usr/include/c++/4.8/istream:486:28: error: ‘streamsize’ has not been declared
       read(char_type* __s, streamsize __n);
                            ^
/usr/include/c++/4.8/istream:504:7: error: ‘streamsize’ does not name a type
       streamsize
       ^
/usr/include/c++/4.8/istream: In constructor ‘std::basic_istream<_CharT, _Traits>::basic_istream(std::basic_istream<_CharT, _Traits>::__streambuf_type*)’:
/usr/include/c++/4.8/istream:94:9: error: class ‘std::basic_istream<_CharT, _Traits>’ does not have any field named ‘_M_gcount’
       : _M_gcount(streamsize(0))
         ^
/usr/include/c++/4.8/istream:94:31: error: there are no arguments to ‘streamsize’ that depend on a template parameter, so a declaration of ‘streamsize’ must be available [-fpermissive]
       : _M_gcount(streamsize(0))
                               ^
/usr/include/c++/4.8/istream:94:31: note: (if you use ‘-fpermissive’, G++ will accept your code, but allowing the use of an undeclared name is deprecated)
/usr/include/c++/4.8/istream: In destructor ‘virtual std::basic_istream<_CharT, _Traits>::~basic_istream()’:
/usr/include/c++/4.8/istream:104:9: error: ‘_M_gcount’ was not declared in this scope
       { _M_gcount = streamsize(0); }
         ^
/usr/include/c++/4.8/istream:104:33: error: there are no arguments to ‘streamsize’ that depend on a template parameter, so a declaration of ‘streamsize’ must be available [-fpermissive]
       { _M_gcount = streamsize(0); }
                                 ^
/usr/include/c++/4.8/istream: In constructor ‘std::basic_istream<_CharT, _Traits>::basic_istream()’:
/usr/include/c++/4.8/istream:607:9: error: class ‘std::basic_istream<_CharT, _Traits>’ does not have any field named ‘_M_gcount’
       : _M_gcount(streamsize(0))
         ^
/usr/include/c++/4.8/istream:607:31: error: there are no arguments to ‘streamsize’ that depend on a template parameter, so a declaration of ‘streamsize’ must be available [-fpermissive]
       : _M_gcount(streamsize(0))
                               ^
/usr/include/c++/4.8/istream: In instantiation of ‘class std::basic_istream<char>’:
/usr/include/c++/4.8/istream:618:24:   required from here
/usr/include/c++/4.8/istream:451:14: error: ‘std::basic_istream<_CharT, _Traits>::__istream_type& std::basic_istream<_CharT, _Traits>::ignore() [with _CharT = char; _Traits = std::char_traits<char>; std::basic_istream<_CharT, _Traits>::__istream_type = std::basic_istream<char>]’ conflicts with a previous declaration
       ignore(streamsize __n, int_type __delim);
              ^
/usr/include/c++/4.8/istream:451:14: note: previous declaration ‘std::basic_istream<char>::__istream_type& std::basic_istream<char>::ignore’
/usr/include/c++/4.8/istream: At global scope:
/usr/include/c++/4.8/istream:619:29: error: ‘streamsize’ has not been declared
     getline(char_type* __s, streamsize __n, char_type __delim);
                             ^
/usr/include/c++/4.8/istream:624:12: error: ‘std::basic_istream<char>& std::basic_istream<char>::ignore’ is not a static member of ‘class std::basic_istream<char>’
     ignore(streamsize __n);
            ^
/usr/include/c++/4.8/istream:624:12: error: ‘streamsize’ was not declared in this scope
/usr/include/c++/4.8/istream:629:12: error: ‘std::basic_istream<char>& std::basic_istream<char>::ignore’ is not a static member of ‘class std::basic_istream<char>’
     ignore(streamsize __n, int_type __delim);
            ^
/usr/include/c++/4.8/istream:629:12: error: ‘streamsize’ was not declared in this scope
/usr/include/c++/4.8/istream:629:37: error: expected primary-expression before ‘__delim’
     ignore(streamsize __n, int_type __delim);
                                     ^
/usr/include/c++/4.8/istream:629:44: error: expression list treated as compound expression in initializer [-fpermissive]
     ignore(streamsize __n, int_type __delim);
                                            ^
/usr/include/c++/4.8/istream: In instantiation of ‘class std::basic_istream<wchar_t>’:
/usr/include/c++/4.8/istream:634:27:   required from here
/usr/include/c++/4.8/istream:451:14: error: ‘std::basic_istream<_CharT, _Traits>::__istream_type& std::basic_istream<_CharT, _Traits>::ignore() [with _CharT = wchar_t; _Traits = std::char_traits<wchar_t>; std::basic_istream<_CharT, _Traits>::__istream_type = std::basic_istream<wchar_t>]’ conflicts with a previous declaration
       ignore(streamsize __n, int_type __delim);
              ^
/usr/include/c++/4.8/istream:451:14: note: previous declaration ‘std::basic_istream<wchar_t>::__istream_type& std::basic_istream<wchar_t>::ignore’
/usr/include/c++/4.8/istream:635:29: error: ‘streamsize’ has not been declared
     getline(char_type* __s, streamsize __n, char_type __delim);
                             ^
/usr/include/c++/4.8/istream:640:12: error: ‘std::basic_istream<wchar_t>& std::basic_istream<wchar_t>::ignore’ is not a static member of ‘class std::basic_istream<wchar_t>’
     ignore(streamsize __n);
            ^
/usr/include/c++/4.8/istream:640:12: error: ‘streamsize’ was not declared in this scope
/usr/include/c++/4.8/istream:645:12: error: ‘std::basic_istream<wchar_t>& std::basic_istream<wchar_t>::ignore’ is not a static member of ‘class std::basic_istream<wchar_t>’
     ignore(streamsize __n, int_type __delim);
            ^
/usr/include/c++/4.8/istream:645:12: error: ‘streamsize’ was not declared in this scope
/usr/include/c++/4.8/istream:645:37: error: expected primary-expression before ‘__delim’
     ignore(streamsize __n, int_type __delim);
                                     ^
/usr/include/c++/4.8/istream:645:44: error: expression list treated as compound expression in initializer [-fpermissive]
     ignore(streamsize __n, int_type __delim);
                                            ^
In file included from /usr/include/c++/4.8/istream:882:0,
                 from /usr/include/c++/4.8/iostream:40,
                 from ../src/10-5 MidTermReview.cpp:89:
/usr/include/c++/4.8/bits/istream.tcc: In member function ‘std::basic_istream<_CharT, _Traits>::int_type std::basic_istream<_CharT, _Traits>::get()’:
/usr/include/c++/4.8/bits/istream.tcc:240:7: error: ‘_M_gcount’ was not declared in this scope
       _M_gcount = 0;
       ^
/usr/include/c++/4.8/bits/istream.tcc: In member function ‘std::basic_istream<_CharT, _Traits>& std::basic_istream<_CharT, _Traits>::get(std::basic_istream<_CharT, _Traits>::char_type&)’:
/usr/include/c++/4.8/bits/istream.tcc:274:7: error: ‘_M_gcount’ was not declared in this scope
       _M_gcount = 0;
       ^
/usr/include/c++/4.8/bits/istream.tcc: At global scope:
/usr/include/c++/4.8/bits/istream.tcc:309:25: error: ‘streamsize’ has not been declared
     get(char_type* __s, streamsize __n, char_type __delim)
                         ^
/usr/include/c++/4.8/bits/istream.tcc: In member function ‘std::basic_istream<_CharT, _Traits>& std::basic_istream<_CharT, _Traits>::get(std::basic_istream<_CharT, _Traits>::char_type*, int, std::basic_istream<_CharT, _Traits>::char_type)’:
/usr/include/c++/4.8/bits/istream.tcc:311:7: error: ‘_M_gcount’ was not declared in this scope
       _M_gcount = 0;
       ^
/usr/include/c++/4.8/bits/istream.tcc: In member function ‘std::basic_istream<_CharT, _Traits>& std::basic_istream<_CharT, _Traits>::get(std::basic_istream<_CharT, _Traits>::__streambuf_type&, std::basic_istream<_CharT, _Traits>::char_type)’:
/usr/include/c++/4.8/bits/istream.tcc:358:7: error: ‘_M_gcount’ was not declared in this scope
       _M_gcount = 0;
       ^
/usr/include/c++/4.8/bits/istream.tcc: At global scope:
/usr/include/c++/4.8/bits/istream.tcc:400:29: error: ‘streamsize’ has not been declared
     getline(char_type* __s, streamsize __n, char_type __delim)
                             ^
/usr/include/c++/4.8/bits/istream.tcc: In member function ‘std::basic_istream<_CharT, _Traits>& std::basic_istream<_CharT, _Traits>::getline(std::basic_istream<_CharT, _Traits>::char_type*, int, std::basic_istream<_CharT, _Traits>::char_type)’:
/usr/include/c++/4.8/bits/istream.tcc:402:7: error: ‘_M_gcount’ was not declared in this scope
       _M_gcount = 0;
       ^
/usr/include/c++/4.8/bits/istream.tcc: In member function ‘std::basic_istream<_CharT, _Traits>& std::basic_istream<_CharT, _Traits>::ignore()’:
/usr/include/c++/4.8/bits/istream.tcc:462:7: error: ‘_M_gcount’ was not declared in this scope
       _M_gcount = 0;
       ^
/usr/include/c++/4.8/bits/istream.tcc: At global scope:
/usr/include/c++/4.8/bits/istream.tcc:493:12: error: ‘std::basic_istream<_CharT, _Traits>& std::basic_istream<_CharT, _Traits>::ignore’ is not a static member of ‘class std::basic_istream<_CharT, _Traits>’
     ignore(streamsize __n)
            ^
/usr/include/c++/4.8/bits/istream.tcc:493:12: error: template definition of non-template ‘std::basic_istream<_CharT, _Traits>& std::basic_istream<_CharT, _Traits>::ignore’
/usr/include/c++/4.8/bits/istream.tcc:493:12: error: ‘streamsize’ was not declared in this scope
/usr/include/c++/4.8/bits/istream.tcc:555:12: error: ‘std::basic_istream<_CharT, _Traits>& std::basic_istream<_CharT, _Traits>::ignore’ is not a static member of ‘class std::basic_istream<_CharT, _Traits>’
     ignore(streamsize __n, int_type __delim)
            ^
/usr/include/c++/4.8/bits/istream.tcc:555:12: error: template definition of non-template ‘std::basic_istream<_CharT, _Traits>& std::basic_istream<_CharT, _Traits>::ignore’
/usr/include/c++/4.8/bits/istream.tcc:555:12: error: ‘streamsize’ was not declared in this scope
/usr/include/c++/4.8/bits/istream.tcc:555:37: error: expected primary-expression before ‘__delim’
     ignore(streamsize __n, int_type __delim)
                                     ^
/usr/include/c++/4.8/bits/istream.tcc: In member function ‘std::basic_istream<_CharT, _Traits>::int_type std::basic_istream<_CharT, _Traits>::peek()’:
/usr/include/c++/4.8/bits/istream.tcc:623:7: error: ‘_M_gcount’ was not declared in this scope
       _M_gcount = 0;
       ^
/usr/include/c++/4.8/bits/istream.tcc: At global scope:
/usr/include/c++/4.8/bits/istream.tcc:650:26: error: ‘streamsize’ has not been declared
     read(char_type* __s, streamsize __n)
                          ^
/usr/include/c++/4.8/bits/istream.tcc: In member function ‘std::basic_istream<_CharT, _Traits>& std::basic_istream<_CharT, _Traits>::read(std::basic_istream<_CharT, _Traits>::char_type*, int)’:
/usr/include/c++/4.8/bits/istream.tcc:652:7: error: ‘_M_gcount’ was not declared in this scope
       _M_gcount = 0;
       ^
/usr/include/c++/4.8/bits/istream.tcc: At global scope:
/usr/include/c++/4.8/bits/istream.tcc:677:5: error: ‘streamsize’ does not name a type
     streamsize
     ^
/usr/include/c++/4.8/bits/istream.tcc: In member function ‘std::basic_istream<_CharT, _Traits>& std::basic_istream<_CharT, _Traits>::putback(std::basic_istream<_CharT, _Traits>::char_type)’:
/usr/include/c++/4.8/bits/istream.tcc:715:7: error: ‘_M_gcount’ was not declared in this scope
       _M_gcount = 0;
       ^
/usr/include/c++/4.8/bits/istream.tcc: In member function ‘std::basic_istream<_CharT, _Traits>& std::basic_istream<_CharT, _Traits>::unget()’:
/usr/include/c++/4.8/bits/istream.tcc:750:7: error: ‘_M_gcount’ was not declared in this scope
       _M_gcount = 0;
       ^
/usr/include/c++/4.8/bits/istream.tcc: In function ‘std::basic_istream<_CharT, _Traits>& std::operator>>(std::basic_istream<_CharT, _Traits>&, _CharT2*)’:
/usr/include/c++/4.8/bits/istream.tcc:963:7: error: ‘streamsize’ was not declared in this scope
       streamsize __extracted = 0;
       ^
/usr/include/c++/4.8/bits/istream.tcc:963:18: error: expected ‘;’ before ‘__extracted’
       streamsize __extracted = 0;
                  ^
/usr/include/c++/4.8/bits/istream.tcc:971:19: error: expected ‘;’ before ‘__num’
        streamsize __num = __in.width();
                   ^
/usr/include/c++/4.8/bits/istream.tcc:972:12: error: ‘__num’ was not declared in this scope
        if (__num <= 0)
            ^
/usr/include/c++/4.8/bits/istream.tcc:973:49: error: type/value mismatch at argument 1 in template parameter list for ‘template<class _Value> struct __gnu_cxx::__numeric_traits’
   __num = __gnu_cxx::__numeric_traits<streamsize>::__max;
                                                 ^
/usr/include/c++/4.8/bits/istream.tcc:973:49: error:   expected a type, got ‘streamsize’
/usr/include/c++/4.8/bits/istream.tcc:981:15: error: ‘__extracted’ was not declared in this scope
        while (__extracted < __num - 1
               ^
/usr/include/c++/4.8/bits/istream.tcc:981:29: error: ‘__num’ was not declared in this scope
        while (__extracted < __num - 1
                             ^
/usr/include/c++/4.8/bits/istream.tcc:1006:12: error: ‘__extracted’ was not declared in this scope
       if (!__extracted)
            ^
make: *** [src/10-5 MidTermReview.o] Error 1
15:05:49 **** Incremental Build of configuration Debug for project 9-14CharArrays ****
make all 
Building file: ../src/9-14CharArrays.cpp
Invoking: GCC C++ Compiler
g++ -O0 -g3 -Wall -c -fmessage-length=0 -MMD -MP -MF"src/9-14CharArrays.d" -MT"src/9-14CharArrays.o" -o "src/9-14CharArrays.o" "../src/9-14CharArrays.cpp"
../src/9-14CharArrays.cpp:12:20: warning: extra tokens at end of #include directive [enabled by default]
 #include <string.h>; //needed to work the strcmp function to compare arrays
                    ^
../src/9-14CharArrays.cpp: In function ‘int main()’:
../src/9-14CharArrays.cpp:51:28: error: ‘_strcmpi’ was not declared in this scope
  if (_strcmpi (Name1, Name2) < 0)  //  _strcmpi says treat upper and lower case letters the same
                            ^
make: *** [src/9-14CharArrays.o] Error 1
15:05:49 **** Incremental Build of configuration Debug for project 9-16TwoDemensionalArrays ****
make all 
make: Nothing to be done for `all'.
15:05:49 **** Incremental Build of configuration Debug for project 9-16WorkingWithC-Type_Strings ****
make all 
Building file: ../src/9-16WorkingWithC-Type_Strings.cpp
Invoking: GCC C++ Compiler
g++ -O0 -g3 -Wall -c -fmessage-length=0 -MMD -MP -MF"src/9-16WorkingWithC-Type_Strings.d" -MT"src/9-16WorkingWithC-Type_Strings.o" -o "src/9-16WorkingWithC-Type_Strings.o" "../src/9-16WorkingWithC-Type_Strings.cpp"
../src/9-16WorkingWithC-Type_Strings.cpp: In function ‘int main()’:
../src/9-16WorkingWithC-Type_Strings.cpp:25:25: error: expected primary-expression before ‘)’ token
  if (strcmp (Str2, Str3,) < 0)   // strcmp compares ASCII codes for the characters (ie. uppercase ABCD, comes before lowercase abcd)
                         ^
../src/9-16WorkingWithC-Type_Strings.cpp:30:26: error: expected primary-expression before ‘)’ token
  if (strcmpi (Str3, Str4,) < 0) // strcmpi compares the case(upper or lower in visual studio
                          ^
../src/9-16WorkingWithC-Type_Strings.cpp:30:26: error: ‘strcmpi’ was not declared in this scope
../src/9-16WorkingWithC-Type_Strings.cpp:44:24: error: too many arguments to function ‘char* strcpy(char*, const char*)’
   strcpy (Str2, Str4, 3); // copies the characters from Str2 into Str1 and copies them, then copies three characters
                        ^
In file included from ../src/9-16WorkingWithC-Type_Strings.cpp:11:0:
/usr/include/string.h:129:14: note: declared here
 extern char *strcpy (char *__restrict __dest, const char *__restrict __src)
              ^
../src/9-16WorkingWithC-Type_Strings.cpp:18:7: warning: unused variable ‘Str5’ [-Wunused-variable]
  char Str5 [31] = "MILLIE";
       ^
make: *** [src/9-16WorkingWithC-Type_Strings.o] Error 1
15:05:50 **** Incremental Build of configuration Debug for project 9-28 Functions and Parameters ****
make all 
make: Nothing to be done for `all'.
15:05:50 **** Incremental Build of configuration Debug for project 9-30FunctionswithVariables ****
make all 
make: Nothing to be done for `all'.
15:05:50 **** Clean-only build of configuration Debug for project AirProject ****
make clean 
rm -rf  ./src/(11-09)\ AirProject.o ./src/Commands.o ./src/Planes.o ./src/ReadInt.o ./src/ReadString.o  ./src/(11-09)\ AirProject.d ./src/Commands.d ./src/Planes.d ./src/ReadInt.d ./src/ReadString.d  AirProject
/bin/sh: 1: Syntax error: "(" unexpected
make: [clean] Error 2 (ignored)
 

**** Build of configuration Debug for project AirProject ****

Nothing to build for project AirProject
15:05:50 **** Incremental Build of configuration Debug for project Calculator ****
make all 
Building file: ../src/Calculator.cpp
Invoking: GCC C++ Compiler
g++ -O0 -g3 -Wall -c -fmessage-length=0 -MMD -MP -MF"src/Calculator.d" -MT"src/Calculator.o" -o "src/Calculator.o" "../src/Calculator.cpp"
../src/Calculator.cpp: In function ‘int main()’:
../src/Calculator.cpp:51:9: error: expected ‘while’ before ‘(’ token
  switch (Op)    // YOU COULD CREATE A SWITCH HERE INSTEAD OF MULTIPLE IF STATEMENTS
         ^
../src/Calculator.cpp:52:3: error: expected ‘;’ before ‘{’ token
   {
   ^
../src/Calculator.cpp:53:2: error: case label ‘'x'’ not within a switch statement
  case 'x':
  ^
../src/Calculator.cpp:54:2: error: case label ‘'X'’ not within a switch statement
  case 'X': // if operator is 'x'- for end,
  ^
../src/Calculator.cpp:57:3: error: expected primary-expression before ‘}’ token
   }
   ^
../src/Calculator.cpp:57:3: error: expected ‘;’ before ‘}’ token
../src/Calculator.cpp:16:7: warning: unused variable ‘Num1’ [-Wunused-variable]
  int  Num1;
       ^
../src/Calculator.cpp:17:7: warning: unused variable ‘Num2’ [-Wunused-variable]
  int  Num2;
       ^
make: *** [src/Calculator.o] Error 1
15:05:51 **** Incremental Build of configuration Debug for project Choices ****
make all 
Building file: ../src/Choices.cpp
Invoking: GCC C++ Compiler
g++ -O0 -g3 -Wall -c -fmessage-length=0 -MMD -MP -MF"src/Choices.d" -MT"src/Choices.o" -o "src/Choices.o" "../src/Choices.cpp"
../src/Choices.cpp: In function ‘int main()’:
../src/Choices.cpp:64:4: warning: suggest explicit braces to avoid ambiguous ‘else’ [-Wparentheses]
 if (L1 < L2)
    ^
../src/Choices.cpp:71:1: error: ‘else’ without a previous ‘if’
 else
 ^
make: *** [src/Choices.o] Error 1
15:05:51 **** Incremental Build of configuration Debug for project ClassNotes ****
make all 
Building file: ../src/Class Notes.cpp
Invoking: GCC C++ Compiler
g++ -O0 -g3 -Wall -c -fmessage-length=0 -MMD -MP -MF"src/Class Notes.d" -MT"src/Class\ Notes.d" -o "src/Class Notes.o" "../src/Class Notes.cpp"
../src/Class Notes.cpp: In function ‘int main()’:
../src/Class Notes.cpp:21:7: error: expected unqualified-id before ‘<<’ token
   int << "L1 is now " << L1 << return 0;
       ^
../src/Class Notes.cpp:26:2: error: ‘count’ was not declared in this scope
  count << "L1 is now" << L1 << endl;
  ^
../src/Class Notes.cpp:30:2: error: ‘L3’ was not declared in this scope
  L3 = 5 * (L2 += 5) -2;
  ^
../src/Class Notes.cpp:56:18: warning: operation on ‘L1’ may be undefined [-Wsequence-point]
  L1 = L1++ + ++L1;
                  ^
../src/Class Notes.cpp:56:18: warning: operation on ‘L1’ may be undefined [-Wsequence-point]
../src/Class Notes.cpp:70:1: error: expected ‘}’ at end of input
 }
 ^
make: *** [src/Class Notes.o] Error 1
15:05:52 **** Incremental Build of configuration Debug for project Craps ****
make all 
make: Nothing to be done for `all'.
15:05:52 **** Incremental Build of configuration Debug for project CrapsNotes ****
make all 
make: Nothing to be done for `all'.
15:05:52 **** Incremental Build of configuration Debug for project Cryptology ****
make all 
make: Nothing to be done for `all'.
15:05:53 **** Incremental Build of configuration Debug for project FunctionCalculator ****
make all 
make: Nothing to be done for `all'.
15:05:53 **** Incremental Build of configuration Debug for project GoLifeNotes ****
make all 
Building file: ../src/GoLifeNotes.cpp
Invoking: GCC C++ Compiler
g++ -O0 -g3 -Wall -c -fmessage-length=0 -MMD -MP -MF"src/GoLifeNotes.d" -MT"src/GoLifeNotes.o" -o "src/GoLifeNotes.o" "../src/GoLifeNotes.cpp"
../src/GoLifeNotes.cpp: In function ‘int main()’:
../src/GoLifeNotes.cpp:23:16: warning: unused variable ‘WaitTime’ [-Wunused-variable]
  const time_t  WaitTime (2); //sets time a 2 seconds
                ^
../src/GoLifeNotes.cpp:28:8: warning: unused variable ‘Whiletest’ [-Wunused-variable]
   int  Whiletest;
        ^
../src/GoLifeNotes.cpp:31:11: warning: unused variable ‘CurrTime’ [-Wunused-variable]
   time_t  CurrTime; //shortcut way of writing unsigned long
           ^
../src/GoLifeNotes.cpp: At global scope:
../src/GoLifeNotes.cpp:87:1: error: expected unqualified-id before ‘for’
 for(int r=0; r<ROWS; r++)
 ^
../src/GoLifeNotes.cpp:87:14: error: ‘r’ does not name a type
 for(int r=0; r<ROWS; r++)
              ^
../src/GoLifeNotes.cpp:87:22: error: ‘r’ does not name a type
 for(int r=0; r<ROWS; r++)
                      ^
../src/GoLifeNotes.cpp:102:1: error: expected unqualified-id before ‘for’
 for(int r = 0; r < ROWS; r++)
 ^
../src/GoLifeNotes.cpp:102:16: error: ‘r’ does not name a type
 for(int r = 0; r < ROWS; r++)
                ^
../src/GoLifeNotes.cpp:102:26: error: ‘r’ does not name a type
 for(int r = 0; r < ROWS; r++)
                          ^
../src/GoLifeNotes.cpp:110:1: error: expected unqualified-id before ‘for’
 for(int k = 0; k < 10; k++)
 ^
../src/GoLifeNotes.cpp:110:16: error: ‘k’ does not name a type
 for(int k = 0; k < 10; k++)
                ^
../src/GoLifeNotes.cpp:110:24: error: ‘k’ does not name a type
 for(int k = 0; k < 10; k++)
                        ^
../src/GoLifeNotes.cpp:184:1: error: expected declaration before ‘}’ token
 }
 ^
make: *** [src/GoLifeNotes.o] Error 1
15:05:54 **** Incremental Build of configuration Debug for project GofLife ****
make all 
make: Nothing to be done for `all'.
15:05:54 **** Incremental Build of configuration Debug for project Lab03GenericDataArray ****
make all 
make: Nothing to be done for `all'.
15:05:54 **** Incremental Build of configuration Debug for project Lab04NameClass ****
make all 
make: Nothing to be done for `all'.
15:05:54 **** Incremental Build of configuration Debug for project Lab05inheritance ****
make all 
make: Nothing to be done for `all'.
15:05:55 **** Incremental Build of configuration Debug for project Lab11 ****
make all 
make: Nothing to be done for `all'.
15:05:55 **** Incremental Build of configuration Debug for project Lab12 ****
make all 
make: Nothing to be done for `all'.
15:05:55 **** Incremental Build of configuration Debug for project Lab12DynNameSort ****
make all 
make: Nothing to be done for `all'.

**** Build of configuration Debug for project Lab2 ****

Nothing to build for project Lab2
15:05:55 **** Incremental Build of configuration Debug for project Lab5Calculator ****
make all 
make: Nothing to be done for `all'.
15:05:56 **** Incremental Build of configuration Debug for project LabOneClasses ****
make all 
make: Nothing to be done for `all'.
15:05:56 **** Incremental Build of configuration Debug for project LoopForSums ****
make all 
make: Nothing to be done for `all'.
15:05:56 **** Incremental Build of configuration Debug for project Loops ****
make all 
make: Nothing to be done for `all'.
15:05:56 **** Incremental Build of configuration Debug for project LowerCaseString02-29 ****
make all 
Building file: ../src/02-29LowerCaseString.cpp
Invoking: GCC C++ Compiler
g++ -I/home/mbd06b/eclipse/libraries -O0 -g3 -Wall -c -fmessage-length=0 -MMD -MP -MF"src/02-29LowerCaseString.d" -MT"src/02-29LowerCaseString.o" -o "src/02-29LowerCaseString.o" "../src/02-29LowerCaseString.cpp"
In file included from ../src/02-29LowerCaseString.cpp:10:0:
../src/LowerCaseString.h:12:24: fatal error: WCS_String.h: No such file or directory
 #include <WCS_String.h>
                        ^
compilation terminated.
make: *** [src/02-29LowerCaseString.o] Error 1
15:05:56 **** Incremental Build of configuration Debug for project Palindrome ****
make all 
make: Nothing to be done for `all'.
15:05:57 **** Incremental Build of configuration Debug for project Poker ****
make all 
make: Nothing to be done for `all'.
15:05:57 **** Incremental Build of configuration Debug for project Program4Solution ****
make all 
make: Nothing to be done for `all'.
15:05:57 **** Incremental Build of configuration Debug for project ProgramThree ****
make all 
make: Nothing to be done for `all'.
15:05:57 **** Incremental Build of configuration Debug for project ProgramTwo ****
make all 
make: Nothing to be done for `all'.
15:05:58 **** Incremental Build of configuration Debug for project SimpleFunction ****
make all 
make: Nothing to be done for `all'.
15:05:58 **** Incremental Build of configuration Debug for project SortLab ****
make all 
make: Nothing to be done for `all'.
15:05:58 **** Incremental Build of configuration Debug for project StudentRecords ****
make all 
make: Nothing to be done for `all'.
15:05:58 **** Incremental Build of configuration Debug for project Switch ****
make all 
make: Nothing to be done for `all'.
15:05:59 **** Incremental Build of configuration Debug for project Test ****
make all 
make: Nothing to be done for `all'.
15:05:59 **** Incremental Build of configuration Debug for project WhileTest ****
make all 
make: Nothing to be done for `all'.
15:18:56 **** Incremental Build of configuration Debug for project 01-25myStringConstructors ****
make all 
make: Nothing to be done for `all'.
15:18:57 **** Incremental Build of configuration Debug for project 02-03 IntArray ****
make all 
make: Nothing to be done for `all'.
15:18:57 **** Incremental Build of configuration Debug for project 03-21Static ****
make all 
make: Nothing to be done for `all'.
15:18:57 **** Incremental Build of configuration Debug for project 03-23ReadfromFile ****
make all 
make: Nothing to be done for `all'.
15:18:58 **** Incremental Build of configuration Default for project 03-28CommaDelimitedStrings ****
make all 
make: Nothing to be done for `all'.
15:18:58 **** Incremental Build of configuration Debug for project 03-30 IO Operations ****
make all 
make: Nothing to be done for `all'.
15:18:58 **** Incremental Build of configuration Debug for project 03-30Average ****
make all 
make: Nothing to be done for `all'.
15:18:58 **** Incremental Build of configuration Debug for project 03-30MainArguments ****
make all 
make: Nothing to be done for `all'.
15:18:59 **** Incremental Build of configuration Debug for project Lab03GenericDataArray ****
make all 
make: Nothing to be done for `all'.
15:18:59 **** Incremental Build of configuration Debug for project Lab04NameClass ****
make all 
make: Nothing to be done for `all'.
15:18:59 **** Incremental Build of configuration Debug for project Lab05inheritance ****
make all 
make: Nothing to be done for `all'.
15:19:00 **** Incremental Build of configuration Debug for project LabOneClasses ****
make all 
make: Nothing to be done for `all'.
15:19:00 **** Incremental Build of configuration Debug for project LowerCaseString02-29 ****
make all 
Building file: ../src/02-29LowerCaseString.cpp
Invoking: GCC C++ Compiler
g++ -I/home/mbd06b/eclipse/libraries -O0 -g3 -Wall -c -fmessage-length=0 -MMD -MP -MF"src/02-29LowerCaseString.d" -MT"src/02-29LowerCaseString.o" -o "src/02-29LowerCaseString.o" "../src/02-29LowerCaseString.cpp"
In file included from ../src/02-29LowerCaseString.cpp:10:0:
../src/LowerCaseString.h:12:24: fatal error: WCS_String.h: No such file or directory
 #include <WCS_String.h>
                        ^
compilation terminated.
make: *** [src/02-29LowerCaseString.o] Error 1
15:19:00 **** Incremental Build of configuration Debug for project StudentRecords ****
make all 
make: Nothing to be done for `all'.
15:19:00 **** Incremental Build of configuration Debug for project Test ****
make all 
make: Nothing to be done for `all'.
15:21:27 **** Incremental Build of configuration Debug for project 01-25myStringConstructors ****
make all 
make: Nothing to be done for `all'.
15:21:29 **** Incremental Build of configuration Debug for project 02-03 IntArray ****
make all 
make: Nothing to be done for `all'.
15:21:29 **** Incremental Build of configuration Debug for project 03-21Static ****
make all 
make: Nothing to be done for `all'.
15:21:29 **** Incremental Build of configuration Debug for project 03-23ReadfromFile ****
make all 
make: Nothing to be done for `all'.
15:21:30 **** Incremental Build of configuration Default for project 03-28CommaDelimitedStrings ****
make all 
make: Nothing to be done for `all'.
15:21:30 **** Incremental Build of configuration Debug for project 03-30 IO Operations ****
make all 
make: Nothing to be done for `all'.
15:21:30 **** Incremental Build of configuration Debug for project 03-30Average ****
make all 
make: Nothing to be done for `all'.
15:21:30 **** Incremental Build of configuration Debug for project 03-30MainArguments ****
make all 
make: Nothing to be done for `all'.
15:21:31 **** Incremental Build of configuration Debug for project Lab03GenericDataArray ****
make all 
make: Nothing to be done for `all'.
15:21:31 **** Incremental Build of configuration Debug for project Lab04NameClass ****
make all 
make: Nothing to be done for `all'.
15:21:31 **** Incremental Build of configuration Debug for project Lab05inheritance ****
make all 
make: Nothing to be done for `all'.
15:21:31 **** Incremental Build of configuration Debug for project LabOneClasses ****
make all 
make: Nothing to be done for `all'.
15:21:31 **** Incremental Build of configuration Debug for project LowerCaseString02-29 ****
make all 
Building file: ../src/02-29LowerCaseString.cpp
Invoking: GCC C++ Compiler
g++ -I/home/mbd06b/eclipse/libraries -O0 -g3 -Wall -c -fmessage-length=0 -MMD -MP -MF"src/02-29LowerCaseString.d" -MT"src/02-29LowerCaseString.o" -o "src/02-29LowerCaseString.o" "../src/02-29LowerCaseString.cpp"
In file included from ../src/02-29LowerCaseString.cpp:10:0:
../src/LowerCaseString.h:12:24: fatal error: WCS_String.h: No such file or directory
 #include <WCS_String.h>
                        ^
compilation terminated.
make: *** [src/02-29LowerCaseString.o] Error 1
15:21:32 **** Incremental Build of configuration Debug for project StudentRecords ****
make all 
make: Nothing to be done for `all'.
15:21:32 **** Incremental Build of configuration Debug for project Test ****
make all 
make: Nothing to be done for `all'.
